2026-04-04 18:00:20,680 [INFO] SKIP: File already converted. A8566DD2-CC35-4871-80A8-67CCB2B2763A.JPEG
2026-04-04 18:00:20,682 [INFO] SKIP: File already converted. 8DF6747D-3949-40B9-A208-629E9363ECF8.JPEG
2026-04-04 18:00:20,727 [WARNING] SKIP: Destination already exist. /photos/2025年/09月/HIZ_RYO_20250927-114059.jpg
2026-04-04 18:00:20,746 [INFO] SKIP: File already converted. IMG_1049.JPG
2026-04-04 18:00:20,747 [INFO] SKIP: File already converted. IMG_1890.JPG
2026-04-04 18:00:20,756 [WARNING] SKIP: Destination already exist. /photos/2025年/09月/HIZ_RYO_20250926-143409.jpg
2026-04-04 18:00:20,756 [INFO] SKIP: File already converted. 6D6D2D8A-A7BA-4117-B09E-61C777E50C2F.JPEG
2026-04-04 18:00:20,765 [WARNING] SKIP: Destination already exist. /photos/2025年/09月/HIZ_RYO_20250927-161545.jpg
2026-04-04 18:00:20,765 [INFO] SKIP: File already converted. 0BB7E5CF-66FC-4DE4-B1E2-6C81FD3D527E.JPEG
2026-04-04 18:00:20,766 [INFO] SKIP: File already converted. IMG_1052.JPG
2026-04-04 18:00:20,766 [INFO] SKIP: File already converted. IMG_1048.JPG
2026-04-04 18:00:20,767 [INFO] SKIP: File already converted. IMG_1051.JPG
2026-04-04 18:00:20,781 [WARNING] SKIP: Destination already exist. /photos/2025年/09月/HIZ_RYO_20250926-145845.jpg
2026-04-04 18:00:20,781 [INFO] SKIP: File already converted. IMG_1896.JPG
2026-04-04 18:00:20,782 [INFO] SKIP: File already converted. 4F4DF445-343B-45A4-B65B-48752DA44871.JPEG
2026-04-04 18:00:20,795 [INFO] SKIP: File already converted. IMG_1969.JPG
2026-04-04 18:00:20,804 [WARNING] SKIP: Destination already exist. /photos/2025年/09月/HIZ_RYO_20250927-161516.jpg
2026-04-04 18:00:20,816 [WARNING] SKIP: Destination already exist. /photos/2025年/09月/HIZ_RYO_20250927-112936.jpg
2026-04-04 18:00:20,818 [INFO] SKIP: File already converted. IMG_1891.JPG
2026-04-04 18:00:20,819 [INFO] SKIP: File already converted. B47CB188-C4C1-4BBE-9EE0-6E5DA3312B64.JPEG
2026-04-04 18:00:20,823 [WARNING] SKIP: Destination already exist. /photos/2025年/09月/HIZ_RYO_20250927-092959.jpg
2026-04-04 18:00:20,823 [INFO] SKIP: File already converted. f2881772943693309.ug-tmp
2026-04-04 18:00:20,823 [INFO] SKIP: File already converted. IMG_1053.JPG
2026-04-04 18:00:20,824 [INFO] SKIP: File already converted. f15241772944139225.ug-tmp
2026-04-04 18:00:20,825 [INFO] SKIP: File already converted. IMG_1897.JPG
2026-04-04 18:00:20,829 [WARNING] SKIP: Destination already exist. /photos/2025年/09月/HIZ_RYO_20250926-143133.jpg
2026-04-04 18:00:20,829 [INFO] SKIP: File already converted. IMG_1895.JPG
2026-04-04 18:00:20,830 [INFO] SKIP: File already converted. IMG_1892.JPG
2026-04-04 18:00:20,830 [INFO] SKIP: File already converted. IMG_1894.JPG
2026-04-04 18:00:20,833 [ERROR] Failed to process /raw/HIZ_SAT_20250927-113315.jpg: Exif not found in <bound method Controller.get_file_name of <image.Controller object at 0x7fc6f7712d10>>.
2026-04-04 18:00:20,834 [INFO] SKIP: File already converted. IMG_1968.JPG
2026-04-04 18:00:20,838 [WARNING] SKIP: Destination already exist. /photos/2026年/02月/HIZ_RYO_20260227-170809.jpg
2026-04-04 18:00:20,842 [WARNING] SKIP: Destination already exist. /photos/2025年/09月/HIZ_RYO_20250926-145712.jpg
2026-04-04 18:00:20,844 [ERROR] Failed to process /raw/HIZ_SAT_20250926-142755.jpg: Exif not found in <bound method Controller.get_file_name of <image.Controller object at 0x7fc6f7712d10>>.
2026-04-04 18:00:20,844 [INFO] SKIP: File already converted. IMG_1050.JPG
2026-04-04 18:00:20,844 [INFO] SKIP: File already converted. f15341772944139220.ug-tmp
2026-04-04 18:00:20,844 [INFO] SKIP: File already converted. IMG_1898.JPG
2026-04-04 18:00:20,845 [INFO] SKIP: File already converted. 6C0EB57C-0D15-4134-A6DF-8A0269C0E61B.JPEG
2026-04-04 18:00:20,845 [INFO] SKIP: File already converted. 1DDB074D-9A12-4381-999A-EE50AD6B98C6.JPEG
2026-04-04 18:00:20,845 [INFO] SKIP: File already converted. 07363B24-FE56-4231-9F61-94359B3EF6DD.JPEG
2026-04-04 18:00:20,848 [WARNING] SKIP: Destination already exist. /photos/2025年/09月/HIZ_RYO_20250926-143105.jpg
2026-04-04 18:00:20,851 [WARNING] SKIP: Destination already exist. /photos/2025年/09月/HIZ_RYO_20250927-092943.jpg
2026-04-04 18:00:20,851 [INFO] SKIP: File already converted. IMG_1893.JPG
