2026-02-28 18:00:21,232 [INFO] SUCCESS: PXL_20260203_111156184.jpg moved to /photos/2026年/02月/HIZ_RYO_20260203-201156.jpg
2026-02-28 18:00:21,247 [INFO] SUCCESS: PXL_20260217_120137799.PORTRAIT.jpg moved to /photos/2026年/02月/HIZ_RYO_20260217-210137.jpg
2026-02-28 18:00:21,257 [INFO] SUCCESS: PXL_20260210_052048243.jpg moved to /photos/2026年/02月/HIZ_RYO_20260210-142048.jpg
2026-02-28 18:00:21,264 [INFO] SUCCESS: PXL_20260219_033124357.jpg moved to /photos/2026年/02月/HIZ_RYO_20260219-123124.jpg
2026-02-28 18:00:21,271 [INFO] SUCCESS: PXL_20260204_091009747.jpg moved to /photos/2026年/02月/HIZ_RYO_20260204-181009.jpg
2026-02-28 18:00:21,278 [INFO] SUCCESS: PXL_20260222_111932868.jpg moved to /photos/2026年/02月/HIZ_RYO_20260222-201932.jpg
2026-02-28 18:00:21,283 [INFO] SUCCESS: PXL_20260224_075244547.jpg moved to /photos/2026年/02月/HIZ_RYO_20260224-165244.jpg
2026-02-28 18:00:21,288 [INFO] SUCCESS: PXL_20260222_032859825.jpg moved to /photos/2026年/02月/HIZ_RYO_20260222-122859.jpg
2026-02-28 18:00:21,314 [INFO] SUCCESS: PXL_20260130_043323770.jpg moved to /photos/2026年/01月/HIZ_RYO_20260130-133323.jpg
2026-02-28 18:00:21,341 [INFO] SUCCESS: PXL_20260130_072410865.jpg moved to /photos/2026年/01月/HIZ_RYO_20260130-162410.jpg
2026-02-28 18:00:21,351 [INFO] SUCCESS: PXL_20260222_032611565.jpg moved to /photos/2026年/02月/HIZ_RYO_20260222-122611.jpg
2026-02-28 18:00:21,359 [INFO] SUCCESS: PXL_20260223_052610600.jpg moved to /photos/2026年/02月/HIZ_RYO_20260223-142610.jpg
2026-02-28 18:00:21,366 [INFO] SUCCESS: PXL_20260224_070336872.jpg moved to /photos/2026年/02月/HIZ_RYO_20260224-160336.jpg
2026-02-28 18:00:21,374 [INFO] SUCCESS: PXL_20260217_115921237.jpg moved to /photos/2026年/02月/HIZ_RYO_20260217-205921.jpg
2026-02-28 18:00:21,381 [INFO] SUCCESS: PXL_20260222_032851534.jpg moved to /photos/2026年/02月/HIZ_RYO_20260222-122851.jpg
2026-02-28 18:00:21,388 [INFO] SUCCESS: PXL_20260221_064317477.jpg moved to /photos/2026年/02月/HIZ_RYO_20260221-154317.jpg
2026-02-28 18:00:21,394 [INFO] SUCCESS: PXL_20260131_051736684.jpg moved to /photos/2026年/01月/HIZ_RYO_20260131-141736.jpg
2026-02-28 18:00:21,398 [INFO] SUCCESS: PXL_20260223_052613392.jpg moved to /photos/2026年/02月/HIZ_RYO_20260223-142613.jpg
2026-02-28 18:00:21,404 [INFO] SUCCESS: PXL_20260217_115650754.jpg moved to /photos/2026年/02月/HIZ_RYO_20260217-205650.jpg
2026-02-28 18:00:21,410 [INFO] SUCCESS: PXL_20260130_043328943.jpg moved to /photos/2026年/01月/HIZ_RYO_20260130-133328.jpg
2026-02-28 18:00:31,481 [INFO] SUCCESS: PXL_20260217_112305249.mp4 moved to /photos/2026年/02月/HIZ_RYO_20260217-202350.mp4
2026-02-28 18:00:31,490 [INFO] SUCCESS: PXL_20260128_033208322.jpg moved to /photos/2026年/01月/HIZ_RYO_20260128-123208.jpg
2026-02-28 18:00:31,501 [INFO] SUCCESS: PXL_20260221_064327239.MP.jpg moved to /photos/2026年/02月/HIZ_RYO_20260221-154327.jpg
2026-02-28 18:00:31,508 [INFO] SUCCESS: PXL_20260216_014630530.jpg moved to /photos/2026年/02月/HIZ_RYO_20260216-104630.jpg
2026-02-28 18:00:31,513 [INFO] SUCCESS: PXL_20260224_081623913.jpg moved to /photos/2026年/02月/HIZ_RYO_20260224-171623.jpg
2026-02-28 18:00:31,646 [INFO] SUCCESS: PXL_20260127_091835773.jpg moved to /photos/2026年/01月/HIZ_RYO_20260127-181835.jpg
2026-02-28 18:00:31,659 [INFO] SUCCESS: PXL_20260208_054207282.jpg moved to /photos/2026年/02月/HIZ_RYO_20260208-144207.jpg
2026-02-28 18:00:31,667 [INFO] SUCCESS: PXL_20260209_033035257.jpg moved to /photos/2026年/02月/HIZ_RYO_20260209-123035.jpg
2026-02-28 18:00:31,676 [INFO] SUCCESS: PXL_20260216_013226103.jpg moved to /photos/2026年/02月/HIZ_RYO_20260216-103226.jpg
2026-02-28 18:00:31,682 [INFO] SUCCESS: PXL_20260224_075339312.jpg moved to /photos/2026年/02月/HIZ_RYO_20260224-165339.jpg
2026-02-28 18:00:31,693 [INFO] SUCCESS: PXL_20260217_120104439.PORTRAIT.jpg moved to /photos/2026年/02月/HIZ_RYO_20260217-210104.jpg
2026-02-28 18:00:31,698 [INFO] SUCCESS: PXL_20260210_023323101.jpg moved to /photos/2026年/02月/HIZ_RYO_20260210-113323.jpg
2026-02-28 18:00:31,704 [INFO] SUCCESS: PXL_20260224_033504595.jpg moved to /photos/2026年/02月/HIZ_RYO_20260224-123504.jpg
2026-02-28 18:00:31,712 [INFO] SUCCESS: PXL_20260131_051751104.jpg moved to /photos/2026年/01月/HIZ_RYO_20260131-141751.jpg
2026-02-28 18:00:31,718 [INFO] SUCCESS: PXL_20260216_012227953.jpg moved to /photos/2026年/02月/HIZ_RYO_20260216-102227.jpg
2026-02-28 18:00:31,724 [INFO] SUCCESS: PXL_20260130_114445685.jpg moved to /photos/2026年/01月/HIZ_RYO_20260130-204445.jpg
2026-02-28 18:00:31,730 [INFO] SUCCESS: PXL_20260213_005232735.PORTRAIT.jpg moved to /photos/2026年/02月/HIZ_RYO_20260213-095232.jpg
2026-02-28 18:00:31,736 [INFO] SUCCESS: PXL_20260201_030442068.jpg moved to /photos/2026年/02月/HIZ_RYO_20260201-120442.jpg
2026-02-28 18:00:31,742 [INFO] SUCCESS: PXL_20260204_090955000.jpg moved to /photos/2026年/02月/HIZ_RYO_20260204-180955.jpg
2026-02-28 18:00:31,749 [INFO] SUCCESS: PXL_20260224_033446750.jpg moved to /photos/2026年/02月/HIZ_RYO_20260224-123446.jpg
2026-02-28 18:00:31,754 [INFO] SUCCESS: PXL_20260222_094105591.jpg moved to /photos/2026年/02月/HIZ_RYO_20260222-184105.jpg
2026-02-28 18:00:37,902 [INFO] SUCCESS: PXL_20260222_065517566.LS.mp4 moved to /photos/2026年/02月/HIZ_RYO_20260222-155517.mp4
2026-02-28 18:00:37,906 [INFO] SUCCESS: PXL_20260223_052527563.jpg moved to /photos/2026年/02月/HIZ_RYO_20260223-142527.jpg
2026-02-28 18:00:37,913 [INFO] SUCCESS: PXL_20260213_005149618.PORTRAIT.jpg moved to /photos/2026年/02月/HIZ_RYO_20260213-095149.jpg
2026-02-28 18:00:37,918 [INFO] SUCCESS: PXL_20260206_040240425.jpg moved to /photos/2026年/02月/HIZ_RYO_20260206-130240.jpg
2026-02-28 18:00:37,922 [INFO] SUCCESS: PXL_20260222_111814002.jpg moved to /photos/2026年/02月/HIZ_RYO_20260222-201814.jpg
2026-02-28 18:00:38,003 [INFO] SUCCESS: PXL_20260127_090738469.jpg moved to /photos/2026年/01月/HIZ_RYO_20260127-180738.jpg
2026-02-28 18:00:38,016 [INFO] SUCCESS: PXL_20260208_063234559.jpg moved to /photos/2026年/02月/HIZ_RYO_20260208-153234.jpg
2026-02-28 18:00:38,258 [INFO] SUCCESS: PXL_20260127_052639038.MP.jpg moved to /photos/2026年/01月/HIZ_RYO_20260127-142639.jpg
2026-02-28 18:00:38,264 [INFO] SUCCESS: PXL_20260216_012210150.jpg moved to /photos/2026年/02月/HIZ_RYO_20260216-102210.jpg
2026-02-28 18:00:38,269 [INFO] SUCCESS: PXL_20260208_105538000.jpg moved to /photos/2026年/02月/HIZ_RYO_20260208-195538.jpg
2026-02-28 18:00:38,275 [INFO] SUCCESS: PXL_20260214_041133244.jpg moved to /photos/2026年/02月/HIZ_RYO_20260214-131133.jpg
2026-02-28 18:00:38,279 [INFO] SUCCESS: PXL_20260224_081627122.jpg moved to /photos/2026年/02月/HIZ_RYO_20260224-171627.jpg
2026-02-28 18:00:38,292 [INFO] SUCCESS: PXL_20260217_114142329.PORTRAIT.jpg moved to /photos/2026年/02月/HIZ_RYO_20260217-204142.jpg
2026-02-28 18:00:38,296 [INFO] SUCCESS: PXL_20260127_212319786.jpg moved to /photos/2026年/01月/HIZ_RYO_20260128-062319.jpg
2026-02-28 18:00:38,301 [INFO] SUCCESS: PXL_20260217_115615775.jpg moved to /photos/2026年/02月/HIZ_RYO_20260217-205615.jpg
2026-02-28 18:00:38,306 [INFO] SUCCESS: PXL_20260224_075341049.jpg moved to /photos/2026年/02月/HIZ_RYO_20260224-165341.jpg
2026-02-28 18:00:38,313 [INFO] SUCCESS: PXL_20260201_103609530.jpg moved to /photos/2026年/02月/HIZ_RYO_20260201-193609.jpg
2026-02-28 18:00:38,320 [INFO] SUCCESS: PXL_20260209_053432119.jpg moved to /photos/2026年/02月/HIZ_RYO_20260209-143432.jpg
2026-02-28 18:00:38,326 [INFO] SUCCESS: PXL_20260224_075233125.jpg moved to /photos/2026年/02月/HIZ_RYO_20260224-165233.jpg
2026-02-28 18:00:45,806 [INFO] SUCCESS: PXL_20260217_042106482.LS.mp4 moved to /photos/2026年/02月/HIZ_RYO_20260217-132106.mp4
2026-02-28 18:00:45,832 [INFO] SUCCESS: PXL_20260203_224157996.jpg moved to /photos/2026年/02月/HIZ_RYO_20260204-074157.jpg
2026-02-28 18:00:45,837 [INFO] SUCCESS: PXL_20260224_075246987.jpg moved to /photos/2026年/02月/HIZ_RYO_20260224-165246.jpg
2026-02-28 18:00:45,848 [INFO] SUCCESS: PXL_20260224_075217149.MP.jpg moved to /photos/2026年/02月/HIZ_RYO_20260224-165217.jpg
2026-02-28 18:00:45,850 [INFO] SUCCESS: PXL_20260219_033102580.jpg moved to /photos/2026年/02月/HIZ_RYO_20260219-123102.jpg
2026-02-28 18:00:45,857 [INFO] SUCCESS: PXL_20260205_023951132.jpg moved to /photos/2026年/02月/HIZ_RYO_20260205-113951.jpg
2026-02-28 18:00:45,861 [INFO] SUCCESS: PXL_20260224_075405250.jpg moved to /photos/2026年/02月/HIZ_RYO_20260224-165405.jpg
2026-02-28 18:00:45,866 [INFO] SUCCESS: PXL_20260222_061108153.jpg moved to /photos/2026年/02月/HIZ_RYO_20260222-151108.jpg
2026-02-28 18:00:45,873 [INFO] SUCCESS: PXL_20260217_115808707.PORTRAIT.jpg moved to /photos/2026年/02月/HIZ_RYO_20260217-205808.jpg
2026-02-28 18:00:45,880 [INFO] SUCCESS: PXL_20260217_115748650.PORTRAIT.jpg moved to /photos/2026年/02月/HIZ_RYO_20260217-205748.jpg
2026-02-28 18:00:45,888 [INFO] SUCCESS: PXL_20260217_120253579.MP.jpg moved to /photos/2026年/02月/HIZ_RYO_20260217-210253.jpg
2026-02-28 18:00:45,894 [INFO] SUCCESS: PXL_20260225_052100332.jpg moved to /photos/2026年/02月/HIZ_RYO_20260225-142100.jpg
2026-02-28 18:00:45,899 [INFO] SUCCESS: PXL_20260225_052119676.jpg moved to /photos/2026年/02月/HIZ_RYO_20260225-142119.jpg
2026-02-28 18:00:45,905 [INFO] SUCCESS: PXL_20260217_120206003.PORTRAIT.jpg moved to /photos/2026年/02月/HIZ_RYO_20260217-210206.jpg
2026-02-28 18:00:45,915 [INFO] SUCCESS: PXL_20260217_114149588.PORTRAIT.jpg moved to /photos/2026年/02月/HIZ_RYO_20260217-204149.jpg
2026-02-28 18:00:45,945 [INFO] SUCCESS: PXL_20260203_111148455.jpg moved to /photos/2026年/02月/HIZ_RYO_20260203-201148.jpg
2026-02-28 18:00:45,952 [INFO] SUCCESS: PXL_20260205_035224827.MP.jpg moved to /photos/2026年/02月/HIZ_RYO_20260205-125224.jpg
2026-02-28 18:00:49,067 [INFO] SUCCESS: PXL_20260131_131850190.LS.mp4 moved to /photos/2026年/01月/HIZ_RYO_20260131-221850.mp4
2026-02-28 18:00:51,081 [INFO] SUCCESS: PXL_20260127_124719590.NIGHT.jpg moved to /photos/2026年/01月/HIZ_RYO_20260127-214719.jpg
2026-02-28 18:00:51,088 [INFO] SUCCESS: PXL_20260217_120058199.PORTRAIT.jpg moved to /photos/2026年/02月/HIZ_RYO_20260217-210058.jpg
2026-02-28 18:00:51,093 [INFO] SUCCESS: PXL_20260217_115624404.jpg moved to /photos/2026年/02月/HIZ_RYO_20260217-205624.jpg
2026-02-28 18:00:51,097 [INFO] SUCCESS: PXL_20260223_052541017.jpg moved to /photos/2026年/02月/HIZ_RYO_20260223-142541.jpg
2026-02-28 18:00:55,710 [INFO] SUCCESS: PXL_20260208_054220620.LS.mp4 moved to /photos/2026年/02月/HIZ_RYO_20260208-144220.mp4
2026-02-28 18:00:55,716 [INFO] SUCCESS: PXL_20260216_014638942.jpg moved to /photos/2026年/02月/HIZ_RYO_20260216-104638.jpg
2026-02-28 18:00:55,751 [INFO] SUCCESS: PXL_20260127_052824903.jpg moved to /photos/2026年/01月/HIZ_RYO_20260127-142824.jpg
2026-02-28 18:00:55,759 [INFO] SUCCESS: PXL_20260224_021558079.jpg moved to /photos/2026年/02月/HIZ_RYO_20260224-111558.jpg
2026-02-28 18:00:55,771 [INFO] SUCCESS: PXL_20260217_115933785.MP.jpg moved to /photos/2026年/02月/HIZ_RYO_20260217-205933.jpg
2026-02-28 18:00:55,825 [INFO] SUCCESS: PXL_20260131_040754854.jpg moved to /photos/2026年/01月/HIZ_RYO_20260131-130754.jpg
2026-02-28 18:00:55,833 [INFO] SUCCESS: PXL_20260222_111934030.jpg moved to /photos/2026年/02月/HIZ_RYO_20260222-201934.jpg
2026-02-28 18:00:55,997 [INFO] SUCCESS: PXL_20260224_021606230.LS.mp4 moved to /photos/2026年/02月/HIZ_RYO_20260224-111606.mp4
2026-02-28 18:00:56,002 [INFO] SUCCESS: PXL_20260210_032535929.jpg moved to /photos/2026年/02月/HIZ_RYO_20260210-122535.jpg
2026-02-28 18:00:56,008 [INFO] SUCCESS: PXL_20260218_113814995.jpg moved to /photos/2026年/02月/HIZ_RYO_20260218-203814.jpg
2026-02-28 18:00:56,016 [INFO] SUCCESS: PXL_20260217_115805605.PORTRAIT.jpg moved to /photos/2026年/02月/HIZ_RYO_20260217-205805.jpg
2026-02-28 18:00:56,021 [INFO] SUCCESS: PXL_20260224_075304163.jpg moved to /photos/2026年/02月/HIZ_RYO_20260224-165304.jpg
2026-02-28 18:00:56,027 [INFO] SUCCESS: PXL_20260224_075218179.jpg moved to /photos/2026年/02月/HIZ_RYO_20260224-165218.jpg
2026-02-28 18:00:56,033 [INFO] SUCCESS: PXL_20260209_134206747.MP.jpg moved to /photos/2026年/02月/HIZ_RYO_20260209-224206.jpg
2026-02-28 18:00:56,035 [INFO] SUCCESS: PXL_20260212_160305279.NIGHT.jpg moved to /photos/2026年/02月/HIZ_RYO_20260213-010305.jpg
