2026-03-21 18:00:17,791 [ERROR] Failed to process /raw/IMG_0083.HEIC: name 'os' is not defined
2026-03-21 18:00:17,791 [ERROR] Failed to process /raw/IMG_1589.MOV: name 'os' is not defined
2026-03-21 18:00:17,791 [ERROR] Failed to process /raw/IMG_2169.HEIC: name 'os' is not defined
2026-03-21 18:00:17,791 [ERROR] Failed to process /raw/IMG_0264.HEIC: name 'os' is not defined
2026-03-21 18:00:17,791 [ERROR] Failed to process /raw/IMG_2109.HEIC: name 'os' is not defined
2026-03-21 18:00:17,791 [ERROR] Failed to process /raw/IMG_0099.HEIC: name 'os' is not defined
2026-03-21 18:00:17,791 [ERROR] Failed to process /raw/IMG_2103.HEIC: name 'os' is not defined
2026-03-21 18:00:17,791 [ERROR] Failed to process /raw/IMG_1904.HEIC: name 'os' is not defined
2026-03-21 18:00:17,792 [ERROR] Failed to process /raw/IMG_0894.HEIC: name 'os' is not defined
2026-03-21 18:00:17,792 [ERROR] Failed to process /raw/IMG_1875.HEIC: name 'os' is not defined
2026-03-21 18:00:17,792 [ERROR] Failed to process /raw/IMG_1871.HEIC: name 'os' is not defined
2026-03-21 18:00:17,792 [ERROR] Failed to process /raw/IMG_0710.HEIC: name 'os' is not defined
2026-03-21 18:00:17,792 [ERROR] Failed to process /raw/IMG_2017.HEIC: name 'os' is not defined
2026-03-21 18:00:17,792 [ERROR] Failed to process /raw/IMG_0317.HEIC: name 'os' is not defined
2026-03-21 18:00:17,792 [ERROR] Failed to process /raw/IMG_0148.HEIC: name 'os' is not defined
2026-03-21 18:00:17,792 [ERROR] Failed to process /raw/IMG_0258.HEIC: name 'os' is not defined
2026-03-21 18:00:17,792 [ERROR] Failed to process /raw/IMG_1816.HEIC: name 'os' is not defined
2026-03-21 18:00:17,792 [ERROR] Failed to process /raw/IMG_2260.HEIC: name 'os' is not defined
2026-03-21 18:00:17,792 [ERROR] Failed to process /raw/IMG_0630.HEIC: name 'os' is not defined
2026-03-21 18:00:17,792 [ERROR] Failed to process /raw/IMG_2241.HEIC: name 'os' is not defined
2026-03-21 18:00:17,792 [ERROR] Failed to process /raw/IMG_1601.HEIC: name 'os' is not defined
2026-03-21 18:00:17,792 [ERROR] Failed to process /raw/IMG_2079.HEIC: name 'os' is not defined
2026-03-21 18:00:17,792 [ERROR] Failed to process /raw/IMG_2177.MOV: name 'os' is not defined
2026-03-21 18:00:17,792 [ERROR] Failed to process /raw/A8566DD2-CC35-4871-80A8-67CCB2B2763A.JPEG: name 'os' is not defined
2026-03-21 18:00:17,792 [ERROR] Failed to process /raw/IMG_0255.HEIC: name 'os' is not defined
2026-03-21 18:00:17,793 [ERROR] Failed to process /raw/IMG_0329.HEIC: name 'os' is not defined
2026-03-21 18:00:17,793 [ERROR] Failed to process /raw/PXL_20250927_071516498.JPEG: name 'os' is not defined
2026-03-21 18:00:17,793 [ERROR] Failed to process /raw/IMG_0030.MOV: name 'os' is not defined
2026-03-21 18:00:17,793 [ERROR] Failed to process /raw/IMG_1826.HEIC: name 'os' is not defined
2026-03-21 18:00:17,793 [ERROR] Failed to process /raw/IMG_2064.HEIC: name 'os' is not defined
2026-03-21 18:00:17,793 [ERROR] Failed to process /raw/IMG_2018.MOV: name 'os' is not defined
2026-03-21 18:00:17,793 [ERROR] Failed to process /raw/IMG_0032.MOV: name 'os' is not defined
2026-03-21 18:00:17,793 [ERROR] Failed to process /raw/IMG_1940.HEIC: name 'os' is not defined
2026-03-21 18:00:17,793 [ERROR] Failed to process /raw/IMG_0277.HEIC: name 'os' is not defined
2026-03-21 18:00:17,793 [ERROR] Failed to process /raw/IMG_1152.HEIC: name 'os' is not defined
2026-03-21 18:00:17,793 [ERROR] Failed to process /raw/IMG_0149.HEIC: name 'os' is not defined
2026-03-21 18:00:17,793 [ERROR] Failed to process /raw/IMG_0161.HEIC: name 'os' is not defined
2026-03-21 18:00:17,793 [ERROR] Failed to process /raw/IMG_0903.HEIC: name 'os' is not defined
2026-03-21 18:00:17,793 [ERROR] Failed to process /raw/IMG_1226.HEIC: name 'os' is not defined
2026-03-21 18:00:17,793 [ERROR] Failed to process /raw/IMG_1010.HEIC: name 'os' is not defined
2026-03-21 18:00:17,793 [ERROR] Failed to process /raw/IMG_0764.HEIC: name 'os' is not defined
2026-03-21 18:00:17,793 [ERROR] Failed to process /raw/IMG_1980.HEIC: name 'os' is not defined
2026-03-21 18:00:17,793 [ERROR] Failed to process /raw/IMG_0316.HEIC: name 'os' is not defined
2026-03-21 18:00:17,794 [ERROR] Failed to process /raw/IMG_1286.HEIC: name 'os' is not defined
2026-03-21 18:00:17,794 [ERROR] Failed to process /raw/IMG_1263.HEIC: name 'os' is not defined
2026-03-21 18:00:17,794 [ERROR] Failed to process /raw/IMG_0257.HEIC: name 'os' is not defined
2026-03-21 18:00:17,794 [ERROR] Failed to process /raw/IMG_0124.HEIC: name 'os' is not defined
2026-03-21 18:00:17,794 [ERROR] Failed to process /raw/IMG_1957.HEIC: name 'os' is not defined
2026-03-21 18:00:17,794 [ERROR] Failed to process /raw/IMG_1748.HEIC: name 'os' is not defined
2026-03-21 18:00:17,794 [ERROR] Failed to process /raw/IMG_1746.HEIC: name 'os' is not defined
2026-03-21 18:00:17,794 [ERROR] Failed to process /raw/IMG_2035.MOV: name 'os' is not defined
2026-03-21 18:00:17,794 [ERROR] Failed to process /raw/IMG_1961.HEIC: name 'os' is not defined
2026-03-21 18:00:17,794 [ERROR] Failed to process /raw/IMG_1827.HEIC: name 'os' is not defined
2026-03-21 18:00:17,794 [ERROR] Failed to process /raw/IMG_2209.MOV: name 'os' is not defined
2026-03-21 18:00:17,794 [ERROR] Failed to process /raw/IMG_0692.HEIC: name 'os' is not defined
2026-03-21 18:00:17,794 [ERROR] Failed to process /raw/IMG_2189.HEIC: name 'os' is not defined
2026-03-21 18:00:17,794 [ERROR] Failed to process /raw/IMG_1255.HEIC: name 'os' is not defined
2026-03-21 18:00:17,794 [ERROR] Failed to process /raw/IMG_2072.MOV: name 'os' is not defined
2026-03-21 18:00:17,794 [ERROR] Failed to process /raw/IMG_2160.HEIC: name 'os' is not defined
2026-03-21 18:00:17,794 [ERROR] Failed to process /raw/IMG_0712.HEIC: name 'os' is not defined
2026-03-21 18:00:17,794 [ERROR] Failed to process /raw/IMG_1541.HEIC: name 'os' is not defined
2026-03-21 18:00:17,795 [ERROR] Failed to process /raw/IMG_1011.HEIC: name 'os' is not defined
2026-03-21 18:00:17,795 [ERROR] Failed to process /raw/IMG_0680.HEIC: name 'os' is not defined
2026-03-21 18:00:17,795 [ERROR] Failed to process /raw/IMG_1015.HEIC: name 'os' is not defined
2026-03-21 18:00:17,795 [ERROR] Failed to process /raw/IMG_1925.MOV: name 'os' is not defined
2026-03-21 18:00:17,795 [ERROR] Failed to process /raw/IMG_0626.HEIC: name 'os' is not defined
2026-03-21 18:00:17,795 [ERROR] Failed to process /raw/IMG_1899.HEIC: name 'os' is not defined
2026-03-21 18:00:17,795 [ERROR] Failed to process /raw/IMG_0164.HEIC: name 'os' is not defined
2026-03-21 18:00:17,795 [ERROR] Failed to process /raw/IMG_0236.HEIC: name 'os' is not defined
2026-03-21 18:00:17,795 [ERROR] Failed to process /raw/IMG_0743.HEIC: name 'os' is not defined
2026-03-21 18:00:17,795 [ERROR] Failed to process /raw/IMG_1525.HEIC: name 'os' is not defined
2026-03-21 18:00:17,795 [ERROR] Failed to process /raw/IMG_2026.MOV: name 'os' is not defined
2026-03-21 18:00:17,795 [ERROR] Failed to process /raw/IMG_1144.HEIC: name 'os' is not defined
2026-03-21 18:00:17,795 [ERROR] Failed to process /raw/IMG_0928.HEIC: name 'os' is not defined
2026-03-21 18:00:17,795 [ERROR] Failed to process /raw/IMG_2256.MOV: name 'os' is not defined
2026-03-21 18:00:17,795 [ERROR] Failed to process /raw/IMG_0235.HEIC: name 'os' is not defined
2026-03-21 18:00:17,795 [ERROR] Failed to process /raw/IMG_0165.HEIC: name 'os' is not defined
2026-03-21 18:00:17,795 [ERROR] Failed to process /raw/IMG_1153.HEIC: name 'os' is not defined
2026-03-21 18:00:17,795 [ERROR] Failed to process /raw/IMG_0256.HEIC: name 'os' is not defined
2026-03-21 18:00:17,796 [ERROR] Failed to process /raw/IMG_1769.HEIC: name 'os' is not defined
2026-03-21 18:00:17,796 [ERROR] Failed to process /raw/IMG_1511.HEIC: name 'os' is not defined
2026-03-21 18:00:17,796 [ERROR] Failed to process /raw/IMG_0295.MOV: name 'os' is not defined
2026-03-21 18:00:17,796 [ERROR] Failed to process /raw/IMG_2268.HEIC: name 'os' is not defined
2026-03-21 18:00:17,796 [ERROR] Failed to process /raw/IMG_1953.HEIC: name 'os' is not defined
2026-03-21 18:00:17,796 [ERROR] Failed to process /raw/IMG_0722.HEIC: name 'os' is not defined
2026-03-21 18:00:17,796 [ERROR] Failed to process /raw/IMG_0636.HEIC: name 'os' is not defined
2026-03-21 18:00:17,796 [ERROR] Failed to process /raw/IMG_0745.HEIC: name 'os' is not defined
2026-03-21 18:00:17,796 [ERROR] Failed to process /raw/IMG_2023.HEIC: name 'os' is not defined
2026-03-21 18:00:17,796 [ERROR] Failed to process /raw/IMG_2176.HEIC: name 'os' is not defined
2026-03-21 18:00:17,796 [ERROR] Failed to process /raw/IMG_0026.MOV: name 'os' is not defined
2026-03-21 18:00:17,796 [ERROR] Failed to process /raw/IMG_1951.HEIC: name 'os' is not defined
2026-03-21 18:00:17,796 [ERROR] Failed to process /raw/IMG_1919.HEIC: name 'os' is not defined
2026-03-21 18:00:17,796 [ERROR] Failed to process /raw/IMG_2006.MOV: name 'os' is not defined
2026-03-21 18:00:17,796 [ERROR] Failed to process /raw/IMG_0322.HEIC: name 'os' is not defined
2026-03-21 18:00:17,796 [ERROR] Failed to process /raw/IMG_1236.HEIC: name 'os' is not defined
2026-03-21 18:00:17,796 [ERROR] Failed to process /raw/8DF6747D-3949-40B9-A208-629E9363ECF8.JPEG: name 'os' is not defined
2026-03-21 18:00:17,796 [ERROR] Failed to process /raw/IMG_0723.HEIC: name 'os' is not defined
2026-03-21 18:00:17,796 [ERROR] Failed to process /raw/IMG_0154.HEIC: name 'os' is not defined
2026-03-21 18:00:17,797 [ERROR] Failed to process /raw/IMG_1926.HEIC: name 'os' is not defined
2026-03-21 18:00:17,797 [ERROR] Failed to process /raw/IMG_1876.HEIC: name 'os' is not defined
2026-03-21 18:00:17,797 [ERROR] Failed to process /raw/IMG_2055.HEIC: name 'os' is not defined
2026-03-21 18:00:17,797 [ERROR] Failed to process /raw/PXL_20260308_011228136.jpg: name 'os' is not defined
2026-03-21 18:00:17,797 [ERROR] Failed to process /raw/IMG_1825.HEIC: name 'os' is not defined
2026-03-21 18:00:17,797 [ERROR] Failed to process /raw/IMG_1823.HEIC: name 'os' is not defined
2026-03-21 18:00:17,797 [ERROR] Failed to process /raw/IMG_0438.HEIC: name 'os' is not defined
2026-03-21 18:00:17,797 [ERROR] Failed to process /raw/IMG_2042.MOV: name 'os' is not defined
2026-03-21 18:00:17,797 [ERROR] Failed to process /raw/IMG_0266.HEIC: name 'os' is not defined
2026-03-21 18:00:17,797 [ERROR] Failed to process /raw/IMG_1049.JPG: name 'os' is not defined
2026-03-21 18:00:17,797 [ERROR] Failed to process /raw/IMG_2153.HEIC: name 'os' is not defined
2026-03-21 18:00:17,797 [ERROR] Failed to process /raw/IMG_2246.HEIC: name 'os' is not defined
2026-03-21 18:00:17,797 [ERROR] Failed to process /raw/IMG_0311.HEIC: name 'os' is not defined
2026-03-21 18:00:17,797 [ERROR] Failed to process /raw/IMG_2004.HEIC: name 'os' is not defined
2026-03-21 18:00:17,797 [ERROR] Failed to process /raw/IMG_1890.JPG: name 'os' is not defined
2026-03-21 18:00:17,797 [ERROR] Failed to process /raw/IMG_1289.HEIC: name 'os' is not defined
2026-03-21 18:00:17,797 [ERROR] Failed to process /raw/IMG_1948.MOV: name 'os' is not defined
2026-03-21 18:00:17,797 [ERROR] Failed to process /raw/IMG_1829.HEIC: name 'os' is not defined
2026-03-21 18:00:17,798 [ERROR] Failed to process /raw/IMG_2210.HEIC: name 'os' is not defined
2026-03-21 18:00:17,798 [ERROR] Failed to process /raw/PXL_20260307_054230391.MP.jpg: name 'os' is not defined
2026-03-21 18:00:17,798 [ERROR] Failed to process /raw/IMG_0766.HEIC: name 'os' is not defined
2026-03-21 18:00:17,798 [ERROR] Failed to process /raw/IMG_1518.HEIC: name 'os' is not defined
2026-03-21 18:00:17,798 [ERROR] Failed to process /raw/IMG_1771.MOV: name 'os' is not defined
2026-03-21 18:00:17,798 [ERROR] Failed to process /raw/IMG_1154.HEIC: name 'os' is not defined
2026-03-21 18:00:17,798 [ERROR] Failed to process /raw/IMG_2202.HEIC: name 'os' is not defined
2026-03-21 18:00:17,798 [ERROR] Failed to process /raw/IMG_0224.HEIC: name 'os' is not defined
2026-03-21 18:00:17,798 [ERROR] Failed to process /raw/IMG_0754.HEIC: name 'os' is not defined
2026-03-21 18:00:17,798 [ERROR] Failed to process /raw/IMG_0763.HEIC: name 'os' is not defined
2026-03-21 18:00:17,798 [ERROR] Failed to process /raw/IMG_0102.HEIC: name 'os' is not defined
2026-03-21 18:00:17,798 [ERROR] Failed to process /raw/IMG_0661.HEIC: name 'os' is not defined
2026-03-21 18:00:17,798 [ERROR] Failed to process /raw/IMG_0172.MOV: name 'os' is not defined
2026-03-21 18:00:17,798 [ERROR] Failed to process /raw/PXL_20260301_111818651.jpg: name 'os' is not defined
2026-03-21 18:00:17,798 [ERROR] Failed to process /raw/6D6D2D8A-A7BA-4117-B09E-61C777E50C2F.JPEG: name 'os' is not defined
2026-03-21 18:00:17,798 [ERROR] Failed to process /raw/IMG_2191.HEIC: name 'os' is not defined
2026-03-21 18:00:17,798 [ERROR] Failed to process /raw/IMG_1535.HEIC: name 'os' is not defined
2026-03-21 18:00:17,798 [ERROR] Failed to process /raw/IMG_2196.MOV: name 'os' is not defined
2026-03-21 18:00:17,799 [ERROR] Failed to process /raw/IMG_1934.HEIC: name 'os' is not defined
2026-03-21 18:00:17,799 [ERROR] Failed to process /raw/IMG_0189.HEIC: name 'os' is not defined
2026-03-21 18:00:17,799 [ERROR] Failed to process /raw/IMG_0273.HEIC: name 'os' is not defined
2026-03-21 18:00:17,799 [ERROR] Failed to process /raw/IMG_1234.HEIC: name 'os' is not defined
2026-03-21 18:00:17,799 [ERROR] Failed to process /raw/IMG_1276.HEIC: name 'os' is not defined
2026-03-21 18:00:17,799 [ERROR] Failed to process /raw/IMG_1691.HEIC: name 'os' is not defined
2026-03-21 18:00:17,799 [ERROR] Failed to process /raw/IMG_1770.HEIC: name 'os' is not defined
2026-03-21 18:00:17,799 [ERROR] Failed to process /raw/IMG_0632.HEIC: name 'os' is not defined
2026-03-21 18:00:17,799 [ERROR] Failed to process /raw/PXL_20260304_111401042.LS.mp4: name 'os' is not defined
2026-03-21 18:00:17,799 [ERROR] Failed to process /raw/IMG_1929.MOV: name 'os' is not defined
2026-03-21 18:00:17,799 [ERROR] Failed to process /raw/IMG_1978.HEIC: name 'os' is not defined
2026-03-21 18:00:17,799 [ERROR] Failed to process /raw/IMG_0704.HEIC: name 'os' is not defined
2026-03-21 18:00:17,799 [ERROR] Failed to process /raw/PXL_20250927_002959581.JPEG: name 'os' is not defined
2026-03-21 18:00:17,799 [ERROR] Failed to process /raw/IMG_1913.HEIC: name 'os' is not defined
2026-03-21 18:00:17,799 [ERROR] Failed to process /raw/IMG_1776.HEIC: name 'os' is not defined
2026-03-21 18:00:17,799 [ERROR] Failed to process /raw/IMG_1274.HEIC: name 'os' is not defined
2026-03-21 18:00:17,799 [ERROR] Failed to process /raw/IMG_0682.HEIC: name 'os' is not defined
2026-03-21 18:00:17,799 [ERROR] Failed to process /raw/IMG_1977.HEIC: name 'os' is not defined
2026-03-21 18:00:17,799 [ERROR] Failed to process /raw/IMG_0771.HEIC: name 'os' is not defined
2026-03-21 18:00:17,800 [ERROR] Failed to process /raw/PXL_20260307_043146401.jpg: name 'os' is not defined
2026-03-21 18:00:17,800 [ERROR] Failed to process /raw/IMG_0225.HEIC: name 'os' is not defined
2026-03-21 18:00:17,800 [ERROR] Failed to process /raw/IMG_2078.HEIC: name 'os' is not defined
2026-03-21 18:00:17,800 [ERROR] Failed to process /raw/IMG_1291.HEIC: name 'os' is not defined
2026-03-21 18:00:17,800 [ERROR] Failed to process /raw/IMG_0194.HEIC: name 'os' is not defined
2026-03-21 18:00:17,800 [ERROR] Failed to process /raw/IMG_0107.HEIC: name 'os' is not defined
2026-03-21 18:00:17,800 [ERROR] Failed to process /raw/IMG_1979.HEIC: name 'os' is not defined
2026-03-21 18:00:17,800 [ERROR] Failed to process /raw/IMG_1984.HEIC: name 'os' is not defined
2026-03-21 18:00:17,800 [ERROR] Failed to process /raw/IMG_1013.HEIC: name 'os' is not defined
2026-03-21 18:00:17,800 [ERROR] Failed to process /raw/IMG_0265.HEIC: name 'os' is not defined
2026-03-21 18:00:17,800 [ERROR] Failed to process /raw/IMG_0261.HEIC: name 'os' is not defined
2026-03-21 18:00:17,800 [ERROR] Failed to process /raw/PXL_20260227_080714837.jpg: name 'os' is not defined
2026-03-21 18:00:17,800 [ERROR] Failed to process /raw/IMG_0639.HEIC: name 'os' is not defined
2026-03-21 18:00:17,800 [ERROR] Failed to process /raw/IMG_0744.HEIC: name 'os' is not defined
2026-03-21 18:00:17,800 [ERROR] Failed to process /raw/IMG_0999.HEIC: name 'os' is not defined
2026-03-21 18:00:17,800 [ERROR] Failed to process /raw/IMG_0147.HEIC: name 'os' is not defined
2026-03-21 18:00:17,800 [ERROR] Failed to process /raw/IMG_0157.HEIC: name 'os' is not defined
2026-03-21 18:00:17,800 [ERROR] Failed to process /raw/IMG_0024.MOV: name 'os' is not defined
2026-03-21 18:00:17,801 [ERROR] Failed to process /raw/IMG_1270.HEIC: name 'os' is not defined
2026-03-21 18:00:17,801 [ERROR] Failed to process /raw/IMG_1963.HEIC: name 'os' is not defined
2026-03-21 18:00:17,801 [ERROR] Failed to process /raw/IMG_0688.HEIC: name 'os' is not defined
2026-03-21 18:00:17,801 [ERROR] Failed to process /raw/IMG_1232.HEIC: name 'os' is not defined
2026-03-21 18:00:17,801 [ERROR] Failed to process /raw/IMG_1954.HEIC: name 'os' is not defined
2026-03-21 18:00:17,801 [ERROR] Failed to process /raw/IMG_0103.HEIC: name 'os' is not defined
2026-03-21 18:00:17,801 [ERROR] Failed to process /raw/IMG_0094.HEIC: name 'os' is not defined
2026-03-21 18:00:17,801 [ERROR] Failed to process /raw/IMG_0213.HEIC: name 'os' is not defined
2026-03-21 18:00:17,801 [ERROR] Failed to process /raw/PXL_20260227_000754975.jpg: name 'os' is not defined
2026-03-21 18:00:17,801 [ERROR] Failed to process /raw/IMG_2194.HEIC: name 'os' is not defined
2026-03-21 18:00:17,801 [ERROR] Failed to process /raw/IMG_0625.HEIC: name 'os' is not defined
2026-03-21 18:00:17,801 [ERROR] Failed to process /raw/IMG_1588.HEIC: name 'os' is not defined
2026-03-21 18:00:17,801 [ERROR] Failed to process /raw/IMG_0297.HEIC: name 'os' is not defined
2026-03-21 18:00:17,801 [ERROR] Failed to process /raw/IMG_0897.HEIC: name 'os' is not defined
2026-03-21 18:00:17,801 [ERROR] Failed to process /raw/IMG_1767.HEIC: name 'os' is not defined
2026-03-21 18:00:17,801 [ERROR] Failed to process /raw/IMG_1141.HEIC: name 'os' is not defined
2026-03-21 18:00:17,801 [ERROR] Failed to process /raw/IMG_0644.HEIC: name 'os' is not defined
2026-03-21 18:00:17,801 [ERROR] Failed to process /raw/IMG_0029.MOV: name 'os' is not defined
2026-03-21 18:00:17,801 [ERROR] Failed to process /raw/IMG_2069.HEIC: name 'os' is not defined
2026-03-21 18:00:17,802 [ERROR] Failed to process /raw/IMG_0778.HEIC: name 'os' is not defined
2026-03-21 18:00:17,802 [ERROR] Failed to process /raw/IMG_0334.HEIC: name 'os' is not defined
2026-03-21 18:00:17,802 [ERROR] Failed to process /raw/IMG_0246.MOV: name 'os' is not defined
2026-03-21 18:00:17,802 [ERROR] Failed to process /raw/IMG_2008.HEIC: name 'os' is not defined
2026-03-21 18:00:17,802 [ERROR] Failed to process /raw/0BB7E5CF-66FC-4DE4-B1E2-6C81FD3D527E.JPEG: name 'os' is not defined
2026-03-21 18:00:17,802 [ERROR] Failed to process /raw/IMG_1515.HEIC: name 'os' is not defined
2026-03-21 18:00:17,802 [ERROR] Failed to process /raw/IMG_0289.HEIC: name 'os' is not defined
2026-03-21 18:00:17,802 [ERROR] Failed to process /raw/IMG_0025.MOV: name 'os' is not defined
2026-03-21 18:00:17,802 [ERROR] Failed to process /raw/IMG_2244.HEIC: name 'os' is not defined
2026-03-21 18:00:17,802 [ERROR] Failed to process /raw/IMG_0227.HEIC: name 'os' is not defined
2026-03-21 18:00:17,802 [ERROR] Failed to process /raw/IMG_1052.JPG: name 'os' is not defined
2026-03-21 18:00:17,802 [ERROR] Failed to process /raw/IMG_0287.HEIC: name 'os' is not defined
2026-03-21 18:00:17,802 [ERROR] Failed to process /raw/IMG_0238.HEIC: name 'os' is not defined
2026-03-21 18:00:17,802 [ERROR] Failed to process /raw/IMG_2232.HEIC: name 'os' is not defined
2026-03-21 18:00:17,802 [ERROR] Failed to process /raw/IMG_1861.HEIC: name 'os' is not defined
2026-03-21 18:00:17,802 [ERROR] Failed to process /raw/IMG_0253.HEIC: name 'os' is not defined
2026-03-21 18:00:17,802 [ERROR] Failed to process /raw/IMG_1900.MOV: name 'os' is not defined
2026-03-21 18:00:17,802 [ERROR] Failed to process /raw/IMG_2001.HEIC: name 'os' is not defined
2026-03-21 18:00:17,803 [ERROR] Failed to process /raw/IMG_2211.HEIC: name 'os' is not defined
2026-03-21 18:00:17,803 [ERROR] Failed to process /raw/IMG_0249.HEIC: name 'os' is not defined
2026-03-21 18:00:17,803 [ERROR] Failed to process /raw/IMG_1122.HEIC: name 'os' is not defined
2026-03-21 18:00:17,803 [ERROR] Failed to process /raw/IMG_0643.HEIC: name 'os' is not defined
2026-03-21 18:00:17,803 [ERROR] Failed to process /raw/IMG_0756.HEIC: name 'os' is not defined
2026-03-21 18:00:17,803 [ERROR] Failed to process /raw/IMG_2045.MOV: name 'os' is not defined
2026-03-21 18:00:17,803 [ERROR] Failed to process /raw/IMG_0278.HEIC: name 'os' is not defined
2026-03-21 18:00:17,803 [ERROR] Failed to process /raw/IMG_1983.HEIC: name 'os' is not defined
2026-03-21 18:00:17,803 [ERROR] Failed to process /raw/IMG_1279.HEIC: name 'os' is not defined
2026-03-21 18:00:17,803 [ERROR] Failed to process /raw/IMG_1048.JPG: name 'os' is not defined
2026-03-21 18:00:17,803 [ERROR] Failed to process /raw/IMG_0724.HEIC: name 'os' is not defined
2026-03-21 18:00:17,803 [ERROR] Failed to process /raw/IMG_2073.HEIC: name 'os' is not defined
2026-03-21 18:00:17,803 [ERROR] Failed to process /raw/IMG_1051.JPG: name 'os' is not defined
2026-03-21 18:00:17,803 [ERROR] Failed to process /raw/IMG_0736.HEIC: name 'os' is not defined
2026-03-21 18:00:17,803 [ERROR] Failed to process /raw/IMG_1148.HEIC: name 'os' is not defined
2026-03-21 18:00:17,803 [ERROR] Failed to process /raw/IMG_2059.MOV: name 'os' is not defined
2026-03-21 18:00:17,803 [ERROR] Failed to process /raw/IMG_0272.HEIC: name 'os' is not defined
2026-03-21 18:00:17,803 [ERROR] Failed to process /raw/IMG_1854.HEIC: name 'os' is not defined
2026-03-21 18:00:17,804 [ERROR] Failed to process /raw/IMG_0331.HEIC: name 'os' is not defined
2026-03-21 18:00:17,804 [ERROR] Failed to process /raw/IMG_0255 2.HEIC: name 'os' is not defined
2026-03-21 18:00:17,804 [ERROR] Failed to process /raw/IMG_2235.HEIC: name 'os' is not defined
2026-03-21 18:00:17,804 [ERROR] Failed to process /raw/IMG_0937.HEIC: name 'os' is not defined
2026-03-21 18:00:17,804 [ERROR] Failed to process /raw/IMG_0250.HEIC: name 'os' is not defined
2026-03-21 18:00:17,804 [ERROR] Failed to process /raw/IMG_0932.HEIC: name 'os' is not defined
2026-03-21 18:00:17,804 [ERROR] Failed to process /raw/IMG_2141.HEIC: name 'os' is not defined
2026-03-21 18:00:17,804 [ERROR] Failed to process /raw/IMG_0748.HEIC: name 'os' is not defined
2026-03-21 18:00:17,804 [ERROR] Failed to process /raw/IMG_1140.HEIC: name 'os' is not defined
2026-03-21 18:00:17,804 [ERROR] Failed to process /raw/IMG_0871.HEIC: name 'os' is not defined
2026-03-21 18:00:17,804 [ERROR] Failed to process /raw/IMG_0169.HEIC: name 'os' is not defined
2026-03-21 18:00:17,804 [ERROR] Failed to process /raw/IMG_0291.HEIC: name 'os' is not defined
2026-03-21 18:00:17,804 [ERROR] Failed to process /raw/IMG_0220.MOV: name 'os' is not defined
2026-03-21 18:00:17,804 [ERROR] Failed to process /raw/IMG_0186.HEIC: name 'os' is not defined
2026-03-21 18:00:17,804 [ERROR] Failed to process /raw/IMG_1982.HEIC: name 'os' is not defined
2026-03-21 18:00:17,804 [ERROR] Failed to process /raw/IMG_0134.HEIC: name 'os' is not defined
2026-03-21 18:00:17,804 [ERROR] Failed to process /raw/IMG_0728.HEIC: name 'os' is not defined
2026-03-21 18:00:17,804 [ERROR] Failed to process /raw/IMG_1505.HEIC: name 'os' is not defined
2026-03-21 18:00:17,804 [ERROR] Failed to process /raw/IMG_2127.HEIC: name 'os' is not defined
2026-03-21 18:00:17,805 [ERROR] Failed to process /raw/IMG_2168.HEIC: name 'os' is not defined
2026-03-21 18:00:17,805 [ERROR] Failed to process /raw/IMG_2261.HEIC: name 'os' is not defined
2026-03-21 18:00:17,805 [ERROR] Failed to process /raw/IMG_2135.HEIC: name 'os' is not defined
2026-03-21 18:00:17,805 [ERROR] Failed to process /raw/IMG_0691.HEIC: name 'os' is not defined
2026-03-21 18:00:17,805 [ERROR] Failed to process /raw/IMG_0732.HEIC: name 'os' is not defined
2026-03-21 18:00:17,805 [ERROR] Failed to process /raw/IMG_1987.HEIC: name 'os' is not defined
2026-03-21 18:00:17,805 [ERROR] Failed to process /raw/IMG_1139.HEIC: name 'os' is not defined
2026-03-21 18:00:17,805 [ERROR] Failed to process /raw/IMG_1150.HEIC: name 'os' is not defined
2026-03-21 18:00:17,805 [ERROR] Failed to process /raw/IMG_0314.HEIC: name 'os' is not defined
2026-03-21 18:00:17,805 [ERROR] Failed to process /raw/IMG_2024.HEIC: name 'os' is not defined
2026-03-21 18:00:17,805 [ERROR] Failed to process /raw/IMG_1231.HEIC: name 'os' is not defined
2026-03-21 18:00:17,805 [ERROR] Failed to process /raw/PXL_20260304_111509361.LS.mp4: name 'os' is not defined
2026-03-21 18:00:17,805 [ERROR] Failed to process /raw/IMG_0752.HEIC: name 'os' is not defined
2026-03-21 18:00:17,805 [ERROR] Failed to process /raw/IMG_0188.HEIC: name 'os' is not defined
2026-03-21 18:00:17,805 [ERROR] Failed to process /raw/IMG_2147.HEIC: name 'os' is not defined
2026-03-21 18:00:17,805 [ERROR] Failed to process /raw/IMG_0279.HEIC: name 'os' is not defined
2026-03-21 18:00:17,805 [ERROR] Failed to process /raw/IMG_0798.HEIC: name 'os' is not defined
2026-03-21 18:00:17,805 [ERROR] Failed to process /raw/IMG_0906.HEIC: name 'os' is not defined
2026-03-21 18:00:17,806 [ERROR] Failed to process /raw/IMG_1880.HEIC: name 'os' is not defined
2026-03-21 18:00:17,806 [ERROR] Failed to process /raw/IMG_2074.HEIC: name 'os' is not defined
2026-03-21 18:00:17,806 [ERROR] Failed to process /raw/PXL_20260227_034400694.MP.jpg: name 'os' is not defined
2026-03-21 18:00:17,806 [ERROR] Failed to process /raw/IMG_0608.HEIC: name 'os' is not defined
2026-03-21 18:00:17,806 [ERROR] Failed to process /raw/IMG_1271.HEIC: name 'os' is not defined
2026-03-21 18:00:17,806 [ERROR] Failed to process /raw/IMG_2243.HEIC: name 'os' is not defined
2026-03-21 18:00:17,806 [ERROR] Failed to process /raw/IMG_0217.HEIC: name 'os' is not defined
2026-03-21 18:00:17,806 [ERROR] Failed to process /raw/IMG_0689.HEIC: name 'os' is not defined
2026-03-21 18:00:17,806 [ERROR] Failed to process /raw/IMG_1659.HEIC: name 'os' is not defined
2026-03-21 18:00:17,806 [ERROR] Failed to process /raw/IMG_0326.HEIC: name 'os' is not defined
2026-03-21 18:00:17,806 [ERROR] Failed to process /raw/IMG_1143.HEIC: name 'os' is not defined
2026-03-21 18:00:17,806 [ERROR] Failed to process /raw/IMG_0611.HEIC: name 'os' is not defined
2026-03-21 18:00:17,806 [ERROR] Failed to process /raw/IMG_1266.HEIC: name 'os' is not defined
2026-03-21 18:00:17,806 [ERROR] Failed to process /raw/IMG_0943.HEIC: name 'os' is not defined
2026-03-21 18:00:17,806 [ERROR] Failed to process /raw/IMG_0239.HEIC: name 'os' is not defined
2026-03-21 18:00:17,806 [ERROR] Failed to process /raw/IMG_1540.HEIC: name 'os' is not defined
2026-03-21 18:00:17,806 [ERROR] Failed to process /raw/IMG_2120.HEIC: name 'os' is not defined
2026-03-21 18:00:17,806 [ERROR] Failed to process /raw/IMG_2082.HEIC: name 'os' is not defined
2026-03-21 18:00:17,807 [ERROR] Failed to process /raw/IMG_1896.JPG: name 'os' is not defined
2026-03-21 18:00:17,807 [ERROR] Failed to process /raw/IMG_0233.HEIC: name 'os' is not defined
2026-03-21 18:00:17,807 [ERROR] Failed to process /raw/IMG_0715.HEIC: name 'os' is not defined
2026-03-21 18:00:17,807 [ERROR] Failed to process /raw/IMG_1145.HEIC: name 'os' is not defined
2026-03-21 18:00:17,807 [ERROR] Failed to process /raw/IMG_0243.HEIC: name 'os' is not defined
2026-03-21 18:00:17,807 [ERROR] Failed to process /raw/IMG_1830.HEIC: name 'os' is not defined
2026-03-21 18:00:17,807 [ERROR] Failed to process /raw/IMG_0645.HEIC: name 'os' is not defined
2026-03-21 18:00:17,807 [ERROR] Failed to process /raw/IMG_1600.HEIC: name 'os' is not defined
2026-03-21 18:00:17,807 [ERROR] Failed to process /raw/IMG_2028.HEIC: name 'os' is not defined
2026-03-21 18:00:17,807 [ERROR] Failed to process /raw/IMG_2016.HEIC: name 'os' is not defined
2026-03-21 18:00:17,807 [ERROR] Failed to process /raw/IMG_0741.HEIC: name 'os' is not defined
2026-03-21 18:00:17,807 [ERROR] Failed to process /raw/IMG_2142.HEIC: name 'os' is not defined
2026-03-21 18:00:17,807 [ERROR] Failed to process /raw/IMG_2200.HEIC: name 'os' is not defined
2026-03-21 18:00:17,807 [ERROR] Failed to process /raw/IMG_1988.HEIC: name 'os' is not defined
2026-03-21 18:00:17,807 [ERROR] Failed to process /raw/4F4DF445-343B-45A4-B65B-48752DA44871.JPEG: name 'os' is not defined
2026-03-21 18:00:17,807 [ERROR] Failed to process /raw/IMG_1571.HEIC: name 'os' is not defined
2026-03-21 18:00:17,807 [ERROR] Failed to process /raw/IMG_1860.MOV: name 'os' is not defined
2026-03-21 18:00:17,807 [ERROR] Failed to process /raw/IMG_2245.HEIC: name 'os' is not defined
2026-03-21 18:00:17,807 [ERROR] Failed to process /raw/IMG_0162.HEIC: name 'os' is not defined
2026-03-21 18:00:17,808 [ERROR] Failed to process /raw/IMG_1284.HEIC: name 'os' is not defined
2026-03-21 18:00:17,808 [ERROR] Failed to process /raw/IMG_0183.HEIC: name 'os' is not defined
2026-03-21 18:00:17,808 [ERROR] Failed to process /raw/IMG_0788.HEIC: name 'os' is not defined
2026-03-21 18:00:17,808 [ERROR] Failed to process /raw/IMG_2149.HEIC: name 'os' is not defined
2026-03-21 18:00:17,808 [ERROR] Failed to process /raw/IMG_1693.HEIC: name 'os' is not defined
2026-03-21 18:00:17,808 [ERROR] Failed to process /raw/IMG_2086.HEIC: name 'os' is not defined
2026-03-21 18:00:17,808 [ERROR] Failed to process /raw/IMG_0751.HEIC: name 'os' is not defined
2026-03-21 18:00:17,808 [ERROR] Failed to process /raw/IMG_0210.HEIC: name 'os' is not defined
2026-03-21 18:00:17,808 [ERROR] Failed to process /raw/IMG_1889.HEIC: name 'os' is not defined
2026-03-21 18:00:17,808 [ERROR] Failed to process /raw/IMG_0137.HEIC: name 'os' is not defined
2026-03-21 18:00:17,808 [ERROR] Failed to process /raw/IMG_0268.HEIC: name 'os' is not defined
2026-03-21 18:00:17,808 [ERROR] Failed to process /raw/IMG_0749.HEIC: name 'os' is not defined
2026-03-21 18:00:17,808 [ERROR] Failed to process /raw/IMG_2077.HEIC: name 'os' is not defined
2026-03-21 18:00:17,808 [ERROR] Failed to process /raw/IMG_1256.HEIC: name 'os' is not defined
2026-03-21 18:00:17,808 [ERROR] Failed to process /raw/IMG_0455.HEIC: name 'os' is not defined
2026-03-21 18:00:17,808 [ERROR] Failed to process /raw/IMG_0248.HEIC: name 'os' is not defined
2026-03-21 18:00:17,808 [ERROR] Failed to process /raw/IMG_0755.HEIC: name 'os' is not defined
2026-03-21 18:00:17,808 [ERROR] Failed to process /raw/IMG_2009.HEIC: name 'os' is not defined
2026-03-21 18:00:17,809 [ERROR] Failed to process /raw/IMG_2066.MOV: name 'os' is not defined
2026-03-21 18:00:17,809 [ERROR] Failed to process /raw/IMG_0302.HEIC: name 'os' is not defined
2026-03-21 18:00:17,809 [ERROR] Failed to process /raw/IMG_1554.HEIC: name 'os' is not defined
2026-03-21 18:00:17,809 [ERROR] Failed to process /raw/PXL_20260308_011318538.jpg: name 'os' is not defined
2026-03-21 18:00:17,809 [ERROR] Failed to process /raw/IMG_1841.HEIC: name 'os' is not defined
2026-03-21 18:00:17,809 [ERROR] Failed to process /raw/PXL_20260226_061523149.jpg: name 'os' is not defined
2026-03-21 18:00:17,809 [ERROR] Failed to process /raw/IMG_2002.HEIC: name 'os' is not defined
2026-03-21 18:00:17,809 [ERROR] Failed to process /raw/IMG_2022.MOV: name 'os' is not defined
2026-03-21 18:00:17,809 [ERROR] Failed to process /raw/PXL_20250926_053409074.JPEG: name 'os' is not defined
2026-03-21 18:00:17,809 [ERROR] Failed to process /raw/IMG_1285.HEIC: name 'os' is not defined
2026-03-21 18:00:17,809 [ERROR] Failed to process /raw/IMG_1514.HEIC: name 'os' is not defined
2026-03-21 18:00:17,809 [ERROR] Failed to process /raw/IMG_1539.HEIC: name 'os' is not defined
2026-03-21 18:00:17,809 [ERROR] Failed to process /raw/IMG_2193.HEIC: name 'os' is not defined
2026-03-21 18:00:17,809 [ERROR] Failed to process /raw/IMG_0200.HEIC: name 'os' is not defined
2026-03-21 18:00:17,809 [ERROR] Failed to process /raw/PXL_20260227_034357835.MP.jpg: name 'os' is not defined
2026-03-21 18:00:17,809 [ERROR] Failed to process /raw/IMG_2206.MOV: name 'os' is not defined
2026-03-21 18:00:17,809 [ERROR] Failed to process /raw/IMG_1911.HEIC: name 'os' is not defined
2026-03-21 18:00:17,809 [ERROR] Failed to process /raw/IMG_2011.MOV: name 'os' is not defined
2026-03-21 18:00:17,810 [ERROR] Failed to process /raw/IMG_0610.HEIC: name 'os' is not defined
2026-03-21 18:00:17,810 [ERROR] Failed to process /raw/IMG_1253.HEIC: name 'os' is not defined
2026-03-21 18:00:17,810 [ERROR] Failed to process /raw/IMG_1803.MOV: name 'os' is not defined
2026-03-21 18:00:17,810 [ERROR] Failed to process /raw/IMG_0298.HEIC: name 'os' is not defined
2026-03-21 18:00:17,810 [ERROR] Failed to process /raw/IMG_0219.HEIC: name 'os' is not defined
2026-03-21 18:00:17,810 [ERROR] Failed to process /raw/IMG_1252.HEIC: name 'os' is not defined
2026-03-21 18:00:17,810 [ERROR] Failed to process /raw/IMG_1248.HEIC: name 'os' is not defined
2026-03-21 18:00:17,810 [ERROR] Failed to process /raw/IMG_0206.HEIC: name 'os' is not defined
2026-03-21 18:00:17,810 [ERROR] Failed to process /raw/IMG_0671.HEIC: name 'os' is not defined
2026-03-21 18:00:17,810 [ERROR] Failed to process /raw/IMG_0251.HEIC: name 'os' is not defined
2026-03-21 18:00:17,810 [ERROR] Failed to process /raw/IMG_0136.HEIC: name 'os' is not defined
2026-03-21 18:00:17,810 [ERROR] Failed to process /raw/PXL_20250927_002943836.JPEG: name 'os' is not defined
2026-03-21 18:00:17,810 [ERROR] Failed to process /raw/IMG_1272.HEIC: name 'os' is not defined
2026-03-21 18:00:17,810 [ERROR] Failed to process /raw/IMG_0177.HEIC: name 'os' is not defined
2026-03-21 18:00:17,810 [ERROR] Failed to process /raw/IMG_1822.MOV: name 'os' is not defined
2026-03-21 18:00:17,810 [ERROR] Failed to process /raw/IMG_2080.HEIC: name 'os' is not defined
2026-03-21 18:00:17,810 [ERROR] Failed to process /raw/IMG_0731.HEIC: name 'os' is not defined
2026-03-21 18:00:17,810 [ERROR] Failed to process /raw/IMG_2060.MOV: name 'os' is not defined
2026-03-21 18:00:17,811 [ERROR] Failed to process /raw/IMG_1810.MOV: name 'os' is not defined
2026-03-21 18:00:17,811 [ERROR] Failed to process /raw/IMG_2053.HEIC: name 'os' is not defined
2026-03-21 18:00:17,811 [ERROR] Failed to process /raw/IMG_1281.HEIC: name 'os' is not defined
2026-03-21 18:00:17,811 [ERROR] Failed to process /raw/IMG_2167.HEIC: name 'os' is not defined
2026-03-21 18:00:17,811 [ERROR] Failed to process /raw/IMG_1278.HEIC: name 'os' is not defined
2026-03-21 18:00:17,811 [ERROR] Failed to process /raw/IMG_0301.HEIC: name 'os' is not defined
2026-03-21 18:00:17,811 [ERROR] Failed to process /raw/IMG_0794.HEIC: name 'os' is not defined
2026-03-21 18:00:17,811 [ERROR] Failed to process /raw/IMG_2067.HEIC: name 'os' is not defined
2026-03-21 18:00:17,811 [ERROR] Failed to process /raw/IMG_2050.HEIC: name 'os' is not defined
2026-03-21 18:00:17,811 [ERROR] Failed to process /raw/IMG_1045.HEIC: name 'os' is not defined
2026-03-21 18:00:17,811 [ERROR] Failed to process /raw/IMG_1155.HEIC: name 'os' is not defined
2026-03-21 18:00:17,811 [ERROR] Failed to process /raw/IMG_0324.HEIC: name 'os' is not defined
2026-03-21 18:00:17,811 [ERROR] Failed to process /raw/IMG_2062.HEIC: name 'os' is not defined
2026-03-21 18:00:17,811 [ERROR] Failed to process /raw/IMG_1972.HEIC: name 'os' is not defined
2026-03-21 18:00:17,811 [ERROR] Failed to process /raw/IMG_1964.MOV: name 'os' is not defined
2026-03-21 18:00:17,811 [ERROR] Failed to process /raw/IMG_1986.HEIC: name 'os' is not defined
2026-03-21 18:00:17,811 [ERROR] Failed to process /raw/IMG_1765.HEIC: name 'os' is not defined
2026-03-21 18:00:17,811 [ERROR] Failed to process /raw/IMG_1868.HEIC: name 'os' is not defined
2026-03-21 18:00:17,812 [ERROR] Failed to process /raw/IMG_1018.HEIC: name 'os' is not defined
2026-03-21 18:00:17,812 [ERROR] Failed to process /raw/IMG_2190.HEIC: name 'os' is not defined
2026-03-21 18:00:17,812 [ERROR] Failed to process /raw/IMG_0081.HEIC: name 'os' is not defined
2026-03-21 18:00:17,812 [ERROR] Failed to process /raw/IMG_1955.HEIC: name 'os' is not defined
2026-03-21 18:00:17,812 [ERROR] Failed to process /raw/IMG_1971.HEIC: name 'os' is not defined
2026-03-21 18:00:17,812 [ERROR] Failed to process /raw/IMG_0677.HEIC: name 'os' is not defined
2026-03-21 18:00:17,812 [ERROR] Failed to process /raw/PXL_20260227_035550959.jpg: name 'os' is not defined
2026-03-21 18:00:17,812 [ERROR] Failed to process /raw/IMG_1991.HEIC: name 'os' is not defined
2026-03-21 18:00:17,812 [ERROR] Failed to process /raw/IMG_1930.HEIC: name 'os' is not defined
2026-03-21 18:00:17,812 [ERROR] Failed to process /raw/IMG_0720.HEIC: name 'os' is not defined
2026-03-21 18:00:17,812 [ERROR] Failed to process /raw/IMG_1690.HEIC: name 'os' is not defined
2026-03-21 18:00:17,812 [ERROR] Failed to process /raw/IMG_2237.HEIC: name 'os' is not defined
2026-03-21 18:00:17,812 [ERROR] Failed to process /raw/IMG_0612.HEIC: name 'os' is not defined
2026-03-21 18:00:17,812 [ERROR] Failed to process /raw/IMG_2083.HEIC: name 'os' is not defined
2026-03-21 18:00:17,812 [ERROR] Failed to process /raw/PXL_20260307_043143786.jpg: name 'os' is not defined
2026-03-21 18:00:17,812 [ERROR] Failed to process /raw/IMG_0215.HEIC: name 'os' is not defined
2026-03-21 18:00:17,812 [ERROR] Failed to process /raw/IMG_2262.MOV: name 'os' is not defined
2026-03-21 18:00:17,812 [ERROR] Failed to process /raw/IMG_1873.HEIC: name 'os' is not defined
2026-03-21 18:00:17,812 [ERROR] Failed to process /raw/IMG_0247.HEIC: name 'os' is not defined
2026-03-21 18:00:17,813 [ERROR] Failed to process /raw/IMG_2178.HEIC: name 'os' is not defined
2026-03-21 18:00:17,813 [ERROR] Failed to process /raw/IMG_1923.MOV: name 'os' is not defined
2026-03-21 18:00:17,813 [ERROR] Failed to process /raw/IMG_0260.MOV: name 'os' is not defined
2026-03-21 18:00:17,813 [ERROR] Failed to process /raw/IMG_1962.HEIC: name 'os' is not defined
2026-03-21 18:00:17,813 [ERROR] Failed to process /raw/IMG_2214.HEIC: name 'os' is not defined
2026-03-21 18:00:17,813 [ERROR] Failed to process /raw/IMG_1853.HEIC: name 'os' is not defined
2026-03-21 18:00:17,813 [ERROR] Failed to process /raw/IMG_1985.HEIC: name 'os' is not defined
2026-03-21 18:00:17,813 [ERROR] Failed to process /raw/IMG_1257.HEIC: name 'os' is not defined
2026-03-21 18:00:17,813 [ERROR] Failed to process /raw/IMG_1692.HEIC: name 'os' is not defined
2026-03-21 18:00:17,813 [ERROR] Failed to process /raw/IMG_1959.MOV: name 'os' is not defined
2026-03-21 18:00:17,813 [ERROR] Failed to process /raw/IMG_1142.HEIC: name 'os' is not defined
2026-03-21 18:00:17,813 [ERROR] Failed to process /raw/IMG_0742.HEIC: name 'os' is not defined
2026-03-21 18:00:17,813 [ERROR] Failed to process /raw/IMG_0909.HEIC: name 'os' is not defined
2026-03-21 18:00:17,813 [ERROR] Failed to process /raw/IMG_1969.JPG: name 'os' is not defined
2026-03-21 18:00:17,813 [ERROR] Failed to process /raw/IMG_2197.HEIC: name 'os' is not defined
2026-03-21 18:00:17,813 [ERROR] Failed to process /raw/IMG_1843.HEIC: name 'os' is not defined
2026-03-21 18:00:17,813 [ERROR] Failed to process /raw/IMG_2265.HEIC: name 'os' is not defined
2026-03-21 18:00:17,813 [ERROR] Failed to process /raw/IMG_1910.HEIC: name 'os' is not defined
2026-03-21 18:00:17,814 [ERROR] Failed to process /raw/IMG_1254.MOV: name 'os' is not defined
2026-03-21 18:00:17,814 [ERROR] Failed to process /raw/IMG_0930.HEIC: name 'os' is not defined
2026-03-21 18:00:17,814 [ERROR] Failed to process /raw/IMG_1629.HEIC: name 'os' is not defined
2026-03-21 18:00:17,814 [ERROR] Failed to process /raw/IMG_2034.MOV: name 'os' is not defined
2026-03-21 18:00:17,814 [ERROR] Failed to process /raw/IMG_0327.HEIC: name 'os' is not defined
2026-03-21 18:00:17,814 [ERROR] Failed to process /raw/IMG_0896.HEIC: name 'os' is not defined
2026-03-21 18:00:17,814 [ERROR] Failed to process /raw/IMG_1901.HEIC: name 'os' is not defined
2026-03-21 18:00:17,814 [ERROR] Failed to process /raw/IMG_2152.HEIC: name 'os' is not defined
2026-03-21 18:00:17,814 [ERROR] Failed to process /raw/IMG_2020.HEIC: name 'os' is not defined
2026-03-21 18:00:17,814 [ERROR] Failed to process /raw/IMG_1877.HEIC: name 'os' is not defined
2026-03-21 18:00:17,814 [ERROR] Failed to process /raw/IMG_2185.HEIC: name 'os' is not defined
2026-03-21 18:00:17,814 [ERROR] Failed to process /raw/IMG_0617.HEIC: name 'os' is not defined
2026-03-21 18:00:17,814 [ERROR] Failed to process /raw/IMG_1009.HEIC: name 'os' is not defined
2026-03-21 18:00:17,814 [ERROR] Failed to process /raw/IMG_0772.HEIC: name 'os' is not defined
2026-03-21 18:00:17,814 [ERROR] Failed to process /raw/IMG_2231.HEIC: name 'os' is not defined
2026-03-21 18:00:17,814 [ERROR] Failed to process /raw/IMG_0339.HEIC: name 'os' is not defined
2026-03-21 18:00:17,814 [ERROR] Failed to process /raw/IMG_1630.HEIC: name 'os' is not defined
2026-03-21 18:00:17,814 [ERROR] Failed to process /raw/IMG_1952.HEIC: name 'os' is not defined
2026-03-21 18:00:17,815 [ERROR] Failed to process /raw/IMG_1949.HEIC: name 'os' is not defined
2026-03-21 18:00:17,815 [ERROR] Failed to process /raw/IMG_0242.HEIC: name 'os' is not defined
2026-03-21 18:00:17,815 [ERROR] Failed to process /raw/IMG_2157.HEIC: name 'os' is not defined
2026-03-21 18:00:17,815 [ERROR] Failed to process /raw/IMG_0860.HEIC: name 'os' is not defined
2026-03-21 18:00:17,815 [ERROR] Failed to process /raw/IMG_0925.HEIC: name 'os' is not defined
2026-03-21 18:00:17,815 [ERROR] Failed to process /raw/IMG_0340.HEIC: name 'os' is not defined
2026-03-21 18:00:17,815 [ERROR] Failed to process /raw/IMG_0629.HEIC: name 'os' is not defined
2026-03-21 18:00:17,815 [ERROR] Failed to process /raw/IMG_1506.HEIC: name 'os' is not defined
2026-03-21 18:00:17,815 [ERROR] Failed to process /raw/IMG_1661.HEIC: name 'os' is not defined
2026-03-21 18:00:17,815 [ERROR] Failed to process /raw/IMG_2116.HEIC: name 'os' is not defined
2026-03-21 18:00:17,815 [ERROR] Failed to process /raw/IMG_1842.HEIC: name 'os' is not defined
2026-03-21 18:00:17,815 [ERROR] Failed to process /raw/IMG_1738.HEIC: name 'os' is not defined
2026-03-21 18:00:17,815 [ERROR] Failed to process /raw/IMG_0175.HEIC: name 'os' is not defined
2026-03-21 18:00:17,815 [ERROR] Failed to process /raw/IMG_0614.HEIC: name 'os' is not defined
2026-03-21 18:00:17,815 [ERROR] Failed to process /raw/IMG_0907.HEIC: name 'os' is not defined
2026-03-21 18:00:17,815 [ERROR] Failed to process /raw/IMG_0274.HEIC: name 'os' is not defined
2026-03-21 18:00:17,815 [ERROR] Failed to process /raw/IMG_1981.HEIC: name 'os' is not defined
2026-03-21 18:00:17,815 [ERROR] Failed to process /raw/IMG_2057.HEIC: name 'os' is not defined
2026-03-21 18:00:17,815 [ERROR] Failed to process /raw/IMG_1538.HEIC: name 'os' is not defined
2026-03-21 18:00:17,816 [ERROR] Failed to process /raw/IMG_2031.HEIC: name 'os' is not defined
2026-03-21 18:00:17,816 [ERROR] Failed to process /raw/IMG_2156.HEIC: name 'os' is not defined
2026-03-21 18:00:17,816 [ERROR] Failed to process /raw/IMG_0222.HEIC: name 'os' is not defined
2026-03-21 18:00:17,816 [ERROR] Failed to process /raw/IMG_1061.HEIC: name 'os' is not defined
2026-03-21 18:00:17,816 [ERROR] Failed to process /raw/IMG_2063.HEIC: name 'os' is not defined
2026-03-21 18:00:17,816 [ERROR] Failed to process /raw/IMG_0325.HEIC: name 'os' is not defined
2026-03-21 18:00:17,816 [ERROR] Failed to process /raw/IMG_0792.HEIC: name 'os' is not defined
2026-03-21 18:00:17,816 [ERROR] Failed to process /raw/IMG_2228.MOV: name 'os' is not defined
2026-03-21 18:00:17,816 [ERROR] Failed to process /raw/IMG_1003.HEIC: name 'os' is not defined
2026-03-21 18:00:17,816 [ERROR] Failed to process /raw/IMG_0649.HEIC: name 'os' is not defined
2026-03-21 18:00:17,816 [ERROR] Failed to process /raw/IMG_0290.HEIC: name 'os' is not defined
2026-03-21 18:00:17,816 [ERROR] Failed to process /raw/IMG_2151.HEIC: name 'os' is not defined
2026-03-21 18:00:17,816 [ERROR] Failed to process /raw/IMG_0091.HEIC: name 'os' is not defined
2026-03-21 18:00:17,816 [ERROR] Failed to process /raw/IMG_0653.HEIC: name 'os' is not defined
2026-03-21 18:00:17,816 [ERROR] Failed to process /raw/IMG_1801.HEIC: name 'os' is not defined
2026-03-21 18:00:17,816 [ERROR] Failed to process /raw/IMG_0101.HEIC: name 'os' is not defined
2026-03-21 18:00:17,816 [ERROR] Failed to process /raw/IMG_2186.HEIC: name 'os' is not defined
2026-03-21 18:00:17,816 [ERROR] Failed to process /raw/IMG_0898.HEIC: name 'os' is not defined
2026-03-21 18:00:17,816 [ERROR] Failed to process /raw/IMG_0895.HEIC: name 'os' is not defined
2026-03-21 18:00:17,817 [ERROR] Failed to process /raw/IMG_1863.HEIC: name 'os' is not defined
2026-03-21 18:00:17,817 [ERROR] Failed to process /raw/IMG_0791.HEIC: name 'os' is not defined
2026-03-21 18:00:17,817 [ERROR] Failed to process /raw/IMG_2233.HEIC: name 'os' is not defined
2026-03-21 18:00:17,817 [ERROR] Failed to process /raw/IMG_2175.HEIC: name 'os' is not defined
2026-03-21 18:00:17,817 [ERROR] Failed to process /raw/IMG_0650.HEIC: name 'os' is not defined
2026-03-21 18:00:17,817 [ERROR] Failed to process /raw/IMG_1660.HEIC: name 'os' is not defined
2026-03-21 18:00:17,817 [ERROR] Failed to process /raw/IMG_0940.HEIC: name 'os' is not defined
2026-03-21 18:00:17,817 [ERROR] Failed to process /raw/IMG_0753.HEIC: name 'os' is not defined
2026-03-21 18:00:17,817 [ERROR] Failed to process /raw/IMG_0699.HEIC: name 'os' is not defined
2026-03-21 18:00:17,817 [ERROR] Failed to process /raw/IMG_0211.HEIC: name 'os' is not defined
2026-03-21 18:00:17,817 [ERROR] Failed to process /raw/IMG_2015.HEIC: name 'os' is not defined
2026-03-21 18:00:17,817 [ERROR] Failed to process /raw/IMG_1845.HEIC: name 'os' is not defined
2026-03-21 18:00:17,817 [ERROR] Failed to process /raw/IMG_1891.JPG: name 'os' is not defined
2026-03-21 18:00:17,817 [ERROR] Failed to process /raw/B47CB188-C4C1-4BBE-9EE0-6E5DA3312B64.JPEG: name 'os' is not defined
2026-03-21 18:00:17,817 [ERROR] Failed to process /raw/IMG_0338.HEIC: name 'os' is not defined
2026-03-21 18:00:17,817 [ERROR] Failed to process /raw/IMG_0163.HEIC: name 'os' is not defined
2026-03-21 18:00:17,817 [ERROR] Failed to process /raw/IMG_1572.HEIC: name 'os' is not defined
2026-03-21 18:00:17,817 [ERROR] Failed to process /raw/IMG_1857.HEIC: name 'os' is not defined
2026-03-21 18:00:17,818 [ERROR] Failed to process /raw/IMG_2044.HEIC: name 'os' is not defined
2026-03-21 18:00:17,818 [ERROR] Failed to process /raw/PXL_20260301_060812781.jpg: name 'os' is not defined
2026-03-21 18:00:17,818 [ERROR] Failed to process /raw/IMG_1156.HEIC: name 'os' is not defined
2026-03-21 18:00:17,818 [ERROR] Failed to process /raw/IMG_0237.HEIC: name 'os' is not defined
2026-03-21 18:00:17,818 [ERROR] Failed to process /raw/IMG_1524.HEIC: name 'os' is not defined
2026-03-21 18:00:17,818 [ERROR] Failed to process /raw/IMG_0690.HEIC: name 'os' is not defined
2026-03-21 18:00:17,818 [ERROR] Failed to process /raw/IMG_0929.HEIC: name 'os' is not defined
2026-03-21 18:00:17,818 [ERROR] Failed to process /raw/IMG_1807.HEIC: name 'os' is not defined
2026-03-21 18:00:17,818 [ERROR] Failed to process /raw/IMG_0259.HEIC: name 'os' is not defined
2026-03-21 18:00:17,818 [ERROR] Failed to process /raw/IMG_0121.HEIC: name 'os' is not defined
2026-03-21 18:00:17,818 [ERROR] Failed to process /raw/IMG_1529.HEIC: name 'os' is not defined
2026-03-21 18:00:17,818 [ERROR] Failed to process /raw/f2881772943693309.ug-tmp: name 'os' is not defined
2026-03-21 18:00:17,818 [ERROR] Failed to process /raw/IMG_0028.MOV: name 'os' is not defined
2026-03-21 18:00:17,818 [ERROR] Failed to process /raw/IMG_1014.HEIC: name 'os' is not defined
2026-03-21 18:00:17,818 [ERROR] Failed to process /raw/IMG_0282.HEIC: name 'os' is not defined
2026-03-21 18:00:17,818 [ERROR] Failed to process /raw/IMG_0145.HEIC: name 'os' is not defined
2026-03-21 18:00:17,818 [ERROR] Failed to process /raw/IMG_0144.HEIC: name 'os' is not defined
2026-03-21 18:00:17,818 [ERROR] Failed to process /raw/IMG_0100.HEIC: name 'os' is not defined
2026-03-21 18:00:17,818 [ERROR] Failed to process /raw/IMG_0173.HEIC: name 'os' is not defined
2026-03-21 18:00:17,819 [ERROR] Failed to process /raw/IMG_0104.HEIC: name 'os' is not defined
2026-03-21 18:00:17,819 [ERROR] Failed to process /raw/IMG_0166.HEIC: name 'os' is not defined
2026-03-21 18:00:17,819 [ERROR] Failed to process /raw/IMG_1282.HEIC: name 'os' is not defined
2026-03-21 18:00:17,819 [ERROR] Failed to process /raw/IMG_1053.JPG: name 'os' is not defined
2026-03-21 18:00:17,819 [ERROR] Failed to process /raw/IMG_2139.HEIC: name 'os' is not defined
2026-03-21 18:00:17,819 [ERROR] Failed to process /raw/f15241772944139225.ug-tmp: name 'os' is not defined
2026-03-21 18:00:17,819 [ERROR] Failed to process /raw/IMG_1802.HEIC: name 'os' is not defined
2026-03-21 18:00:17,819 [ERROR] Failed to process /raw/IMG_0760.HEIC: name 'os' is not defined
2026-03-21 18:00:17,819 [ERROR] Failed to process /raw/IMG_0315.HEIC: name 'os' is not defined
2026-03-21 18:00:17,819 [ERROR] Failed to process /raw/IMG_0719.HEIC: name 'os' is not defined
2026-03-21 18:00:17,819 [ERROR] Failed to process /raw/IMG_0150.HEIC: name 'os' is not defined
2026-03-21 18:00:17,819 [ERROR] Failed to process /raw/IMG_2159.HEIC: name 'os' is not defined
2026-03-21 18:00:17,819 [ERROR] Failed to process /raw/IMG_0790.HEIC: name 'os' is not defined
2026-03-21 18:00:17,819 [ERROR] Failed to process /raw/IMG_0816.HEIC: name 'os' is not defined
2026-03-21 18:00:17,819 [ERROR] Failed to process /raw/IMG_0336.HEIC: name 'os' is not defined
2026-03-21 18:00:17,819 [ERROR] Failed to process /raw/IMG_0623.HEIC: name 'os' is not defined
2026-03-21 18:00:17,819 [ERROR] Failed to process /raw/IMG_0167.HEIC: name 'os' is not defined
2026-03-21 18:00:17,819 [ERROR] Failed to process /raw/IMG_1251.HEIC: name 'os' is not defined
2026-03-21 18:00:17,820 [ERROR] Failed to process /raw/IMG_0664.HEIC: name 'os' is not defined
2026-03-21 18:00:17,820 [ERROR] Failed to process /raw/PXL_20250926_053105038.JPEG: name 'os' is not defined
2026-03-21 18:00:17,820 [ERROR] Failed to process /raw/IMG_1855.HEIC: name 'os' is not defined
2026-03-21 18:00:17,820 [ERROR] Failed to process /raw/IMG_0341.HEIC: name 'os' is not defined
2026-03-21 18:00:17,820 [ERROR] Failed to process /raw/IMG_1617.HEIC: name 'os' is not defined
2026-03-21 18:00:17,820 [ERROR] Failed to process /raw/IMG_0191.MOV: name 'os' is not defined
2026-03-21 18:00:17,820 [ERROR] Failed to process /raw/IMG_0205.HEIC: name 'os' is not defined
2026-03-21 18:00:17,820 [ERROR] Failed to process /raw/PXL_20250927_071545612.PORTRAIT.JPEG: name 'os' is not defined
2026-03-21 18:00:17,820 [ERROR] Failed to process /raw/IMG_2012.HEIC: name 'os' is not defined
2026-03-21 18:00:17,820 [ERROR] Failed to process /raw/IMG_2146.HEIC: name 'os' is not defined
2026-03-21 18:00:17,820 [ERROR] Failed to process /raw/IMG_1856.HEIC: name 'os' is not defined
2026-03-21 18:00:17,820 [ERROR] Failed to process /raw/IMG_1897.JPG: name 'os' is not defined
2026-03-21 18:00:17,820 [ERROR] Failed to process /raw/IMG_0646.HEIC: name 'os' is not defined
2026-03-21 18:00:17,820 [ERROR] Failed to process /raw/IMG_2076.HEIC: name 'os' is not defined
2026-03-21 18:00:17,820 [ERROR] Failed to process /raw/IMG_0288.HEIC: name 'os' is not defined
2026-03-21 18:00:17,820 [ERROR] Failed to process /raw/IMG_0146.HEIC: name 'os' is not defined
2026-03-21 18:00:17,820 [ERROR] Failed to process /raw/IMG_1288.HEIC: name 'os' is not defined
2026-03-21 18:00:17,820 [ERROR] Failed to process /raw/IMG_0126.HEIC: name 'os' is not defined
2026-03-21 18:00:17,820 [ERROR] Failed to process /raw/IMG_0776.HEIC: name 'os' is not defined
2026-03-21 18:00:17,821 [ERROR] Failed to process /raw/IMG_0135.HEIC: name 'os' is not defined
2026-03-21 18:00:17,821 [ERROR] Failed to process /raw/IMG_0084.HEIC: name 'os' is not defined
2026-03-21 18:00:17,821 [ERROR] Failed to process /raw/IMG_0713.HEIC: name 'os' is not defined
2026-03-21 18:00:17,821 [ERROR] Failed to process /raw/IMG_1235.HEIC: name 'os' is not defined
2026-03-21 18:00:17,821 [ERROR] Failed to process /raw/IMG_0631.HEIC: name 'os' is not defined
2026-03-21 18:00:17,821 [ERROR] Failed to process /raw/IMG_2247.HEIC: name 'os' is not defined
2026-03-21 18:00:17,821 [ERROR] Failed to process /raw/IMG_2208.MOV: name 'os' is not defined
2026-03-21 18:00:17,821 [ERROR] Failed to process /raw/IMG_1283.HEIC: name 'os' is not defined
2026-03-21 18:00:17,821 [ERROR] Failed to process /raw/IMG_1869.HEIC: name 'os' is not defined
2026-03-21 18:00:17,821 [ERROR] Failed to process /raw/IMG_0216.HEIC: name 'os' is not defined
2026-03-21 18:00:17,821 [ERROR] Failed to process /raw/PXL_20260227_080809591.jpg: name 'os' is not defined
2026-03-21 18:00:17,821 [ERROR] Failed to process /raw/IMG_2199.HEIC: name 'os' is not defined
2026-03-21 18:00:17,821 [ERROR] Failed to process /raw/IMG_1997.HEIC: name 'os' is not defined
2026-03-21 18:00:17,821 [ERROR] Failed to process /raw/IMG_0212.HEIC: name 'os' is not defined
2026-03-21 18:00:17,821 [ERROR] Failed to process /raw/IMG_1517.HEIC: name 'os' is not defined
2026-03-21 18:00:17,821 [ERROR] Failed to process /raw/IMG_1268.HEIC: name 'os' is not defined
2026-03-21 18:00:17,821 [ERROR] Failed to process /raw/IMG_1587.HEIC: name 'os' is not defined
2026-03-21 18:00:17,821 [ERROR] Failed to process /raw/IMG_0280.HEIC: name 'os' is not defined
2026-03-21 18:00:17,822 [ERROR] Failed to process /raw/IMG_2226.HEIC: name 'os' is not defined
2026-03-21 18:00:17,822 [ERROR] Failed to process /raw/IMG_1103.HEIC: name 'os' is not defined
2026-03-21 18:00:17,822 [ERROR] Failed to process /raw/IMG_0118.HEIC: name 'os' is not defined
2026-03-21 18:00:17,822 [ERROR] Failed to process /raw/IMG_1258.HEIC: name 'os' is not defined
2026-03-21 18:00:17,822 [ERROR] Failed to process /raw/IMG_1147.HEIC: name 'os' is not defined
2026-03-21 18:00:17,822 [ERROR] Failed to process /raw/IMG_1262.HEIC: name 'os' is not defined
2026-03-21 18:00:17,822 [ERROR] Failed to process /raw/IMG_0182.HEIC: name 'os' is not defined
2026-03-21 18:00:17,822 [ERROR] Failed to process /raw/IMG_2058.HEIC: name 'os' is not defined
2026-03-21 18:00:17,822 [ERROR] Failed to process /raw/IMG_1858.HEIC: name 'os' is not defined
2026-03-21 18:00:17,822 [ERROR] Failed to process /raw/IMG_2174.HEIC: name 'os' is not defined
2026-03-21 18:00:17,822 [ERROR] Failed to process /raw/IMG_0318.HEIC: name 'os' is not defined
2026-03-21 18:00:17,822 [ERROR] Failed to process /raw/IMG_2119.HEIC: name 'os' is not defined
2026-03-21 18:00:17,822 [ERROR] Failed to process /raw/IMG_0901.HEIC: name 'os' is not defined
2026-03-21 18:00:17,822 [ERROR] Failed to process /raw/IMG_0196.HEIC: name 'os' is not defined
2026-03-21 18:00:17,822 [ERROR] Failed to process /raw/IMG_1537.HEIC: name 'os' is not defined
2026-03-21 18:00:17,822 [ERROR] Failed to process /raw/IMG_0904.HEIC: name 'os' is not defined
2026-03-21 18:00:17,822 [ERROR] Failed to process /raw/IMG_2229.HEIC: name 'os' is not defined
2026-03-21 18:00:17,822 [ERROR] Failed to process /raw/IMG_1123.HEIC: name 'os' is not defined
2026-03-21 18:00:17,822 [ERROR] Failed to process /raw/PXL_20260228_054658601.jpg: name 'os' is not defined
2026-03-21 18:00:17,823 [ERROR] Failed to process /raw/IMG_2110.HEIC: name 'os' is not defined
2026-03-21 18:00:17,823 [ERROR] Failed to process /raw/IMG_0170.MOV: name 'os' is not defined
2026-03-21 18:00:17,823 [ERROR] Failed to process /raw/IMG_0746.HEIC: name 'os' is not defined
2026-03-21 18:00:17,823 [ERROR] Failed to process /raw/IMG_0759.HEIC: name 'os' is not defined
2026-03-21 18:00:17,823 [ERROR] Failed to process /raw/IMG_0269.HEIC: name 'os' is not defined
2026-03-21 18:00:17,823 [ERROR] Failed to process /raw/IMG_0905.HEIC: name 'os' is not defined
2026-03-21 18:00:17,823 [ERROR] Failed to process /raw/IMG_1888.HEIC: name 'os' is not defined
2026-03-21 18:00:17,823 [ERROR] Failed to process /raw/IMG_2266.HEIC: name 'os' is not defined
2026-03-21 18:00:17,823 [ERROR] Failed to process /raw/IMG_0218.HEIC: name 'os' is not defined
2026-03-21 18:00:17,823 [ERROR] Failed to process /raw/IMG_0737.HEIC: name 'os' is not defined
2026-03-21 18:00:17,823 [ERROR] Failed to process /raw/IMG_2065.HEIC: name 'os' is not defined
2026-03-21 18:00:17,823 [ERROR] Failed to process /raw/IMG_0683.HEIC: name 'os' is not defined
2026-03-21 18:00:17,823 [ERROR] Failed to process /raw/IMG_1996.HEIC: name 'os' is not defined
2026-03-21 18:00:17,823 [ERROR] Failed to process /raw/IMG_0725.HEIC: name 'os' is not defined
2026-03-21 18:00:17,823 [ERROR] Failed to process /raw/IMG_0758.HEIC: name 'os' is not defined
2026-03-21 18:00:17,823 [ERROR] Failed to process /raw/IMG_2061.MOV: name 'os' is not defined
2026-03-21 18:00:17,823 [ERROR] Failed to process /raw/IMG_2192.HEIC: name 'os' is not defined
2026-03-21 18:00:17,823 [ERROR] Failed to process /raw/IMG_1277.HEIC: name 'os' is not defined
2026-03-21 18:00:17,824 [ERROR] Failed to process /raw/IMG_0221.HEIC: name 'os' is not defined
2026-03-21 18:00:17,824 [ERROR] Failed to process /raw/IMG_1912.HEIC: name 'os' is not defined
2026-03-21 18:00:17,824 [ERROR] Failed to process /raw/IMG_2068.HEIC: name 'os' is not defined
2026-03-21 18:00:17,824 [ERROR] Failed to process /raw/IMG_2126.HEIC: name 'os' is not defined
2026-03-21 18:00:17,824 [ERROR] Failed to process /raw/IMG_1265.HEIC: name 'os' is not defined
2026-03-21 18:00:17,824 [ERROR] Failed to process /raw/IMG_1146.HEIC: name 'os' is not defined
2026-03-21 18:00:17,824 [ERROR] Failed to process /raw/IMG_0275.HEIC: name 'os' is not defined
2026-03-21 18:00:17,824 [ERROR] Failed to process /raw/IMG_1772.MOV: name 'os' is not defined
2026-03-21 18:00:17,824 [ERROR] Failed to process /raw/IMG_2219.HEIC: name 'os' is not defined
2026-03-21 18:00:17,824 [ERROR] Failed to process /raw/IMG_1956.HEIC: name 'os' is not defined
2026-03-21 18:00:17,824 [ERROR] Failed to process /raw/IMG_0900.HEIC: name 'os' is not defined
2026-03-21 18:00:17,824 [ERROR] Failed to process /raw/IMG_1267.HEIC: name 'os' is not defined
2026-03-21 18:00:17,824 [ERROR] Failed to process /raw/IMG_1230.HEIC: name 'os' is not defined
2026-03-21 18:00:17,824 [ERROR] Failed to process /raw/IMG_0267.HEIC: name 'os' is not defined
2026-03-21 18:00:17,824 [ERROR] Failed to process /raw/IMG_0633.HEIC: name 'os' is not defined
2026-03-21 18:00:17,824 [ERROR] Failed to process /raw/IMG_1526.HEIC: name 'os' is not defined
2026-03-21 18:00:17,824 [ERROR] Failed to process /raw/IMG_0902.HEIC: name 'os' is not defined
2026-03-21 18:00:17,824 [ERROR] Failed to process /raw/IMG_0739.HEIC: name 'os' is not defined
2026-03-21 18:00:17,824 [ERROR] Failed to process /raw/IMG_0031.MOV: name 'os' is not defined
2026-03-21 18:00:17,825 [ERROR] Failed to process /raw/IMG_0738.HEIC: name 'os' is not defined
2026-03-21 18:00:17,825 [ERROR] Failed to process /raw/IMG_1838.MOV: name 'os' is not defined
2026-03-21 18:00:17,825 [ERROR] Failed to process /raw/IMG_1831.HEIC: name 'os' is not defined
2026-03-21 18:00:17,825 [ERROR] Failed to process /raw/PXL_20260227_080809337.jpg: name 'os' is not defined
2026-03-21 18:00:17,825 [ERROR] Failed to process /raw/IMG_0308.HEIC: name 'os' is not defined
2026-03-21 18:00:17,825 [ERROR] Failed to process /raw/IMG_1833.HEIC: name 'os' is not defined
2026-03-21 18:00:17,825 [ERROR] Failed to process /raw/IMG_0641.HEIC: name 'os' is not defined
2026-03-21 18:00:17,825 [ERROR] Failed to process /raw/IMG_0262.HEIC: name 'os' is not defined
2026-03-21 18:00:17,825 [ERROR] Failed to process /raw/IMG_2257.HEIC: name 'os' is not defined
2026-03-21 18:00:17,825 [ERROR] Failed to process /raw/IMG_0176.HEIC: name 'os' is not defined
2026-03-21 18:00:17,825 [ERROR] Failed to process /raw/IMG_1895.JPG: name 'os' is not defined
2026-03-21 18:00:17,825 [ERROR] Failed to process /raw/IMG_0192.HEIC: name 'os' is not defined
2026-03-21 18:00:17,825 [ERROR] Failed to process /raw/IMG_1931.HEIC: name 'os' is not defined
2026-03-21 18:00:17,825 [ERROR] Failed to process /raw/IMG_1536.HEIC: name 'os' is not defined
2026-03-21 18:00:17,825 [ERROR] Failed to process /raw/IMG_1848.HEIC: name 'os' is not defined
2026-03-21 18:00:17,825 [ERROR] Failed to process /raw/IMG_1233.HEIC: name 'os' is not defined
2026-03-21 18:00:17,825 [ERROR] Failed to process /raw/IMG_1892.JPG: name 'os' is not defined
2026-03-21 18:00:17,825 [ERROR] Failed to process /raw/IMG_0747.HEIC: name 'os' is not defined
2026-03-21 18:00:17,825 [ERROR] Failed to process /raw/IMG_1920.HEIC: name 'os' is not defined
2026-03-21 18:00:17,826 [ERROR] Failed to process /raw/IMG_1149.HEIC: name 'os' is not defined
2026-03-21 18:00:17,826 [ERROR] Failed to process /raw/IMG_1879.HEIC: name 'os' is not defined
2026-03-21 18:00:17,826 [ERROR] Failed to process /raw/IMG_0320.HEIC: name 'os' is not defined
2026-03-21 18:00:17,826 [ERROR] Failed to process /raw/IMG_0761.HEIC: name 'os' is not defined
2026-03-21 18:00:17,826 [ERROR] Failed to process /raw/IMG_1269.HEIC: name 'os' is not defined
2026-03-21 18:00:17,826 [ERROR] Failed to process /raw/PXL_20260227_034416683.MP.jpg: name 'os' is not defined
2026-03-21 18:00:17,826 [ERROR] Failed to process /raw/IMG_1905.HEIC: name 'os' is not defined
2026-03-21 18:00:17,826 [ERROR] Failed to process /raw/IMG_1866.HEIC: name 'os' is not defined
2026-03-21 18:00:17,826 [ERROR] Failed to process /raw/IMG_1994.HEIC: name 'os' is not defined
2026-03-21 18:00:17,826 [ERROR] Failed to process /raw/IMG_2036.HEIC: name 'os' is not defined
2026-03-21 18:00:17,826 [ERROR] Failed to process /raw/IMG_1894.JPG: name 'os' is not defined
2026-03-21 18:00:17,826 [ERROR] Failed to process /raw/IMG_0115.HEIC: name 'os' is not defined
2026-03-21 18:00:17,826 [ERROR] Failed to process /raw/IMG_1124.HEIC: name 'os' is not defined
2026-03-21 18:00:17,826 [ERROR] Failed to process /raw/IMG_0160.HEIC: name 'os' is not defined
2026-03-21 18:00:17,826 [ERROR] Failed to process /raw/IMG_0082.HEIC: name 'os' is not defined
2026-03-21 18:00:17,826 [ERROR] Failed to process /raw/IMG_1915.HEIC: name 'os' is not defined
2026-03-21 18:00:17,826 [ERROR] Failed to process /raw/IMG_0152.HEIC: name 'os' is not defined
2026-03-21 18:00:17,827 [ERROR] Failed to process /raw/IMG_2251.MOV: name 'os' is not defined
2026-03-21 18:00:17,827 [ERROR] Failed to process /raw/IMG_1290.HEIC: name 'os' is not defined
2026-03-21 18:00:17,827 [ERROR] Failed to process /raw/IMG_1846.HEIC: name 'os' is not defined
2026-03-21 18:00:17,827 [ERROR] Failed to process /raw/IMG_0304.HEIC: name 'os' is not defined
2026-03-21 18:00:17,827 [ERROR] Failed to process /raw/IMG_1849.HEIC: name 'os' is not defined
2026-03-21 18:00:17,827 [ERROR] Failed to process /raw/IMG_0168.HEIC: name 'os' is not defined
2026-03-21 18:00:17,827 [ERROR] Failed to process /raw/IMG_0662.HEIC: name 'os' is not defined
2026-03-21 18:00:17,827 [ERROR] Failed to process /raw/IMG_0685.HEIC: name 'os' is not defined
2026-03-21 18:00:17,827 [ERROR] Failed to process /raw/IMG_0686.HEIC: name 'os' is not defined
2026-03-21 18:00:17,827 [ERROR] Failed to process /raw/PXL_20260226_061545441.MP.jpg: name 'os' is not defined
2026-03-21 18:00:17,827 [ERROR] Failed to process /raw/IMG_0330.HEIC: name 'os' is not defined
2026-03-21 18:00:17,827 [ERROR] Failed to process /raw/IMG_1851.HEIC: name 'os' is not defined
2026-03-21 18:00:17,827 [ERROR] Failed to process /raw/IMG_1968.JPG: name 'os' is not defined
2026-03-21 18:00:17,827 [ERROR] Failed to process /raw/IMG_2230.HEIC: name 'os' is not defined
2026-03-21 18:00:17,827 [ERROR] Failed to process /raw/IMG_1043.HEIC: name 'os' is not defined
2026-03-21 18:00:17,827 [ERROR] Failed to process /raw/IMG_0624.HEIC: name 'os' is not defined
2026-03-21 18:00:17,827 [ERROR] Failed to process /raw/IMG_1850.HEIC: name 'os' is not defined
2026-03-21 18:00:17,827 [ERROR] Failed to process /raw/IMG_0769.HEIC: name 'os' is not defined
2026-03-21 18:00:17,827 [ERROR] Failed to process /raw/IMG_0657.HEIC: name 'os' is not defined
2026-03-21 18:00:17,828 [ERROR] Failed to process /raw/IMG_0337.HEIC: name 'os' is not defined
2026-03-21 18:00:17,828 [ERROR] Failed to process /raw/IMG_0276.HEIC: name 'os' is not defined
2026-03-21 18:00:17,828 [ERROR] Failed to process /raw/IMG_1872.HEIC: name 'os' is not defined
2026-03-21 18:00:17,828 [ERROR] Failed to process /raw/IMG_0795.HEIC: name 'os' is not defined
2026-03-21 18:00:17,828 [ERROR] Failed to process /raw/IMG_2047.HEIC: name 'os' is not defined
2026-03-21 18:00:17,828 [ERROR] Failed to process /raw/IMG_1259.HEIC: name 'os' is not defined
2026-03-21 18:00:17,828 [ERROR] Failed to process /raw/IMG_0085.HEIC: name 'os' is not defined
2026-03-21 18:00:17,828 [ERROR] Failed to process /raw/PXL_20250926_053133885.JPEG: name 'os' is not defined
2026-03-21 18:00:17,828 [ERROR] Failed to process /raw/IMG_1275.HEIC: name 'os' is not defined
2026-03-21 18:00:17,828 [ERROR] Failed to process /raw/IMG_2054.HEIC: name 'os' is not defined
2026-03-21 18:00:17,828 [ERROR] Failed to process /raw/IMG_0642.HEIC: name 'os' is not defined
2026-03-21 18:00:17,828 [ERROR] Failed to process /raw/IMG_0244.HEIC: name 'os' is not defined
2026-03-21 18:00:17,828 [ERROR] Failed to process /raw/PXL_20260301_060634071.jpg: name 'os' is not defined
2026-03-21 18:00:17,828 [ERROR] Failed to process /raw/IMG_1790.HEIC: name 'os' is not defined
2026-03-21 18:00:17,828 [ERROR] Failed to process /raw/IMG_2117.HEIC: name 'os' is not defined
2026-03-21 18:00:17,828 [ERROR] Failed to process /raw/IMG_0707.HEIC: name 'os' is not defined
2026-03-21 18:00:17,828 [ERROR] Failed to process /raw/IMG_1832.HEIC: name 'os' is not defined
2026-03-21 18:00:17,828 [ERROR] Failed to process /raw/IMG_0757.HEIC: name 'os' is not defined
2026-03-21 18:00:17,829 [ERROR] Failed to process /raw/PXL_20250926_055845090.MP.JPEG: name 'os' is not defined
2026-03-21 18:00:17,829 [ERROR] Failed to process /raw/IMG_1287.HEIC: name 'os' is not defined
2026-03-21 18:00:17,829 [ERROR] Failed to process /raw/IMG_0027.MOV: name 'os' is not defined
2026-03-21 18:00:17,829 [ERROR] Failed to process /raw/IMG_1528.HEIC: name 'os' is not defined
2026-03-21 18:00:17,829 [ERROR] Failed to process /raw/IMG_1839.MOV: name 'os' is not defined
2026-03-21 18:00:17,829 [ERROR] Failed to process /raw/IMG_2238.HEIC: name 'os' is not defined
2026-03-21 18:00:17,829 [ERROR] Failed to process /raw/IMG_0252.HEIC: name 'os' is not defined
2026-03-21 18:00:17,829 [ERROR] Failed to process /raw/IMG_2118.HEIC: name 'os' is not defined
2026-03-21 18:00:17,829 [ERROR] Failed to process /raw/IMG_0185.HEIC: name 'os' is not defined
2026-03-21 18:00:17,829 [ERROR] Failed to process /raw/IMG_0203.HEIC: name 'os' is not defined
2026-03-21 18:00:17,829 [ERROR] Failed to process /raw/IMG_1593.HEIC: name 'os' is not defined
2026-03-21 18:00:17,829 [ERROR] Failed to process /raw/IMG_0616.HEIC: name 'os' is not defined
2026-03-21 18:00:17,829 [ERROR] Failed to process /raw/IMG_1542.HEIC: name 'os' is not defined
2026-03-21 18:00:17,829 [ERROR] Failed to process /raw/IMG_2019.HEIC: name 'os' is not defined
2026-03-21 18:00:17,829 [ERROR] Failed to process /raw/IMG_2201.HEIC: name 'os' is not defined
2026-03-21 18:00:17,829 [ERROR] Failed to process /raw/IMG_0640.HEIC: name 'os' is not defined
2026-03-21 18:00:17,829 [ERROR] Failed to process /raw/IMG_0750.HEIC: name 'os' is not defined
2026-03-21 18:00:17,829 [ERROR] Failed to process /raw/IMG_1238.HEIC: name 'os' is not defined
2026-03-21 18:00:17,829 [ERROR] Failed to process /raw/IMG_1928.HEIC: name 'os' is not defined
2026-03-21 18:00:17,830 [ERROR] Failed to process /raw/IMG_0193.HEIC: name 'os' is not defined
2026-03-21 18:00:17,830 [ERROR] Failed to process /raw/PXL_20250927_022936280.MP.JPEG: name 'os' is not defined
2026-03-21 18:00:17,830 [ERROR] Failed to process /raw/IMG_0116.HEIC: name 'os' is not defined
2026-03-21 18:00:17,830 [ERROR] Failed to process /raw/IMG_0096.HEIC: name 'os' is not defined
2026-03-21 18:00:17,830 [ERROR] Failed to process /raw/IMG_0656.HEIC: name 'os' is not defined
2026-03-21 18:00:17,830 [ERROR] Failed to process /raw/IMG_0924.HEIC: name 'os' is not defined
2026-03-21 18:00:17,830 [ERROR] Failed to process /raw/IMG_0332.HEIC: name 'os' is not defined
2026-03-21 18:00:17,830 [ERROR] Failed to process /raw/IMG_0721.HEIC: name 'os' is not defined
2026-03-21 18:00:17,830 [ERROR] Failed to process /raw/IMG_2227.HEIC: name 'os' is not defined
2026-03-21 18:00:17,830 [ERROR] Failed to process /raw/PXL_20260227_061628645.jpg: name 'os' is not defined
2026-03-21 18:00:17,830 [ERROR] Failed to process /raw/IMG_2133.MOV: name 'os' is not defined
2026-03-21 18:00:17,830 [ERROR] Failed to process /raw/IMG_0123.HEIC: name 'os' is not defined
2026-03-21 18:00:17,830 [ERROR] Failed to process /raw/IMG_2030.HEIC: name 'os' is not defined
2026-03-21 18:00:17,830 [ERROR] Failed to process /raw/IMG_2195.HEIC: name 'os' is not defined
2026-03-21 18:00:17,830 [ERROR] Failed to process /raw/IMG_1817.HEIC: name 'os' is not defined
2026-03-21 18:00:17,830 [ERROR] Failed to process /raw/IMG_0762.HEIC: name 'os' is not defined
2026-03-21 18:00:17,830 [ERROR] Failed to process /raw/IMG_2040.HEIC: name 'os' is not defined
2026-03-21 18:00:17,830 [ERROR] Failed to process /raw/IMG_0190.HEIC: name 'os' is not defined
2026-03-21 18:00:17,830 [ERROR] Failed to process /raw/IMG_2029.HEIC: name 'os' is not defined
2026-03-21 18:00:17,831 [ERROR] Failed to process /raw/IMG_0300.HEIC: name 'os' is not defined
2026-03-21 18:00:17,831 [ERROR] Failed to process /raw/IMG_0726.HEIC: name 'os' is not defined
2026-03-21 18:00:17,831 [ERROR] Failed to process /raw/IMG_0178.HEIC: name 'os' is not defined
2026-03-21 18:00:17,831 [ERROR] Failed to process /raw/IMG_1870.HEIC: name 'os' is not defined
2026-03-21 18:00:17,831 [ERROR] Failed to process /raw/IMG_0730.HEIC: name 'os' is not defined
2026-03-21 18:00:17,831 [ERROR] Failed to process /raw/PXL_20260226_061508323.jpg: name 'os' is not defined
2026-03-21 18:00:17,831 [ERROR] Failed to process /raw/IMG_2129.HEIC: name 'os' is not defined
2026-03-21 18:00:17,831 [ERROR] Failed to process /raw/IMG_2259.HEIC: name 'os' is not defined
2026-03-21 18:00:17,831 [ERROR] Failed to process /raw/IMG_2046.HEIC: name 'os' is not defined
2026-03-21 18:00:17,831 [ERROR] Failed to process /raw/IMG_1012.HEIC: name 'os' is not defined
2026-03-21 18:00:17,831 [ERROR] Failed to process /raw/IMG_2021.HEIC: name 'os' is not defined
2026-03-21 18:00:17,831 [ERROR] Failed to process /raw/IMG_2269.HEIC: name 'os' is not defined
2026-03-21 18:00:17,831 [ERROR] Failed to process /raw/IMG_2249.HEIC: name 'os' is not defined
2026-03-21 18:00:17,831 [ERROR] Failed to process /raw/IMG_0263.HEIC: name 'os' is not defined
2026-03-21 18:00:17,831 [ERROR] Failed to process /raw/IMG_2010.HEIC: name 'os' is not defined
2026-03-21 18:00:17,831 [ERROR] Failed to process /raw/IMG_1280.HEIC: name 'os' is not defined
2026-03-21 18:00:17,831 [ERROR] Failed to process /raw/IMG_0342.HEIC: name 'os' is not defined
2026-03-21 18:00:17,831 [ERROR] Failed to process /raw/IMG_2198.HEIC: name 'os' is not defined
2026-03-21 18:00:17,832 [ERROR] Failed to process /raw/IMG_1050.JPG: name 'os' is not defined
2026-03-21 18:00:17,832 [ERROR] Failed to process /raw/IMG_1789.HEIC: name 'os' is not defined
2026-03-21 18:00:17,832 [ERROR] Failed to process /raw/f15341772944139220.ug-tmp: name 'os' is not defined
2026-03-21 18:00:17,832 [ERROR] Failed to process /raw/IMG_0294.HEIC: name 'os' is not defined
2026-03-21 18:00:17,832 [ERROR] Failed to process /raw/IMG_1999.HEIC: name 'os' is not defined
2026-03-21 18:00:17,832 [ERROR] Failed to process /raw/IMG_1898.JPG: name 'os' is not defined
2026-03-21 18:00:17,832 [ERROR] Failed to process /raw/IMG_1151.HEIC: name 'os' is not defined
2026-03-21 18:00:17,832 [ERROR] Failed to process /raw/IMG_1909.HEIC: name 'os' is not defined
2026-03-21 18:00:17,832 [ERROR] Failed to process /raw/IMG_0184.HEIC: name 'os' is not defined
2026-03-21 18:00:17,832 [ERROR] Failed to process /raw/IMG_2130.HEIC: name 'os' is not defined
2026-03-21 18:00:17,832 [ERROR] Failed to process /raw/6C0EB57C-0D15-4134-A6DF-8A0269C0E61B.JPEG: name 'os' is not defined
2026-03-21 18:00:17,832 [ERROR] Failed to process /raw/IMG_2234.HEIC: name 'os' is not defined
2026-03-21 18:00:17,832 [ERROR] Failed to process /raw/IMG_2043.MOV: name 'os' is not defined
2026-03-21 18:00:17,832 [ERROR] Failed to process /raw/IMG_1749.HEIC: name 'os' is not defined
2026-03-21 18:00:17,832 [ERROR] Failed to process /raw/PXL_20260227_080725768.MP.jpg: name 'os' is not defined
2026-03-21 18:00:17,832 [ERROR] Failed to process /raw/IMG_0151.HEIC: name 'os' is not defined
2026-03-21 18:00:17,832 [ERROR] Failed to process /raw/IMG_2134.HEIC: name 'os' is not defined
2026-03-21 18:00:17,832 [ERROR] Failed to process /raw/IMG_1273.HEIC: name 'os' is not defined
2026-03-21 18:00:17,832 [ERROR] Failed to process /raw/PXL_20260308_011215385.jpg: name 'os' is not defined
2026-03-21 18:00:17,833 [ERROR] Failed to process /raw/IMG_1260.HEIC: name 'os' is not defined
2026-03-21 18:00:17,833 [ERROR] Failed to process /raw/IMG_0283.HEIC: name 'os' is not defined
2026-03-21 18:00:17,833 [ERROR] Failed to process /raw/IMG_1250.HEIC: name 'os' is not defined
2026-03-21 18:00:17,833 [ERROR] Failed to process /raw/IMG_0666.HEIC: name 'os' is not defined
2026-03-21 18:00:17,833 [ERROR] Failed to process /raw/IMG_0226.HEIC: name 'os' is not defined
2026-03-21 18:00:17,833 [ERROR] Failed to process /raw/IMG_0086.HEIC: name 'os' is not defined
2026-03-21 18:00:17,833 [ERROR] Failed to process /raw/PXL_20250926_055712732.JPEG: name 'os' is not defined
2026-03-21 18:00:17,833 [ERROR] Failed to process /raw/IMG_0174.HEIC: name 'os' is not defined
2026-03-21 18:00:17,833 [ERROR] Failed to process /raw/IMG_0195.HEIC: name 'os' is not defined
2026-03-21 18:00:17,833 [ERROR] Failed to process /raw/IMG_0292.HEIC: name 'os' is not defined
2026-03-21 18:00:17,833 [ERROR] Failed to process /raw/IMG_1924.HEIC: name 'os' is not defined
2026-03-21 18:00:17,833 [ERROR] Failed to process /raw/IMG_1125.HEIC: name 'os' is not defined
2026-03-21 18:00:17,833 [ERROR] Failed to process /raw/IMG_0824.HEIC: name 'os' is not defined
2026-03-21 18:00:17,833 [ERROR] Failed to process /raw/IMG_1933.HEIC: name 'os' is not defined
2026-03-21 18:00:17,833 [ERROR] Failed to process /raw/IMG_0706.HEIC: name 'os' is not defined
2026-03-21 18:00:17,833 [ERROR] Failed to process /raw/IMG_0156.HEIC: name 'os' is not defined
2026-03-21 18:00:17,833 [ERROR] Failed to process /raw/IMG_2148.HEIC: name 'os' is not defined
2026-03-21 18:00:17,833 [ERROR] Failed to process /raw/IMG_1970.HEIC: name 'os' is not defined
2026-03-21 18:00:17,834 [ERROR] Failed to process /raw/IMG_1989.HEIC: name 'os' is not defined
2026-03-21 18:00:17,834 [ERROR] Failed to process /raw/IMG_1852.HEIC: name 'os' is not defined
2026-03-21 18:00:17,834 [ERROR] Failed to process /raw/IMG_0768.HEIC: name 'os' is not defined
2026-03-21 18:00:17,834 [ERROR] Failed to process /raw/IMG_1689.HEIC: name 'os' is not defined
2026-03-21 18:00:17,834 [ERROR] Failed to process /raw/IMG_0796.HEIC: name 'os' is not defined
2026-03-21 18:00:17,834 [ERROR] Failed to process /raw/IMG_0113.HEIC: name 'os' is not defined
2026-03-21 18:00:17,834 [ERROR] Failed to process /raw/IMG_2005.HEIC: name 'os' is not defined
2026-03-21 18:00:17,834 [ERROR] Failed to process /raw/IMG_1874.HEIC: name 'os' is not defined
2026-03-21 18:00:17,834 [ERROR] Failed to process /raw/IMG_1995.MOV: name 'os' is not defined
2026-03-21 18:00:17,834 [ERROR] Failed to process /raw/IMG_0281.HEIC: name 'os' is not defined
2026-03-21 18:00:17,834 [ERROR] Failed to process /raw/IMG_2128.HEIC: name 'os' is not defined
2026-03-21 18:00:17,834 [ERROR] Failed to process /raw/IMG_2132.HEIC: name 'os' is not defined
2026-03-21 18:00:17,834 [ERROR] Failed to process /raw/IMG_0234.HEIC: name 'os' is not defined
2026-03-21 18:00:17,834 [ERROR] Failed to process /raw/IMG_2131.HEIC: name 'os' is not defined
2026-03-21 18:00:17,834 [ERROR] Failed to process /raw/PXL_20260227_034350047.MP.jpg: name 'os' is not defined
2026-03-21 18:00:17,834 [ERROR] Failed to process /raw/IMG_2252.MOV: name 'os' is not defined
2026-03-21 18:00:17,834 [ERROR] Failed to process /raw/IMG_1864.HEIC: name 'os' is not defined
2026-03-21 18:00:17,834 [ERROR] Failed to process /raw/IMG_0143.HEIC: name 'os' is not defined
2026-03-21 18:00:17,834 [ERROR] Failed to process /raw/IMG_2258.HEIC: name 'os' is not defined
2026-03-21 18:00:17,835 [ERROR] Failed to process /raw/IMG_2220.HEIC: name 'os' is not defined
2026-03-21 18:00:17,835 [ERROR] Failed to process /raw/IMG_1927.HEIC: name 'os' is not defined
2026-03-21 18:00:17,835 [ERROR] Failed to process /raw/IMG_1834.HEIC: name 'os' is not defined
2026-03-21 18:00:17,835 [ERROR] Failed to process /raw/1DDB074D-9A12-4381-999A-EE50AD6B98C6.JPEG: name 'os' is not defined
2026-03-21 18:00:17,835 [ERROR] Failed to process /raw/IMG_2056.HEIC: name 'os' is not defined
2026-03-21 18:00:17,835 [ERROR] Failed to process /raw/PXL_20250927_024059889.JPEG: name 'os' is not defined
2026-03-21 18:00:17,835 [ERROR] Failed to process /raw/IMG_1865.HEIC: name 'os' is not defined
2026-03-21 18:00:17,835 [ERROR] Failed to process /raw/IMG_0286.HEIC: name 'os' is not defined
2026-03-21 18:00:17,835 [ERROR] Failed to process /raw/07363B24-FE56-4231-9F61-94359B3EF6DD.JPEG: name 'os' is not defined
2026-03-21 18:00:17,835 [ERROR] Failed to process /raw/IMG_0727.HEIC: name 'os' is not defined
2026-03-21 18:00:17,835 [ERROR] Failed to process /raw/IMG_0285.HEIC: name 'os' is not defined
2026-03-21 18:00:17,835 [ERROR] Failed to process /raw/IMG_2081.MOV: name 'os' is not defined
2026-03-21 18:00:17,835 [ERROR] Failed to process /raw/IMG_1812.HEIC: name 'os' is not defined
2026-03-21 18:00:17,835 [ERROR] Failed to process /raw/IMG_1662.HEIC: name 'os' is not defined
2026-03-21 18:00:17,835 [ERROR] Failed to process /raw/IMG_0271.HEIC: name 'os' is not defined
2026-03-21 18:00:17,835 [ERROR] Failed to process /raw/IMG_1513.HEIC: name 'os' is not defined
2026-03-21 18:00:17,835 [ERROR] Failed to process /raw/IMG_1237.HEIC: name 'os' is not defined
2026-03-21 18:00:17,835 [ERROR] Failed to process /raw/IMG_0700.HEIC: name 'os' is not defined
2026-03-21 18:00:17,836 [ERROR] Failed to process /raw/PXL_20260307_043148925.LS.mp4: name 'os' is not defined
2026-03-21 18:00:17,836 [ERROR] Failed to process /raw/IMG_1553.HEIC: name 'os' is not defined
2026-03-21 18:00:17,836 [ERROR] Failed to process /raw/IMG_1918.MOV: name 'os' is not defined
2026-03-21 18:00:17,836 [ERROR] Failed to process /raw/IMG_1768.HEIC: name 'os' is not defined
2026-03-21 18:00:17,836 [ERROR] Failed to process /raw/IMG_1932.MOV: name 'os' is not defined
2026-03-21 18:00:17,836 [ERROR] Failed to process /raw/IMG_0729.HEIC: name 'os' is not defined
2026-03-21 18:00:17,836 [ERROR] Failed to process /raw/IMG_2041.HEIC: name 'os' is not defined
2026-03-21 18:00:17,836 [ERROR] Failed to process /raw/IMG_0254.HEIC: name 'os' is not defined
2026-03-21 18:00:17,836 [ERROR] Failed to process /raw/IMG_0305.HEIC: name 'os' is not defined
2026-03-21 18:00:17,836 [ERROR] Failed to process /raw/IMG_1893.JPG: name 'os' is not defined
2026-03-21 18:00:17,836 [ERROR] Failed to process /raw/PXL_20260301_063506413.LS.mp4: name 'os' is not defined
2026-03-21 18:00:17,836 [ERROR] Failed to process /raw/IMG_0765.HEIC: name 'os' is not defined
2026-03-21 18:00:17,836 [ERROR] Failed to process /raw/IMG_2025.HEIC: name 'os' is not defined
2026-03-21 18:00:17,836 [ERROR] Failed to process /raw/IMG_2161.HEIC: name 'os' is not defined
2026-03-21 18:00:17,836 [ERROR] Failed to process /raw/IMG_1811.HEIC: name 'os' is not defined
2026-03-21 18:00:17,836 [ERROR] Failed to process /raw/IMG_2027.HEIC: name 'os' is not defined
2026-03-21 18:00:17,836 [ERROR] Failed to process /raw/IMG_0740.HEIC: name 'os' is not defined
2026-03-21 18:00:17,836 [ERROR] Failed to process /raw/IMG_1862.HEIC: name 'os' is not defined
