2026-04-02 16:17:33,306 [INFO] SUCCESS: IMG_0083.HEIC moved to /photos/2025年/08月/HIZ_SAT_20250811-130556.jpg
2026-04-02 16:17:44,956 [INFO] SUCCESS: IMG_1589.MOV moved to /photos/2025年/10月/HIZ_SAT_20251030-195228.mp4
2026-04-02 16:17:45,952 [INFO] SUCCESS: IMG_2169.HEIC moved to /photos/2026年/02月/HIZ_SAT_20260217-201212.jpg
2026-04-02 16:17:45,952 [INFO] SKIP: File already converted. IMG_0264.HEIC
2026-04-02 16:17:46,676 [INFO] SUCCESS: IMG_2109.HEIC moved to /photos/2026年/02月/HIZ_SAT_20260209-143408.jpg
2026-04-02 16:17:47,931 [INFO] SUCCESS: IMG_0099.HEIC moved to /photos/2025年/08月/HIZ_SAT_20250811-165019.jpg
2026-04-02 16:17:48,556 [INFO] SUCCESS: IMG_2103.HEIC moved to /photos/2026年/02月/HIZ_SAT_20260208-114417.jpg
2026-04-02 16:17:49,321 [INFO] SUCCESS: IMG_1904.HEIC moved to /photos/2026年/01月/HIZ_SAT_20260104-100150.jpg
2026-04-02 16:17:49,862 [INFO] SUCCESS: IMG_0894.HEIC moved to /photos/2025年/07月/HIZ_SAT_20250726-141506.jpg
2026-04-02 16:17:50,161 [INFO] SUCCESS: IMG_1875.HEIC moved to /photos/2026年/01月/HIZ_SAT_20260101-004057.jpg
2026-04-02 16:17:50,792 [INFO] SUCCESS: IMG_1871.HEIC moved to /photos/2025年/12月/HIZ_SAT_20251231-235557.jpg
2026-04-02 16:17:51,471 [INFO] SUCCESS: IMG_0710.HEIC moved to /photos/2025年/03月/HIZ_SAT_20250331-193114.jpg
2026-04-02 16:17:52,150 [INFO] SUCCESS: IMG_2017.HEIC moved to /photos/2026年/01月/HIZ_SAT_20260129-173743.jpg
2026-04-02 16:17:52,150 [INFO] SKIP: File already converted. IMG_0317.HEIC
2026-04-02 16:17:53,295 [INFO] SUCCESS: IMG_0148.HEIC moved to /photos/2025年/08月/HIZ_SAT_20250826-172904.jpg
2026-04-02 16:17:53,296 [INFO] SKIP: File already converted. IMG_0258.HEIC
2026-04-02 16:17:53,908 [INFO] SUCCESS: IMG_1816.HEIC moved to /photos/2025年/12月/HIZ_SAT_20251221-173433.jpg
2026-04-02 16:17:54,543 [INFO] SUCCESS: IMG_2260.HEIC moved to /photos/2026年/03月/HIZ_SAT_20260307-154547.jpg
2026-04-02 16:17:55,279 [INFO] SUCCESS: IMG_0630.HEIC moved to /photos/2025年/02月/HIZ_SAT_20250219-201058.jpg
2026-04-02 16:17:55,949 [INFO] SUCCESS: IMG_2241.HEIC moved to /photos/2026年/03月/HIZ_SAT_20260303-094310.jpg
2026-04-02 16:17:56,698 [INFO] SUCCESS: IMG_1601.HEIC moved to /photos/2025年/11月/HIZ_SAT_20251102-131957.jpg
2026-04-02 16:17:57,578 [INFO] SUCCESS: IMG_2079.HEIC moved to /photos/2026年/02月/HIZ_SAT_20260206-090136.jpg
2026-04-02 16:18:11,252 [INFO] SUCCESS: IMG_2177.MOV moved to /photos/2026年/02月/HIZ_SAT_20260219-142206.mp4
2026-04-02 16:18:11,285 [ERROR] Failed to process /raw/A8566DD2-CC35-4871-80A8-67CCB2B2763A.JPEG: Exif not found in <bound method Controller.get_file_name of <image.Controller object at 0x7fcdd5c4b7d0>>.
2026-04-02 16:18:12,188 [INFO] SUCCESS: IMG_0255.HEIC moved to /photos/2025年/09月/HIZ_SAT_20250926-142755.jpg
2026-04-02 16:18:12,189 [INFO] SKIP: File already converted. IMG_0329.HEIC
2026-04-02 16:18:12,306 [WARNING] SKIP: Destination already exist. /photos/2025年/09月/HIZ_RYO_20250927-161516.jpg
2026-04-02 16:18:18,787 [INFO] SUCCESS: IMG_0030.MOV moved to /photos/2025年/08月/HIZ__20250820-123803.mp4
2026-04-02 16:18:19,456 [INFO] SUCCESS: IMG_1826.HEIC moved to /photos/2025年/12月/HIZ_SAT_20251223-103601.jpg
2026-04-02 16:18:20,093 [INFO] SUCCESS: IMG_2335.HEIC moved to /photos/2026年/03月/HIZ_SAT_20260316-191432.jpg
2026-04-02 16:18:20,936 [INFO] SUCCESS: IMG_2064.HEIC moved to /photos/2026年/02月/HIZ_SAT_20260204-140104.jpg
2026-04-02 16:20:10,389 [INFO] SUCCESS: IMG_2018.MOV moved to /photos/2026年/01月/HIZ_SAT_20260129-173932.mp4
2026-04-02 16:20:20,846 [INFO] SUCCESS: IMG_0032.MOV moved to /photos/2025年/08月/HIZ__20250820-124609.mp4
2026-04-02 16:20:21,751 [INFO] SUCCESS: IMG_1940.HEIC moved to /photos/2026年/01月/HIZ_SAT_20260113-220414.jpg
2026-04-02 16:20:21,752 [INFO] SKIP: File already converted. IMG_0277.HEIC
2026-04-02 16:20:22,714 [INFO] SUCCESS: IMG_1152.HEIC moved to /photos/2025年/09月/HIZ_SAT_20250913-171256.jpg
2026-04-02 16:20:24,149 [INFO] SUCCESS: IMG_0149.HEIC moved to /photos/2025年/08月/HIZ_SAT_20250826-173335.jpg
2026-04-02 16:20:24,150 [INFO] SKIP: File already converted. IMG_0161.HEIC
2026-04-02 16:20:24,954 [INFO] SUCCESS: IMG_0903.HEIC moved to /photos/2025年/07月/HIZ_SAT_20250726-161542.jpg
2026-04-02 16:20:25,710 [INFO] SUCCESS: IMG_1226.HEIC moved to /photos/2025年/09月/HIZ_SAT_20250920-183646.jpg
2026-04-02 16:20:26,514 [INFO] SUCCESS: IMG_1010.HEIC moved to /photos/2025年/08月/HIZ_SAT_20250817-124527.jpg
2026-04-02 16:20:27,454 [INFO] SUCCESS: IMG_0764.HEIC moved to /photos/2025年/04月/HIZ_SAT_20250412-171635.jpg
2026-04-02 16:20:28,132 [INFO] SUCCESS: IMG_1980.HEIC moved to /photos/2026年/01月/HIZ_SAT_20260123-222054.jpg
2026-04-02 16:20:28,133 [INFO] SKIP: File already converted. IMG_0316.HEIC
2026-04-02 16:20:28,929 [INFO] SUCCESS: IMG_2369.HEIC moved to /photos/2026年/03月/HIZ_SAT_20260324-210433.jpg
2026-04-02 16:20:29,844 [INFO] SUCCESS: IMG_1286.HEIC moved to /photos/2025年/09月/HIZ_SAT_20250926-161609.jpg
2026-04-02 16:20:30,745 [INFO] SUCCESS: IMG_1263.HEIC moved to /photos/2025年/09月/HIZ_SAT_20250926-111047.jpg
2026-04-02 16:20:30,745 [INFO] SKIP: File already converted. IMG_0257.HEIC
2026-04-02 16:20:31,872 [INFO] SUCCESS: IMG_0124.HEIC moved to /photos/2025年/08月/HIZ_SAT_20250811-170218.jpg
2026-04-02 16:20:32,644 [INFO] SUCCESS: IMG_1957.HEIC moved to /photos/2026年/01月/HIZ_SAT_20260117-172429.jpg
2026-04-02 16:20:33,406 [INFO] SUCCESS: IMG_1748.HEIC moved to /photos/2025年/12月/HIZ_SAT_20251208-205003.jpg
2026-04-02 16:20:34,178 [INFO] SUCCESS: IMG_1746.HEIC moved to /photos/2025年/12月/HIZ_SAT_20251207-205238.jpg
2026-04-02 16:27:15,788 [INFO] SUCCESS: IMG_2035.MOV moved to /photos/2026年/02月/HIZ_SAT_20260201-224609.mp4
2026-04-02 16:27:16,774 [INFO] SUCCESS: IMG_1961.HEIC moved to /photos/2026年/01月/HIZ_SAT_20260118-220511.jpg
2026-04-02 16:27:17,719 [INFO] SUCCESS: IMG_1827.HEIC moved to /photos/2025年/12月/HIZ_SAT_20251223-185116.jpg
2026-04-02 16:27:37,264 [INFO] SUCCESS: IMG_2209.MOV moved to /photos/2026年/02月/HIZ_SAT_20260223-122423.mp4
2026-04-02 16:27:38,668 [INFO] SUCCESS: IMG_0692.HEIC moved to /photos/2025年/03月/HIZ_SAT_20250320-140601.jpg
2026-04-02 16:27:39,448 [INFO] SUCCESS: IMG_2189.HEIC moved to /photos/2026年/02月/HIZ_SAT_20260221-142244.jpg
2026-04-02 16:27:40,221 [INFO] SUCCESS: IMG_1255.HEIC moved to /photos/2025年/09月/HIZ_SAT_20250926-091927.jpg
2026-04-02 16:27:47,907 [INFO] SUCCESS: IMG_2072.MOV moved to /photos/2026年/02月/HIZ_SAT_20260205-170703.mp4
2026-04-02 16:27:48,838 [INFO] SUCCESS: IMG_2160.HEIC moved to /photos/2026年/02月/HIZ_SAT_20260217-163754.jpg
2026-04-02 16:27:49,586 [INFO] SUCCESS: IMG_0712.HEIC moved to /photos/2025年/04月/HIZ_SAT_20250401-200857.jpg
2026-04-02 16:27:50,726 [INFO] SUCCESS: IMG_1541.HEIC moved to /photos/2025年/10月/HIZ_SAT_20251018-141000.jpg
2026-04-02 16:27:52,886 [INFO] SUCCESS: IMG_1011.HEIC moved to /photos/2025年/08月/HIZ_SAT_20250817-143859.jpg
2026-04-02 16:27:53,559 [INFO] SUCCESS: IMG_0680.HEIC moved to /photos/2025年/03月/HIZ_SAT_20250310-201004.jpg
2026-04-02 16:27:54,227 [INFO] SUCCESS: IMG_1015.HEIC moved to /photos/2025年/08月/HIZ_SAT_20250817-165856.jpg
2026-04-02 16:28:25,899 [INFO] SUCCESS: IMG_1925.MOV moved to /photos/2026年/01月/HIZ_SAT_20260110-181905.mp4
2026-04-02 16:28:26,659 [INFO] SUCCESS: IMG_0626.HEIC moved to /photos/2025年/02月/HIZ_SAT_20250217-195143.jpg
2026-04-02 16:28:27,398 [INFO] SUCCESS: IMG_1899.HEIC moved to /photos/2026年/01月/HIZ_SAT_20260103-132749.jpg
2026-04-02 16:28:27,398 [INFO] SKIP: File already converted. IMG_0164.HEIC
2026-04-02 16:28:28,292 [INFO] SUCCESS: IMG_0236.HEIC moved to /photos/2025年/08月/HIZ_SAT_20250830-191338.jpg
2026-04-02 16:28:28,922 [INFO] SUCCESS: IMG_0743.HEIC moved to /photos/2025年/04月/HIZ_SAT_20250412-150032.jpg
2026-04-02 16:28:29,715 [INFO] SUCCESS: IMG_1525.HEIC moved to /photos/2025年/10月/HIZ_SAT_20251011-161042.jpg
2026-04-02 16:32:32,639 [INFO] SUCCESS: IMG_2026.MOV moved to /photos/2026年/01月/HIZ_SAT_20260131-211435.mp4
2026-04-02 16:32:33,956 [INFO] SUCCESS: IMG_1144.HEIC moved to /photos/2025年/09月/HIZ_SAT_20250913-151907.jpg
2026-04-02 16:32:34,584 [INFO] SUCCESS: IMG_0928.HEIC moved to /photos/2025年/08月/HIZ_SAT_20250802-215702.jpg
2026-04-02 16:51:24,000 [INFO] SUCCESS: IMG_2256.MOV moved to /photos/2026年/03月/HIZ_SAT_20260307-125016.mp4
2026-04-02 16:51:25,354 [INFO] SUCCESS: IMG_0235.HEIC moved to /photos/2025年/08月/HIZ_SAT_20250830-185750.jpg
2026-04-02 16:51:25,355 [INFO] SKIP: File already converted. IMG_0165.HEIC
2026-04-02 16:51:26,292 [INFO] SUCCESS: IMG_1153.HEIC moved to /photos/2025年/09月/HIZ_SAT_20250914-165828.jpg
2026-04-02 16:51:26,346 [INFO] SKIP: File already converted. IMG_0256.HEIC
2026-04-02 16:51:27,126 [INFO] SUCCESS: IMG_1769.HEIC moved to /photos/2025年/12月/HIZ_SAT_20251212-232624.jpg
2026-04-02 16:51:27,980 [INFO] SUCCESS: IMG_1511.HEIC moved to /photos/2025年/09月/HIZ_SAT_20250930-214846.jpg
2026-04-02 16:51:42,006 [INFO] SUCCESS: IMG_0295.MOV moved to /photos/2025年/09月/HIZ_SAT_20250927-110016.mp4
2026-04-02 16:51:43,072 [INFO] SUCCESS: IMG_2268.HEIC moved to /photos/2026年/03月/HIZ_SAT_20260308-130000.jpg
2026-04-02 16:51:44,228 [INFO] SUCCESS: IMG_1953.HEIC moved to /photos/2026年/01月/HIZ_SAT_20260117-164150.jpg
2026-04-02 16:51:45,157 [INFO] SUCCESS: IMG_0722.HEIC moved to /photos/2025年/04月/HIZ_SAT_20250405-180037.jpg
2026-04-02 16:51:45,953 [INFO] SUCCESS: IMG_0636.HEIC moved to /photos/2025年/02月/HIZ_SAT_20250221-204738.jpg
2026-04-02 16:51:46,834 [INFO] SUCCESS: IMG_0745.HEIC moved to /photos/2025年/04月/HIZ_SAT_20250412-152128.jpg
2026-04-02 16:51:47,342 [INFO] SUCCESS: IMG_2023.HEIC moved to /photos/2026年/01月/HIZ_SAT_20260131-163133.jpg
2026-04-02 16:51:48,101 [INFO] SUCCESS: IMG_2285.HEIC moved to /photos/2026年/03月/HIZ_SAT_20260310-205122.jpg
2026-04-02 16:51:48,995 [INFO] SUCCESS: IMG_2176.HEIC moved to /photos/2026年/02月/HIZ_SAT_20260219-141927.jpg
2026-04-02 16:52:02,254 [INFO] SUCCESS: IMG_0026.MOV moved to /photos/2025年/08月/HIZ__20250820-122207.mp4
2026-04-02 16:52:03,157 [INFO] SUCCESS: IMG_1951.HEIC moved to /photos/2026年/01月/HIZ_SAT_20260117-094958.jpg
2026-04-02 16:52:03,870 [INFO] SUCCESS: IMG_1919.HEIC moved to /photos/2026年/01月/HIZ_SAT_20260108-204124.jpg
2026-04-02 16:52:51,793 [INFO] SUCCESS: IMG_2006.MOV moved to /photos/2026年/01月/HIZ_SAT_20260128-113353.mp4
2026-04-02 16:52:51,794 [INFO] SKIP: File already converted. IMG_0322.HEIC
2026-04-02 16:52:53,174 [INFO] SUCCESS: IMG_1236.HEIC moved to /photos/2025年/09月/HIZ_SAT_20250923-135348.jpg
2026-04-02 16:52:53,212 [ERROR] Failed to process /raw/8DF6747D-3949-40B9-A208-629E9363ECF8.JPEG: Exif not found in <bound method Controller.get_file_name of <image.Controller object at 0x7fcdd9233ed0>>.
2026-04-02 16:52:54,698 [INFO] SUCCESS: IMG_0723.HEIC moved to /photos/2025年/04月/HIZ_SAT_20250405-184239.jpg
2026-04-02 16:52:56,071 [INFO] SUCCESS: IMG_0154.HEIC moved to /photos/2025年/08月/HIZ_SAT_20250826-180506.jpg
2026-04-02 16:52:57,254 [INFO] SUCCESS: IMG_1926.HEIC moved to /photos/2026年/01月/HIZ_SAT_20260110-230111.jpg
2026-04-02 16:52:58,385 [INFO] SUCCESS: IMG_1876.HEIC moved to /photos/2026年/01月/HIZ_SAT_20260101-134120.jpg
2026-04-02 16:52:59,641 [INFO] SUCCESS: IMG_2055.HEIC moved to /photos/2026年/02月/HIZ_SAT_20260203-201222.jpg
2026-04-02 16:52:59,738 [INFO] SUCCESS: PXL_20260308_011228136.jpg moved to /photos/2026年/03月/HIZ_RYO_20260308-101228.jpg
2026-04-02 16:53:00,791 [INFO] SUCCESS: IMG_1825.HEIC moved to /photos/2025年/12月/HIZ_SAT_20251223-091143.jpg
2026-04-02 16:53:01,730 [INFO] SUCCESS: IMG_1823.HEIC moved to /photos/2025年/12月/HIZ_SAT_20251222-213930.jpg
2026-04-02 16:53:03,011 [INFO] SUCCESS: IMG_0438.HEIC moved to /photos/2025年/12月/HIZ_SAT_20251225-220849.jpg
2026-04-02 16:53:46,812 [INFO] SUCCESS: IMG_2042.MOV moved to /photos/2026年/02月/HIZ_SAT_20260202-144419.mp4
2026-04-02 16:53:46,813 [INFO] SKIP: File already converted. IMG_0266.HEIC
2026-04-02 16:53:46,831 [ERROR] Failed to process /raw/IMG_1049.JPG: Exif not found in <bound method Controller.get_file_name of <image.Controller object at 0x7fcdd5cd7210>>.
2026-04-02 16:53:48,373 [INFO] SUCCESS: IMG_2153.HEIC moved to /photos/2026年/02月/HIZ_SAT_20260215-140125.jpg
2026-04-02 16:53:48,971 [INFO] SUCCESS: IMG_2246.HEIC moved to /photos/2026年/03月/HIZ_SAT_20260303-230211.jpg
2026-04-02 16:53:50,069 [INFO] SUCCESS: IMG_0311.HEIC moved to /photos/2025年/09月/HIZ_SAT_20250927-113354.jpg
2026-04-02 16:53:50,876 [INFO] SUCCESS: IMG_2004.HEIC moved to /photos/2026年/01月/HIZ_SAT_20260128-100659.jpg
2026-04-02 16:53:50,979 [ERROR] Failed to process /raw/IMG_1890.JPG: Exif not found in <bound method Controller.get_file_name of <image.Controller object at 0x7fcdd5cd7210>>.
2026-04-02 16:53:51,478 [INFO] SUCCESS: IMG_1289.HEIC moved to /photos/2025年/09月/HIZ_SAT_20250927-101206.jpg
2026-04-02 16:53:52,291 [INFO] SUCCESS: IMG_2353.HEIC moved to /photos/2026年/03月/HIZ_SAT_20260320-133459.jpg
2026-04-02 16:55:34,969 [INFO] SUCCESS: IMG_1948.MOV moved to /photos/2026年/01月/HIZ_SAT_20260116-090435.mp4
2026-04-02 16:55:35,813 [INFO] SUCCESS: IMG_1829.HEIC moved to /photos/2025年/12月/HIZ_SAT_20251224-184800.jpg
2026-04-02 16:55:36,561 [INFO] SUCCESS: IMG_2210.HEIC moved to /photos/2026年/02月/HIZ_SAT_20260223-135328.jpg
2026-04-02 16:55:36,668 [INFO] SUCCESS: PXL_20260307_054230391.MP.jpg moved to /photos/2026年/03月/HIZ_RYO_20260307-144230.jpg
2026-04-02 16:55:38,327 [INFO] SUCCESS: IMG_0766.HEIC moved to /photos/2025年/04月/HIZ_SAT_20250412-171723.jpg
2026-04-02 16:55:39,016 [INFO] SUCCESS: IMG_1518.HEIC moved to /photos/2025年/10月/HIZ_SAT_20251007-210415.jpg
2026-04-02 16:57:20,247 [INFO] SUCCESS: IMG_1771.MOV moved to /photos/2025年/12月/HIZ_SAT_20251214-173631.mp4
2026-04-02 16:57:21,031 [INFO] SUCCESS: IMG_1154.HEIC moved to /photos/2025年/09月/HIZ_SAT_20250914-165841.jpg
2026-04-02 16:57:21,948 [INFO] SUCCESS: IMG_2202.HEIC moved to /photos/2026年/02月/HIZ_SAT_20260222-205524.jpg
2026-04-02 16:57:21,948 [INFO] SKIP: File already converted. IMG_0224.HEIC
2026-04-02 16:57:23,112 [INFO] SUCCESS: IMG_0754.HEIC moved to /photos/2025年/04月/HIZ_SAT_20250412-154114.jpg
2026-04-02 16:57:24,125 [INFO] SUCCESS: IMG_0763.HEIC moved to /photos/2025年/04月/HIZ_SAT_20250412-171621.jpg
2026-04-02 16:57:25,434 [INFO] SUCCESS: IMG_0102.HEIC moved to /photos/2025年/08月/HIZ_SAT_20250811-165352.jpg
2026-04-02 16:57:26,107 [INFO] SUCCESS: IMG_0661.HEIC moved to /photos/2025年/02月/HIZ_SAT_20250227-210806.jpg
2026-04-02 16:57:40,608 [INFO] SUCCESS: IMG_0172.MOV moved to /photos/2025年/08月/HIZ_SAT_20250826-190925.mp4
2026-04-02 16:57:41,573 [INFO] SUCCESS: IMG_2305.HEIC moved to /photos/2026年/03月/HIZ_SAT_20260312-220414.jpg
2026-04-02 16:57:41,636 [INFO] SUCCESS: PXL_20260301_111818651.jpg moved to /photos/2026年/03月/HIZ_RYO_20260301-201818.jpg
2026-04-02 16:57:41,684 [ERROR] Failed to process /raw/6D6D2D8A-A7BA-4117-B09E-61C777E50C2F.JPEG: Exif not found in <bound method Controller.get_file_name of <image.Controller object at 0x7fcdd55f7550>>.
2026-04-02 16:57:42,434 [INFO] SUCCESS: IMG_2191.HEIC moved to /photos/2026年/02月/HIZ_SAT_20260222-105144.jpg
2026-04-02 16:57:43,162 [INFO] SUCCESS: IMG_1535.HEIC moved to /photos/2025年/10月/HIZ_SAT_20251017-214020.jpg
2026-04-02 17:00:02,131 [INFO] SUCCESS: IMG_2196.MOV moved to /photos/2026年/02月/HIZ_SAT_20260222-155629.mp4
2026-04-02 17:00:03,160 [INFO] SUCCESS: IMG_1934.HEIC moved to /photos/2026年/01月/HIZ_SAT_20260111-225612.jpg
2026-04-02 17:00:04,683 [INFO] SUCCESS: IMG_0189.HEIC moved to /photos/2025年/08月/HIZ_SAT_20250826-193812.jpg
2026-04-02 17:00:04,683 [INFO] SKIP: File already converted. IMG_0273.HEIC
2026-04-02 17:00:05,602 [INFO] SUCCESS: IMG_1234.HEIC moved to /photos/2025年/09月/HIZ_SAT_20250923-130459.jpg
2026-04-02 17:00:06,598 [INFO] SUCCESS: IMG_1276.HEIC moved to /photos/2025年/09月/HIZ_SAT_20250926-131240.jpg
2026-04-02 17:00:07,386 [INFO] SUCCESS: IMG_1691.HEIC moved to /photos/2025年/11月/HIZ_SAT_20251123-143015.jpg
2026-04-02 17:00:08,289 [INFO] SUCCESS: IMG_1770.HEIC moved to /photos/2025年/12月/HIZ_SAT_20251214-165048.jpg
2026-04-02 17:00:08,967 [INFO] SUCCESS: IMG_0632.HEIC moved to /photos/2025年/02月/HIZ_SAT_20250219-205718.jpg
2026-04-02 17:00:11,182 [INFO] SUCCESS: PXL_20260304_111401042.LS.mp4 moved to /photos/2026年/03月/HIZ_RYO_20260304-201401.mp4
2026-04-02 17:01:35,383 [INFO] SUCCESS: IMG_1929.MOV moved to /photos/2026年/01月/HIZ_SAT_20260111-092737.mp4
2026-04-02 17:01:36,865 [INFO] SUCCESS: IMG_1978.HEIC moved to /photos/2026年/01月/HIZ_SAT_20260123-204314.jpg
2026-04-02 17:01:37,566 [INFO] SUCCESS: IMG_0704.HEIC moved to /photos/2025年/03月/HIZ_SAT_20250325-200924.jpg
2026-04-02 17:01:37,623 [WARNING] SKIP: Destination already exist. /photos/2025年/09月/HIZ_RYO_20250927-092959.jpg
2026-04-02 17:01:38,351 [INFO] SUCCESS: IMG_2320.HEIC moved to /photos/2026年/03月/HIZ_SAT_20260315-143503.jpg
2026-04-02 17:01:38,924 [INFO] SUCCESS: IMG_1913.HEIC moved to /photos/2026年/01月/HIZ_SAT_20260108-084508.jpg
2026-04-02 17:01:39,690 [INFO] SUCCESS: IMG_1776.HEIC moved to /photos/2025年/12月/HIZ_SAT_20251216-181629.jpg
2026-04-02 17:01:40,359 [INFO] SUCCESS: IMG_1274.HEIC moved to /photos/2025年/09月/HIZ_SAT_20250926-130454.jpg
2026-04-02 17:01:41,236 [INFO] SUCCESS: IMG_0682.HEIC moved to /photos/2025年/03月/HIZ_SAT_20250311-194926.jpg
2026-04-02 17:01:41,938 [INFO] SUCCESS: IMG_1977.HEIC moved to /photos/2026年/01月/HIZ_SAT_20260123-132233.jpg
2026-04-02 17:01:42,667 [INFO] SUCCESS: IMG_0771.HEIC moved to /photos/2025年/04月/HIZ_SAT_20250414-194744.jpg
2026-04-02 17:01:42,748 [INFO] SUCCESS: PXL_20260307_043146401.jpg moved to /photos/2026年/03月/HIZ_RYO_20260307-133146.jpg
2026-04-02 17:01:42,777 [INFO] SKIP: File already converted. IMG_0225.HEIC
2026-04-02 17:01:43,425 [INFO] SUCCESS: IMG_2078.HEIC moved to /photos/2026年/02月/HIZ_SAT_20260205-215443.jpg
2026-04-02 17:01:43,425 [INFO] SKIP: File already converted. IMG_1291.HEIC
2026-04-02 17:01:44,195 [INFO] SUCCESS: IMG_2277.HEIC moved to /photos/2026年/03月/HIZ_SAT_20260310-163402.jpg
2026-04-02 17:01:45,306 [INFO] SUCCESS: IMG_0194.HEIC moved to /photos/2025年/08月/HIZ_SAT_20250826-194408.jpg
2026-04-02 17:01:46,614 [INFO] SUCCESS: IMG_0107.HEIC moved to /photos/2025年/08月/HIZ_SAT_20250811-165431.jpg
2026-04-02 17:01:47,388 [INFO] SUCCESS: IMG_1979.HEIC moved to /photos/2026年/01月/HIZ_SAT_20260123-221746.jpg
2026-04-02 17:01:47,884 [INFO] SUCCESS: IMG_1984.HEIC moved to /photos/2026年/01月/HIZ_SAT_20260124-150418.jpg
2026-04-02 17:01:48,590 [INFO] SUCCESS: IMG_1013.HEIC moved to /photos/2025年/08月/HIZ_SAT_20250817-150414.jpg
2026-04-02 17:01:48,591 [INFO] SKIP: File already converted. IMG_0265.HEIC
2026-04-02 17:01:49,389 [INFO] SUCCESS: IMG_0261.HEIC moved to /photos/2025年/09月/HIZ_SAT_20250926-152716.jpg
2026-04-02 17:01:49,509 [INFO] SUCCESS: PXL_20260227_080714837.jpg moved to /photos/2026年/02月/HIZ_RYO_20260227-170714.jpg
2026-04-02 17:02:09,430 [INFO] SUCCESS: IMG_2316.MOV moved to /photos/2026年/03月/HIZ_SAT_20260313-201650.mp4
2026-04-02 17:02:10,500 [INFO] SUCCESS: IMG_0639.HEIC moved to /photos/2025年/02月/HIZ_SAT_20250222-170809.jpg
2026-04-02 17:02:11,210 [INFO] SUCCESS: IMG_0744.HEIC moved to /photos/2025年/04月/HIZ_SAT_20250412-150040.jpg
2026-04-02 17:02:11,949 [INFO] SUCCESS: IMG_0999.HEIC moved to /photos/2025年/08月/HIZ_SAT_20250814-201919.jpg
2026-04-02 17:02:13,395 [INFO] SUCCESS: IMG_0147.HEIC moved to /photos/2025年/08月/HIZ_SAT_20250826-172828.jpg
2026-04-02 17:02:14,404 [INFO] SUCCESS: IMG_0157.HEIC moved to /photos/2025年/08月/HIZ_SAT_20250826-180751.jpg
2026-04-02 17:02:18,608 [INFO] SUCCESS: IMG_0024.MOV moved to /photos/2025年/08月/HIZ__20250820-115049.mp4
2026-04-02 17:02:19,458 [INFO] SUCCESS: IMG_1270.HEIC moved to /photos/2025年/09月/HIZ_SAT_20250926-113940.jpg
2026-04-02 17:02:20,135 [INFO] SUCCESS: IMG_1963.HEIC moved to /photos/2026年/01月/HIZ_SAT_20260118-220522.jpg
2026-04-02 17:02:20,743 [INFO] SUCCESS: IMG_0688.HEIC moved to /photos/2025年/03月/HIZ_SAT_20250318-195638.jpg
2026-04-02 17:02:21,548 [INFO] SUCCESS: IMG_1232.HEIC moved to /photos/2025年/09月/HIZ_SAT_20250923-125751.jpg
2026-04-02 17:02:22,354 [INFO] SUCCESS: IMG_1954.HEIC moved to /photos/2026年/01月/HIZ_SAT_20260117-164416.jpg
2026-04-02 17:02:23,955 [INFO] SUCCESS: IMG_0103.HEIC moved to /photos/2025年/08月/HIZ_SAT_20250811-165357.jpg
2026-04-02 17:02:35,960 [INFO] SUCCESS: IMG_2311.MOV moved to /photos/2026年/03月/HIZ_SAT_20260313-100609.mp4
2026-04-02 17:02:36,827 [INFO] SUCCESS: IMG_2352.HEIC moved to /photos/2026年/03月/HIZ_SAT_20260320-133456.jpg
2026-04-02 17:02:37,941 [INFO] SUCCESS: IMG_0094.HEIC moved to /photos/2025年/08月/HIZ_SAT_20250811-164543.jpg
2026-04-02 17:02:37,941 [INFO] SKIP: File already converted. IMG_0213.HEIC
2026-04-02 17:02:38,650 [INFO] SUCCESS: IMG_2364.HEIC moved to /photos/2026年/03月/HIZ_SAT_20260324-184225.jpg
2026-04-02 17:02:38,747 [INFO] SUCCESS: PXL_20260227_000754975.jpg moved to /photos/2026年/02月/HIZ_RYO_20260227-090754.jpg
2026-04-02 17:02:39,483 [INFO] SUCCESS: IMG_2194.HEIC moved to /photos/2026年/02月/HIZ_SAT_20260222-123554.jpg
2026-04-02 17:02:40,174 [INFO] SUCCESS: IMG_0625.HEIC moved to /photos/2025年/02月/HIZ_SAT_20250217-195139.jpg
2026-04-02 17:02:40,781 [INFO] SUCCESS: IMG_1588.HEIC moved to /photos/2025年/10月/HIZ_SAT_20251030-160007.jpg
2026-04-02 17:02:42,375 [INFO] SUCCESS: IMG_0297.HEIC moved to /photos/2025年/09月/HIZ_SAT_20250927-112845.jpg
2026-04-02 17:02:43,185 [INFO] SUCCESS: IMG_0897.HEIC moved to /photos/2025年/07月/HIZ_SAT_20250726-142030.jpg
2026-04-02 17:02:43,916 [INFO] SUCCESS: IMG_1767.HEIC moved to /photos/2025年/12月/HIZ_SAT_20251212-213446.jpg
2026-04-02 17:02:44,731 [INFO] SUCCESS: IMG_1141.HEIC moved to /photos/2025年/09月/HIZ_SAT_20250913-135051.jpg
2026-04-02 17:02:45,463 [INFO] SUCCESS: IMG_0644.HEIC moved to /photos/2025年/02月/HIZ_SAT_20250223-132129.jpg
2026-04-02 17:02:54,971 [INFO] SUCCESS: IMG_0029.MOV moved to /photos/2025年/08月/HIZ__20250820-123528.mp4
2026-04-02 17:02:55,781 [INFO] SUCCESS: IMG_2069.HEIC moved to /photos/2026年/02月/HIZ_SAT_20260204-150206.jpg
2026-04-02 17:02:56,676 [INFO] SUCCESS: IMG_0778.HEIC moved to /photos/2025年/04月/HIZ_SAT_20250418-132915.jpg
2026-04-02 17:02:56,676 [INFO] SKIP: File already converted. IMG_0334.HEIC
2026-04-02 17:03:21,732 [INFO] SUCCESS: IMG_0246.MOV moved to /photos/2025年/09月/HIZ_SAT_20250926-141318.mp4
2026-04-02 17:03:23,274 [INFO] SUCCESS: IMG_2008.HEIC moved to /photos/2026年/01月/HIZ_SAT_20260128-120813.jpg
2026-04-02 17:03:23,318 [ERROR] Failed to process /raw/0BB7E5CF-66FC-4DE4-B1E2-6C81FD3D527E.JPEG: Exif not found in <bound method Controller.get_file_name of <image.Controller object at 0x7fcdd55e5a90>>.
2026-04-02 17:03:24,084 [INFO] SUCCESS: IMG_1515.HEIC moved to /photos/2025年/10月/HIZ_SAT_20251005-154654.jpg
2026-04-02 17:03:24,718 [INFO] SUCCESS: IMG_0289.HEIC moved to /photos/2025年/09月/HIZ_SAT_20250927-100035.jpg
2026-04-02 17:03:35,360 [INFO] SUCCESS: IMG_0025.MOV moved to /photos/2025年/08月/HIZ__20250820-115928.mp4
2026-04-02 17:03:37,138 [INFO] SUCCESS: IMG_2244.HEIC moved to /photos/2026年/03月/HIZ_SAT_20260303-120104.jpg
2026-04-02 17:03:37,139 [INFO] SKIP: File already converted. IMG_0227.HEIC
2026-04-02 17:03:37,170 [ERROR] Failed to process /raw/IMG_1052.JPG: Exif not found in <bound method Controller.get_file_name of <image.Controller object at 0x7fcdd55f7650>>.
2026-04-02 17:03:38,239 [INFO] SUCCESS: IMG_0287.HEIC moved to /photos/2025年/09月/HIZ_SAT_20250927-100024.jpg
2026-04-02 17:03:38,990 [INFO] SUCCESS: IMG_0238.HEIC moved to /photos/2025年/08月/HIZ_SAT_20250830-200342.jpg
2026-04-02 17:03:39,781 [INFO] SUCCESS: IMG_2232.HEIC moved to /photos/2026年/03月/HIZ_SAT_20260301-150713.jpg
2026-04-02 17:03:40,490 [INFO] SUCCESS: IMG_1861.HEIC moved to /photos/2025年/12月/HIZ_SAT_20251231-181848.jpg
2026-04-02 17:03:40,517 [INFO] SKIP: File already converted. IMG_0253.HEIC
2026-04-02 17:04:06,365 [INFO] SUCCESS: IMG_1900.MOV moved to /photos/2026年/01月/HIZ_SAT_20260103-132806.mp4
2026-04-02 17:04:09,303 [INFO] SUCCESS: IMG_2001.HEIC moved to /photos/2026年/01月/HIZ_SAT_20260127-191018.jpg
2026-04-02 17:04:10,080 [INFO] SUCCESS: IMG_2211.HEIC moved to /photos/2026年/02月/HIZ_SAT_20260223-201933.jpg
2026-04-02 17:04:10,567 [INFO] SUCCESS: IMG_0249.HEIC moved to /photos/2025年/09月/HIZ_SAT_20250926-141536.jpg
2026-04-02 17:04:11,283 [INFO] SUCCESS: IMG_1122.HEIC moved to /photos/2025年/09月/HIZ_SAT_20250904-213220.jpg
2026-04-02 17:04:11,967 [INFO] SUCCESS: IMG_0643.HEIC moved to /photos/2025年/02月/HIZ_SAT_20250222-194738.jpg
2026-04-02 17:04:13,658 [INFO] SUCCESS: IMG_0756.HEIC moved to /photos/2025年/04月/HIZ_SAT_20250412-160119.jpg
2026-04-02 17:08:09,978 [INFO] SUCCESS: IMG_2045.MOV moved to /photos/2026年/02月/HIZ_SAT_20260202-165031.mp4
2026-04-02 17:08:09,992 [INFO] SKIP: File already converted. IMG_0278.HEIC
2026-04-02 17:08:10,867 [INFO] SUCCESS: IMG_1983.HEIC moved to /photos/2026年/01月/HIZ_SAT_20260124-150403.jpg
2026-04-02 17:08:12,185 [INFO] SUCCESS: IMG_1279.HEIC moved to /photos/2025年/09月/HIZ_SAT_20250926-131523.jpg
2026-04-02 17:08:12,213 [ERROR] Failed to process /raw/IMG_1048.JPG: Exif not found in <bound method Controller.get_file_name of <image.Controller object at 0x7fcdd55f7650>>.
2026-04-02 17:08:13,258 [INFO] SUCCESS: IMG_0724.HEIC moved to /photos/2025年/04月/HIZ_SAT_20250405-190025.jpg
2026-04-02 17:08:13,996 [INFO] SUCCESS: IMG_2073.HEIC moved to /photos/2026年/02月/HIZ_SAT_20260205-170718.jpg
2026-04-02 17:08:14,017 [ERROR] Failed to process /raw/IMG_1051.JPG: Exif not found in <bound method Controller.get_file_name of <image.Controller object at 0x7fcdd55f5550>>.
2026-04-02 17:08:14,644 [INFO] SUCCESS: IMG_0736.HEIC moved to /photos/2025年/04月/HIZ_SAT_20250407-202240.jpg
2026-04-02 17:08:15,484 [INFO] SUCCESS: IMG_1148.HEIC moved to /photos/2025年/09月/HIZ_SAT_20250913-155037.jpg
2026-04-02 17:10:05,968 [INFO] SUCCESS: IMG_2059.MOV moved to /photos/2026年/02月/HIZ_SAT_20260204-135641.mp4
2026-04-02 17:10:05,968 [INFO] SKIP: File already converted. IMG_0272.HEIC
2026-04-02 17:10:06,984 [INFO] SUCCESS: IMG_1854.HEIC moved to /photos/2025年/12月/HIZ_SAT_20251231-000423.jpg
2026-04-02 17:10:08,206 [INFO] SUCCESS: IMG_0331.HEIC moved to /photos/2025年/09月/HIZ_SAT_20250927-150220.jpg
2026-04-02 17:10:09,183 [WARNING] SKIP: Destination already exist. /photos/2025年/09月/HIZ_SAT_20250926-142755.jpg
2026-04-02 17:10:10,254 [INFO] SUCCESS: IMG_2235.HEIC moved to /photos/2026年/03月/HIZ_SAT_20260301-150809.jpg
2026-04-02 17:10:11,092 [INFO] SUCCESS: IMG_0937.HEIC moved to /photos/2025年/08月/HIZ_SAT_20250811-163216.jpg
2026-04-02 17:10:12,785 [INFO] SUCCESS: IMG_0250.HEIC moved to /photos/2025年/09月/HIZ_SAT_20250926-142038.jpg
2026-04-02 17:10:13,568 [INFO] SUCCESS: IMG_2351.HEIC moved to /photos/2026年/03月/HIZ_SAT_20260320-133416.jpg
2026-04-02 17:10:14,287 [INFO] SUCCESS: IMG_0932.HEIC moved to /photos/2025年/08月/HIZ_SAT_20250805-205724.jpg
2026-04-02 17:10:15,098 [INFO] SUCCESS: IMG_2141.HEIC moved to /photos/2026年/02月/HIZ_SAT_20260213-074039.jpg
2026-04-02 17:10:16,044 [INFO] SUCCESS: IMG_0748.HEIC moved to /photos/2025年/04月/HIZ_SAT_20250412-152854.jpg
2026-04-02 17:10:16,866 [INFO] SUCCESS: IMG_1140.HEIC moved to /photos/2025年/09月/HIZ_SAT_20250913-135044.jpg
2026-04-02 17:10:17,546 [INFO] SUCCESS: IMG_0871.HEIC moved to /photos/2025年/07月/HIZ_SAT_20250719-124348.jpg
2026-04-02 17:10:18,096 [INFO] SUCCESS: IMG_0169.HEIC moved to /photos/2025年/08月/HIZ_SAT_20250826-190001.jpg
2026-04-02 17:10:19,371 [INFO] SUCCESS: IMG_0291.HEIC moved to /photos/2025年/09月/HIZ_SAT_20250927-101800.jpg
2026-04-02 17:10:19,981 [INFO] SUCCESS: IMG_2340.HEIC moved to /photos/2026年/03月/HIZ_SAT_20260317-152025.jpg
2026-04-02 17:10:38,675 [INFO] SUCCESS: IMG_0220.MOV moved to /photos/2025年/08月/HIZ_SAT_20250826-201546.mp4
2026-04-02 17:10:40,353 [INFO] SUCCESS: IMG_0186.HEIC moved to /photos/2025年/08月/HIZ_SAT_20250826-193650.jpg
2026-04-02 17:10:41,367 [INFO] SUCCESS: IMG_1982.HEIC moved to /photos/2026年/01月/HIZ_SAT_20260124-110716.jpg
2026-04-02 17:10:42,087 [INFO] SUCCESS: IMG_0134.HEIC moved to /photos/2025年/08月/HIZ_SAT_20250820-154059.jpg
2026-04-02 17:10:42,808 [INFO] SUCCESS: IMG_0728.HEIC moved to /photos/2025年/04月/HIZ_SAT_20250405-195548.jpg
2026-04-02 17:10:43,577 [INFO] SUCCESS: IMG_1505.HEIC moved to /photos/2025年/09月/HIZ_SAT_20250928-213122.jpg
2026-04-02 17:10:44,320 [INFO] SUCCESS: IMG_2127.HEIC moved to /photos/2026年/02月/HIZ_SAT_20260211-163948.jpg
2026-04-02 17:10:45,410 [INFO] SUCCESS: IMG_2168.HEIC moved to /photos/2026年/02月/HIZ_SAT_20260217-201208.jpg
2026-04-02 17:10:46,144 [INFO] SUCCESS: IMG_2261.HEIC moved to /photos/2026年/03月/HIZ_SAT_20260307-154854.jpg
2026-04-02 17:10:46,949 [INFO] SUCCESS: IMG_2135.HEIC moved to /photos/2026年/02月/HIZ_SAT_20260211-201302.jpg
2026-04-02 17:10:47,735 [INFO] SUCCESS: IMG_0691.HEIC moved to /photos/2025年/03月/HIZ_SAT_20250320-140236.jpg
2026-04-02 17:10:48,656 [INFO] SUCCESS: IMG_0732.HEIC moved to /photos/2025年/04月/HIZ_SAT_20250405-200947.jpg
2026-04-02 17:10:49,408 [INFO] SUCCESS: IMG_1987.HEIC moved to /photos/2026年/01月/HIZ_SAT_20260124-214718.jpg
2026-04-02 17:10:50,189 [INFO] SUCCESS: IMG_1139.HEIC moved to /photos/2025年/09月/HIZ_SAT_20250913-125704.jpg
2026-04-02 17:10:50,874 [INFO] SUCCESS: IMG_1150.HEIC moved to /photos/2025年/09月/HIZ_SAT_20250913-164012.jpg
2026-04-02 17:10:50,875 [INFO] SKIP: File already converted. IMG_0314.HEIC
2026-04-02 17:10:51,721 [INFO] SUCCESS: IMG_2024.HEIC moved to /photos/2026年/01月/HIZ_SAT_20260131-163414.jpg
2026-04-02 17:10:52,295 [INFO] SUCCESS: IMG_1231.HEIC moved to /photos/2025年/09月/HIZ_SAT_20250923-125441.jpg
2026-04-02 17:10:53,275 [INFO] SUCCESS: PXL_20260304_111509361.LS.mp4 moved to /photos/2026年/03月/HIZ_RYO_20260304-201509.mp4
2026-04-02 17:10:54,145 [INFO] SUCCESS: IMG_0752.HEIC moved to /photos/2025年/04月/HIZ_SAT_20250412-153609.jpg
2026-04-02 17:10:55,023 [INFO] SUCCESS: IMG_0188.HEIC moved to /photos/2025年/08月/HIZ_SAT_20250826-193804.jpg
2026-04-02 17:11:36,426 [INFO] SUCCESS: IMG_2321.MOV moved to /photos/2026年/03月/HIZ_SAT_20260315-184555.mp4
2026-04-02 17:11:38,394 [INFO] SUCCESS: IMG_2147.HEIC moved to /photos/2026年/02月/HIZ_SAT_20260214-211838.jpg
2026-04-02 17:11:40,117 [INFO] SUCCESS: IMG_0279.HEIC moved to /photos/2025年/09月/HIZ_SAT_20250926-213024.jpg
2026-04-02 17:11:41,924 [INFO] SUCCESS: IMG_0798.HEIC moved to /photos/2025年/05月/HIZ_SAT_20250504-210243.jpg
2026-04-02 17:11:43,253 [INFO] SUCCESS: IMG_0906.HEIC moved to /photos/2025年/07月/HIZ_SAT_20250726-161645.jpg
2026-04-02 17:11:44,055 [INFO] SUCCESS: IMG_1880.HEIC moved to /photos/2026年/01月/HIZ_SAT_20260101-201527.jpg
2026-04-02 17:11:45,140 [INFO] SUCCESS: IMG_2318.HEIC moved to /photos/2026年/03月/HIZ_SAT_20260314-135848.jpg
2026-04-02 17:11:46,450 [INFO] SUCCESS: IMG_2074.HEIC moved to /photos/2026年/02月/HIZ_SAT_20260205-170721.jpg
2026-04-02 17:11:48,005 [INFO] SUCCESS: PXL_20260227_034400694.MP.jpg moved to /photos/2026年/02月/HIZ_RYO_20260227-124400.jpg
2026-04-02 17:11:49,570 [INFO] SUCCESS: IMG_0608.HEIC moved to /photos/2025年/02月/HIZ_SAT_20250209-192326.jpg
2026-04-02 17:11:50,542 [INFO] SUCCESS: IMG_1271.HEIC moved to /photos/2025年/09月/HIZ_SAT_20250926-113945.jpg
2026-04-02 17:11:51,662 [INFO] SUCCESS: IMG_2243.HEIC moved to /photos/2026年/03月/HIZ_SAT_20260303-120049.jpg
2026-04-02 17:11:51,662 [INFO] SKIP: File already converted. IMG_0217.HEIC
2026-04-02 17:11:52,792 [INFO] SUCCESS: IMG_0689.HEIC moved to /photos/2025年/03月/HIZ_SAT_20250318-195645.jpg
2026-04-02 17:11:53,782 [INFO] SUCCESS: IMG_1659.HEIC moved to /photos/2025年/11月/HIZ_SAT_20251114-233555.jpg
2026-04-02 17:11:54,771 [INFO] SUCCESS: IMG_2355.HEIC moved to /photos/2026年/03月/HIZ_SAT_20260320-200153.jpg
2026-04-02 17:11:56,274 [INFO] SUCCESS: IMG_0326.HEIC moved to /photos/2025年/09月/HIZ_SAT_20250927-144606.jpg
2026-04-02 17:11:57,381 [INFO] SUCCESS: IMG_1143.HEIC moved to /photos/2025年/09月/HIZ_SAT_20250913-150950.jpg
2026-04-02 17:11:58,451 [INFO] SUCCESS: IMG_0611.HEIC moved to /photos/2025年/02月/HIZ_SAT_20250211-201413.jpg
2026-04-02 17:11:59,441 [INFO] SUCCESS: IMG_1266.HEIC moved to /photos/2025年/09月/HIZ_SAT_20250926-111702.jpg
2026-04-02 17:12:00,500 [INFO] SUCCESS: IMG_0943.HEIC moved to /photos/2025年/08月/HIZ_SAT_20250812-201043.jpg
2026-04-02 17:12:01,920 [INFO] SUCCESS: IMG_0239.HEIC moved to /photos/2025年/08月/HIZ_SAT_20250830-202228.jpg
2026-04-02 17:12:02,722 [INFO] SUCCESS: IMG_2292.HEIC moved to /photos/2026年/03月/HIZ_SAT_20260311-133521.jpg
2026-04-02 17:12:03,492 [INFO] SUCCESS: IMG_1540.HEIC moved to /photos/2025年/10月/HIZ_SAT_20251018-125441.jpg
2026-04-02 17:12:04,213 [INFO] SUCCESS: IMG_2120.HEIC moved to /photos/2026年/02月/HIZ_SAT_20260210-203438.jpg
2026-04-02 17:12:04,932 [INFO] SUCCESS: IMG_2082.HEIC moved to /photos/2026年/02月/HIZ_SAT_20260206-092023.jpg
2026-04-02 17:12:05,011 [ERROR] Failed to process /raw/IMG_1896.JPG: Exif not found in <bound method Controller.get_file_name of <image.Controller object at 0x7fcdd5606c50>>.
2026-04-02 17:12:05,796 [INFO] SUCCESS: IMG_0233.HEIC moved to /photos/2025年/08月/HIZ_SAT_20250826-210808.jpg
2026-04-02 17:12:06,555 [INFO] SUCCESS: IMG_0715.HEIC moved to /photos/2025年/04月/HIZ_SAT_20250402-195131.jpg
2026-04-02 17:12:07,288 [INFO] SUCCESS: IMG_1145.HEIC moved to /photos/2025年/09月/HIZ_SAT_20250913-152352.jpg
2026-04-02 17:12:08,479 [INFO] SUCCESS: IMG_0243.HEIC moved to /photos/2025年/09月/HIZ_SAT_20250926-141127.jpg
2026-04-02 17:12:09,255 [INFO] SUCCESS: IMG_2323.HEIC moved to /photos/2026年/03月/HIZ_SAT_20260316-125116.jpg
2026-04-02 17:12:10,622 [INFO] SUCCESS: IMG_1830.HEIC moved to /photos/2025年/12月/HIZ_SAT_20251224-191241.jpg
2026-04-02 17:12:11,414 [INFO] SUCCESS: IMG_0645.HEIC moved to /photos/2025年/02月/HIZ_SAT_20250223-205413.jpg
2026-04-02 17:12:12,239 [INFO] SUCCESS: IMG_1600.HEIC moved to /photos/2025年/11月/HIZ_SAT_20251102-131956.jpg
2026-04-02 17:12:12,953 [INFO] SUCCESS: IMG_2028.HEIC moved to /photos/2026年/02月/HIZ_SAT_20260201-104556.jpg
2026-04-02 17:12:13,658 [INFO] SUCCESS: IMG_2016.HEIC moved to /photos/2026年/01月/HIZ_SAT_20260129-123402.jpg
2026-04-02 17:12:14,392 [INFO] SUCCESS: IMG_2301.HEIC moved to /photos/2026年/03月/HIZ_SAT_20260311-202531.jpg
2026-04-02 17:12:15,497 [INFO] SUCCESS: IMG_0741.HEIC moved to /photos/2025年/04月/HIZ_SAT_20250412-145707.jpg
2026-04-02 17:12:16,635 [INFO] SUCCESS: IMG_2142.HEIC moved to /photos/2026年/02月/HIZ_SAT_20260213-074320.jpg
2026-04-02 17:12:17,222 [INFO] SUCCESS: IMG_2200.HEIC moved to /photos/2026年/02月/HIZ_SAT_20260222-184207.jpg
2026-04-02 17:12:17,823 [INFO] SUCCESS: IMG_1988.HEIC moved to /photos/2026年/01月/HIZ_SAT_20260124-214724.jpg
2026-04-02 17:12:17,914 [ERROR] Failed to process /raw/4F4DF445-343B-45A4-B65B-48752DA44871.JPEG: Exif not found in <bound method Controller.get_file_name of <image.Controller object at 0x7fcdd5ce0b10>>.
2026-04-02 17:12:18,547 [INFO] SUCCESS: IMG_1571.HEIC moved to /photos/2025年/10月/HIZ_SAT_20251026-195817.jpg
2026-04-02 17:12:19,356 [INFO] SUCCESS: IMG_2284.HEIC moved to /photos/2026年/03月/HIZ_SAT_20260310-205120.jpg
2026-04-02 17:13:27,540 [INFO] SUCCESS: IMG_1860.MOV moved to /photos/2025年/12月/HIZ_SAT_20251231-170039.mp4
2026-04-02 17:13:28,898 [INFO] SUCCESS: IMG_2245.HEIC moved to /photos/2026年/03月/HIZ_SAT_20260303-154616.jpg
2026-04-02 17:13:29,688 [INFO] SUCCESS: IMG_2365.HEIC moved to /photos/2026年/03月/HIZ_SAT_20260324-184231.jpg
2026-04-02 17:13:30,623 [INFO] SUCCESS: IMG_2295.HEIC moved to /photos/2026年/03月/HIZ_SAT_20260311-143813.jpg
2026-04-02 17:13:31,891 [INFO] SUCCESS: IMG_0162.HEIC moved to /photos/2025年/08月/HIZ_SAT_20250826-181741.jpg
2026-04-02 17:13:32,911 [INFO] SUCCESS: IMG_1284.HEIC moved to /photos/2025年/09月/HIZ_SAT_20250926-140635.jpg
2026-04-02 17:13:33,927 [INFO] SUCCESS: IMG_0183.HEIC moved to /photos/2025年/08月/HIZ_SAT_20250826-193541.jpg
2026-04-02 17:13:34,705 [INFO] SUCCESS: IMG_0788.HEIC moved to /photos/2025年/04月/HIZ_SAT_20250424-204102.jpg
2026-04-02 17:13:35,482 [INFO] SUCCESS: IMG_2149.HEIC moved to /photos/2026年/02月/HIZ_SAT_20260215-071836.jpg
2026-04-02 17:13:36,254 [INFO] SUCCESS: IMG_1693.HEIC moved to /photos/2025年/11月/HIZ_SAT_20251124-133453.jpg
2026-04-02 17:13:37,086 [INFO] SUCCESS: IMG_2086.HEIC moved to /photos/2026年/02月/HIZ_SAT_20260206-193536.jpg
2026-04-02 17:13:38,065 [INFO] SUCCESS: IMG_0751.HEIC moved to /photos/2025年/04月/HIZ_SAT_20250412-153607.jpg
2026-04-02 17:13:38,755 [INFO] SUCCESS: IMG_2327.HEIC moved to /photos/2026年/03月/HIZ_SAT_20260316-181145.jpg
2026-04-02 17:15:22,647 [INFO] SUCCESS: IMG_2283.MOV moved to /photos/2026年/03月/HIZ_SAT_20260310-205107.mp4
2026-04-02 17:15:23,867 [INFO] SUCCESS: IMG_0210.HEIC moved to /photos/2025年/08月/HIZ_SAT_20250826-201048.jpg
2026-04-02 17:15:24,657 [INFO] SUCCESS: IMG_1889.HEIC moved to /photos/2026年/01月/HIZ_SAT_20260102-154257.jpg
2026-04-02 17:15:25,813 [INFO] SUCCESS: IMG_0137.HEIC moved to /photos/2025年/08月/HIZ_SAT_20250820-154127.jpg
2026-04-02 17:15:26,998 [INFO] SUCCESS: IMG_0268.HEIC moved to /photos/2025年/09月/HIZ_SAT_20250926-183940.jpg
2026-04-02 17:15:28,218 [INFO] SUCCESS: IMG_0749.HEIC moved to /photos/2025年/04月/HIZ_SAT_20250412-152918.jpg
2026-04-02 17:15:29,031 [INFO] SUCCESS: IMG_2077.HEIC moved to /photos/2026年/02月/HIZ_SAT_20260205-212353.jpg
2026-04-02 17:15:29,727 [INFO] SUCCESS: IMG_1256.HEIC moved to /photos/2025年/09月/HIZ_SAT_20250926-091937.jpg
2026-04-02 17:15:30,571 [INFO] SUCCESS: IMG_2356.HEIC moved to /photos/2026年/03月/HIZ_SAT_20260321-182401.jpg
2026-04-02 17:15:30,595 [INFO] SKIP: File already converted. IMG_0455.HEIC
2026-04-02 17:15:31,438 [INFO] SUCCESS: IMG_0248.HEIC moved to /photos/2025年/09月/HIZ_SAT_20250926-141453.jpg
2026-04-02 17:15:32,666 [INFO] SUCCESS: IMG_0755.HEIC moved to /photos/2025年/04月/HIZ_SAT_20250412-154614.jpg
2026-04-02 17:15:33,474 [INFO] SUCCESS: IMG_2009.HEIC moved to /photos/2026年/01月/HIZ_SAT_20260128-124955.jpg
2026-04-02 17:16:40,280 [INFO] SUCCESS: IMG_2066.MOV moved to /photos/2026年/02月/HIZ_SAT_20260204-141349.mp4
2026-04-02 17:16:42,031 [INFO] SUCCESS: IMG_0302.HEIC moved to /photos/2025年/09月/HIZ_SAT_20250927-113303.jpg
2026-04-02 17:16:42,974 [INFO] SUCCESS: IMG_1554.HEIC moved to /photos/2025年/10月/HIZ_SAT_20251022-125826.jpg
2026-04-02 17:16:43,048 [INFO] SUCCESS: PXL_20260308_011318538.jpg moved to /photos/2026年/03月/HIZ_RYO_20260308-101318.jpg
2026-04-02 17:16:43,893 [INFO] SUCCESS: IMG_1841.HEIC moved to /photos/2025年/12月/HIZ_SAT_20251227-163507.jpg
2026-04-02 17:16:44,012 [INFO] SUCCESS: PXL_20260226_061523149.jpg moved to /photos/2026年/02月/HIZ_RYO_20260226-151523.jpg
2026-04-02 17:16:44,686 [INFO] SUCCESS: IMG_2002.HEIC moved to /photos/2026年/01月/HIZ_SAT_20260127-214700.jpg
2026-04-02 17:20:36,860 [INFO] SUCCESS: IMG_2022.MOV moved to /photos/2026年/01月/HIZ_SAT_20260130-205659.mp4
2026-04-02 17:20:37,097 [WARNING] SKIP: Destination already exist. /photos/2025年/09月/HIZ_RYO_20250926-143409.jpg
2026-04-02 17:20:38,742 [INFO] SUCCESS: IMG_2366.HEIC moved to /photos/2026年/03月/HIZ_SAT_20260324-184245.jpg
2026-04-02 17:20:39,320 [INFO] SUCCESS: IMG_1285.HEIC moved to /photos/2025年/09月/HIZ_SAT_20250926-140954.jpg
2026-04-02 17:21:20,610 [INFO] SUCCESS: IMG_2357.MOV moved to /photos/2026年/03月/HIZ_SAT_20260322-191615.mp4
2026-04-02 17:21:21,818 [INFO] SUCCESS: IMG_1514.HEIC moved to /photos/2025年/10月/HIZ_SAT_20251004-190411.jpg
2026-04-02 17:21:23,345 [INFO] SUCCESS: IMG_1539.HEIC moved to /photos/2025年/10月/HIZ_SAT_20251018-125318.jpg
2026-04-02 17:21:24,750 [INFO] SUCCESS: IMG_2193.HEIC moved to /photos/2026年/02月/HIZ_SAT_20260222-113858.jpg
2026-04-02 17:21:24,751 [INFO] SKIP: File already converted. IMG_0200.HEIC
2026-04-02 17:21:24,864 [INFO] SUCCESS: PXL_20260227_034357835.MP.jpg moved to /photos/2026年/02月/HIZ_RYO_20260227-124357.jpg
2026-04-02 17:21:42,104 [INFO] SUCCESS: IMG_2206.MOV moved to /photos/2026年/02月/HIZ_SAT_20260223-120046.mp4
2026-04-02 17:21:43,181 [INFO] SUCCESS: IMG_1911.HEIC moved to /photos/2026年/01月/HIZ_SAT_20260108-084321.jpg
2026-04-02 17:22:16,272 [INFO] SUCCESS: IMG_2011.MOV moved to /photos/2026年/01月/HIZ_SAT_20260128-125625.mp4
2026-04-02 17:22:16,981 [INFO] SUCCESS: IMG_0610.HEIC moved to /photos/2025年/02月/HIZ_SAT_20250211-143111.jpg
2026-04-02 17:22:17,563 [INFO] SUCCESS: IMG_1253.HEIC moved to /photos/2025年/09月/HIZ_SAT_20250926-090315.jpg
2026-04-02 17:23:53,402 [INFO] SUCCESS: IMG_1803.MOV moved to /photos/2025年/12月/HIZ_SAT_20251220-164028.mp4
2026-04-02 17:23:55,106 [INFO] SUCCESS: IMG_0298.HEIC moved to /photos/2025年/09月/HIZ_SAT_20250927-112859.jpg
2026-04-02 17:23:55,107 [INFO] SKIP: File already converted. IMG_0219.HEIC
2026-04-02 17:23:55,689 [INFO] SUCCESS: IMG_1252.HEIC moved to /photos/2025年/09月/HIZ_SAT_20250926-080825.jpg
2026-04-02 17:23:56,509 [INFO] SUCCESS: IMG_1248.HEIC moved to /photos/2025年/09月/HIZ_SAT_20250926-065249.jpg
2026-04-02 17:23:57,540 [INFO] SUCCESS: IMG_0206.HEIC moved to /photos/2025年/08月/HIZ_SAT_20250826-200636.jpg
2026-04-02 17:23:58,274 [INFO] SUCCESS: IMG_0671.HEIC moved to /photos/2025年/03月/HIZ_SAT_20250306-201832.jpg
2026-04-02 17:23:59,357 [INFO] SUCCESS: IMG_0251.HEIC moved to /photos/2025年/09月/HIZ_SAT_20250926-142430.jpg
2026-04-02 17:24:00,452 [INFO] SUCCESS: IMG_0136.HEIC moved to /photos/2025年/08月/HIZ_SAT_20250820-154111.jpg
2026-04-02 17:24:01,017 [INFO] SUCCESS: IMG_2291.HEIC moved to /photos/2026年/03月/HIZ_SAT_20260311-133520.jpg
2026-04-02 17:24:01,152 [WARNING] SKIP: Destination already exist. /photos/2025年/09月/HIZ_RYO_20250927-092943.jpg
2026-04-02 17:24:01,866 [INFO] SUCCESS: IMG_1272.HEIC moved to /photos/2025年/09月/HIZ_SAT_20250926-123840.jpg
2026-04-02 17:24:03,085 [INFO] SUCCESS: IMG_0177.HEIC moved to /photos/2025年/08月/HIZ_SAT_20250826-191820.jpg
2026-04-02 17:24:20,977 [INFO] SUCCESS: IMG_1822.MOV moved to /photos/2025年/12月/HIZ_SAT_20251222-185648.mp4
2026-04-02 17:24:22,321 [INFO] SUCCESS: IMG_2080.HEIC moved to /photos/2026年/02月/HIZ_SAT_20260206-090140.jpg
2026-04-02 17:24:23,094 [INFO] SUCCESS: IMG_0731.HEIC moved to /photos/2025年/04月/HIZ_SAT_20250405-200936.jpg
2026-04-02 17:30:53,124 [INFO] SUCCESS: IMG_2060.MOV moved to /photos/2026年/02月/HIZ_SAT_20260204-135833.mp4
2026-04-02 17:31:06,160 [INFO] SUCCESS: IMG_1810.MOV moved to /photos/2025年/12月/HIZ_SAT_20251220-201005.mp4
2026-04-02 17:31:08,371 [INFO] SUCCESS: IMG_2053.HEIC moved to /photos/2026年/02月/HIZ_SAT_20260203-185713.jpg
2026-04-02 17:31:08,845 [INFO] SUCCESS: IMG_1281.HEIC moved to /photos/2025年/09月/HIZ_SAT_20250926-140113.jpg
2026-04-02 17:31:09,514 [INFO] SUCCESS: IMG_2167.HEIC moved to /photos/2026年/02月/HIZ_SAT_20260217-193626.jpg
2026-04-02 17:31:10,509 [INFO] SUCCESS: IMG_1278.HEIC moved to /photos/2025年/09月/HIZ_SAT_20250926-131405.jpg
2026-04-02 17:31:11,601 [INFO] SUCCESS: IMG_0301.HEIC moved to /photos/2025年/09月/HIZ_SAT_20250927-113300.jpg
2026-04-02 17:31:12,272 [INFO] SUCCESS: IMG_0794.HEIC moved to /photos/2025年/04月/HIZ_SAT_20250428-215656.jpg
2026-04-02 17:31:13,108 [INFO] SUCCESS: IMG_2067.HEIC moved to /photos/2026年/02月/HIZ_SAT_20260204-150159.jpg
2026-04-02 17:31:13,784 [INFO] SUCCESS: IMG_2050.HEIC moved to /photos/2026年/02月/HIZ_SAT_20260203-100921.jpg
2026-04-02 17:31:14,504 [INFO] SUCCESS: IMG_1045.HEIC moved to /photos/2025年/08月/HIZ_SAT_20250820-204459.jpg
2026-04-02 17:31:15,127 [INFO] SUCCESS: IMG_1155.HEIC moved to /photos/2025年/09月/HIZ_SAT_20250914-174504.jpg
2026-04-02 17:31:15,127 [INFO] SKIP: File already converted. IMG_0324.HEIC
2026-04-02 17:31:15,923 [INFO] SUCCESS: IMG_2062.HEIC moved to /photos/2026年/02月/HIZ_SAT_20260204-140048.jpg
2026-04-02 17:31:16,667 [INFO] SUCCESS: IMG_1972.HEIC moved to /photos/2026年/01月/HIZ_SAT_20260121-221323.jpg
2026-04-02 17:31:57,002 [INFO] SUCCESS: IMG_2329.MOV moved to /photos/2026年/03月/HIZ_SAT_20260316-181212.mp4
2026-04-02 17:32:32,446 [INFO] SUCCESS: IMG_1964.MOV moved to /photos/2026年/01月/HIZ_SAT_20260118-225213.mp4
2026-04-02 17:32:33,071 [INFO] SUCCESS: IMG_1986.HEIC moved to /photos/2026年/01月/HIZ_SAT_20260124-211959.jpg
2026-04-02 17:32:33,831 [INFO] SUCCESS: IMG_1765.HEIC moved to /photos/2025年/12月/HIZ_SAT_20251210-210913.jpg
2026-04-02 17:32:34,709 [INFO] SUCCESS: IMG_1868.HEIC moved to /photos/2025年/12月/HIZ_SAT_20251231-224906.jpg
2026-04-02 17:32:35,445 [INFO] SUCCESS: IMG_1018.HEIC moved to /photos/2025年/08月/HIZ_SAT_20250817-231818.jpg
2026-04-02 17:32:36,126 [INFO] SUCCESS: IMG_2190.HEIC moved to /photos/2026年/02月/HIZ_SAT_20260221-142249.jpg
2026-04-02 17:32:37,128 [INFO] SUCCESS: IMG_0081.HEIC moved to /photos/2025年/08月/HIZ_SAT_20250811-130534.jpg
2026-04-02 17:32:37,920 [INFO] SUCCESS: IMG_1955.HEIC moved to /photos/2026年/01月/HIZ_SAT_20260117-164422.jpg
2026-04-02 17:32:38,840 [INFO] SUCCESS: IMG_1971.HEIC moved to /photos/2026年/01月/HIZ_SAT_20260121-161705.jpg
2026-04-02 17:32:39,672 [INFO] SUCCESS: IMG_0677.HEIC moved to /photos/2025年/03月/HIZ_SAT_20250308-123328.jpg
2026-04-02 17:32:39,772 [INFO] SUCCESS: PXL_20260227_035550959.jpg moved to /photos/2026年/02月/HIZ_RYO_20260227-125550.jpg
2026-04-02 17:32:40,387 [INFO] SUCCESS: IMG_1991.HEIC moved to /photos/2026年/01月/HIZ_SAT_20260126-111443.jpg
2026-04-02 17:32:41,044 [INFO] SUCCESS: IMG_1930.HEIC moved to /photos/2026年/01月/HIZ_SAT_20260111-093653.jpg
2026-04-02 17:32:42,098 [INFO] SUCCESS: IMG_0720.HEIC moved to /photos/2025年/04月/HIZ_SAT_20250405-165831.jpg
2026-04-02 17:32:42,864 [INFO] SUCCESS: IMG_1690.HEIC moved to /photos/2025年/11月/HIZ_SAT_20251123-134040.jpg
2026-04-02 17:32:43,622 [INFO] SUCCESS: IMG_2237.HEIC moved to /photos/2026年/03月/HIZ_SAT_20260302-072840.jpg
2026-04-02 17:32:44,342 [INFO] SUCCESS: IMG_0612.HEIC moved to /photos/2025年/02月/HIZ_SAT_20250211-214033.jpg
2026-04-02 17:32:44,986 [INFO] SUCCESS: IMG_2083.HEIC moved to /photos/2026年/02月/HIZ_SAT_20260206-092041.jpg
2026-04-02 17:32:45,070 [INFO] SUCCESS: PXL_20260307_043143786.jpg moved to /photos/2026年/03月/HIZ_RYO_20260307-133143.jpg
2026-04-02 17:32:45,071 [INFO] SKIP: File already converted. IMG_0215.HEIC
2026-04-02 17:33:04,366 [INFO] SUCCESS: IMG_2262.MOV moved to /photos/2026年/03月/HIZ_SAT_20260307-155933.mp4
2026-04-02 17:33:05,184 [INFO] SUCCESS: IMG_1873.HEIC moved to /photos/2026年/01月/HIZ_SAT_20260101-000005.jpg
2026-04-02 17:33:05,782 [INFO] SUCCESS: IMG_2336.HEIC moved to /photos/2026年/03月/HIZ_SAT_20260316-191433.jpg
2026-04-02 17:33:06,984 [INFO] SUCCESS: IMG_0247.HEIC moved to /photos/2025年/09月/HIZ_SAT_20250926-141447.jpg
2026-04-02 17:33:07,656 [INFO] SUCCESS: IMG_2178.HEIC moved to /photos/2026年/02月/HIZ_SAT_20260219-194414.jpg
2026-04-02 17:33:27,461 [INFO] SUCCESS: IMG_1923.MOV moved to /photos/2026年/01月/HIZ_SAT_20260108-223347.mp4
2026-04-02 17:33:32,314 [INFO] SUCCESS: IMG_0260.MOV moved to /photos/2025年/09月/HIZ_SAT_20250926-144004.mp4
2026-04-02 17:33:34,421 [INFO] SUCCESS: IMG_1962.HEIC moved to /photos/2026年/01月/HIZ_SAT_20260118-220515.jpg
2026-04-02 17:33:34,985 [INFO] SUCCESS: IMG_2214.HEIC moved to /photos/2026年/02月/HIZ_SAT_20260224-112232.jpg
2026-04-02 17:33:36,624 [INFO] SUCCESS: IMG_1853.HEIC moved to /photos/2025年/12月/HIZ_SAT_20251231-000346.jpg
2026-04-02 17:33:37,310 [INFO] SUCCESS: IMG_1985.HEIC moved to /photos/2026年/01月/HIZ_SAT_20260124-164516.jpg
2026-04-02 17:33:37,875 [INFO] SUCCESS: IMG_1257.HEIC moved to /photos/2025年/09月/HIZ_SAT_20250926-091939.jpg
2026-04-02 17:33:39,391 [INFO] SUCCESS: IMG_1692.HEIC moved to /photos/2025年/11月/HIZ_SAT_20251123-143018.jpg
2026-04-02 17:34:26,273 [INFO] SUCCESS: IMG_1959.MOV moved to /photos/2026年/01月/HIZ_SAT_20260118-124118.mp4
2026-04-02 17:34:28,023 [INFO] SUCCESS: IMG_1142.HEIC moved to /photos/2025年/09月/HIZ_SAT_20250913-135709.jpg
2026-04-02 17:34:29,902 [INFO] SUCCESS: IMG_0742.HEIC moved to /photos/2025年/04月/HIZ_SAT_20250412-145709.jpg
2026-04-02 17:34:31,043 [INFO] SUCCESS: IMG_0909.HEIC moved to /photos/2025年/07月/HIZ_SAT_20250729-194456.jpg
2026-04-02 17:34:31,059 [ERROR] Failed to process /raw/IMG_1969.JPG: Exif not found in <bound method Controller.get_file_name of <image.Controller object at 0x7fcdd5612b10>>.
2026-04-02 17:34:32,013 [INFO] SUCCESS: IMG_2197.HEIC moved to /photos/2026年/02月/HIZ_SAT_20260222-183913.jpg
2026-04-02 17:34:32,813 [INFO] SUCCESS: IMG_1843.HEIC moved to /photos/2025年/12月/HIZ_SAT_20251227-185719.jpg
2026-04-02 17:34:33,801 [INFO] SUCCESS: IMG_2265.HEIC moved to /photos/2026年/03月/HIZ_SAT_20260307-180149.jpg
2026-04-02 17:34:34,562 [INFO] SUCCESS: IMG_1910.HEIC moved to /photos/2026年/01月/HIZ_SAT_20260108-084308.jpg
2026-04-02 17:35:42,146 [INFO] SUCCESS: IMG_1254.MOV moved to /photos/2025年/09月/HIZ_SAT_20250926-091115.mp4
2026-04-02 17:35:43,123 [INFO] SUCCESS: IMG_0930.HEIC moved to /photos/2025年/08月/HIZ_SAT_20250802-220007.jpg
2026-04-02 17:35:44,126 [INFO] SUCCESS: IMG_1629.HEIC moved to /photos/2025年/11月/HIZ_SAT_20251109-205538.jpg
2026-04-02 17:36:09,537 [INFO] SUCCESS: IMG_2034.MOV moved to /photos/2026年/02月/HIZ_SAT_20260201-224408.mp4
2026-04-02 17:36:10,832 [INFO] SUCCESS: IMG_0327.HEIC moved to /photos/2025年/09月/HIZ_SAT_20250927-145535.jpg
2026-04-02 17:36:11,662 [INFO] SUCCESS: IMG_0896.HEIC moved to /photos/2025年/07月/HIZ_SAT_20250726-142025.jpg
2026-04-02 17:36:12,373 [INFO] SUCCESS: IMG_1901.HEIC moved to /photos/2026年/01月/HIZ_SAT_20260103-132940.jpg
2026-04-02 17:36:13,099 [INFO] SUCCESS: IMG_2152.HEIC moved to /photos/2026年/02月/HIZ_SAT_20260215-120924.jpg
2026-04-02 17:36:13,742 [INFO] SUCCESS: IMG_2020.HEIC moved to /photos/2026年/01月/HIZ_SAT_20260129-191920.jpg
2026-04-02 17:36:14,570 [INFO] SUCCESS: IMG_1877.HEIC moved to /photos/2026年/01月/HIZ_SAT_20260101-134125.jpg
2026-04-02 17:36:15,289 [INFO] SUCCESS: IMG_2185.HEIC moved to /photos/2026年/02月/HIZ_SAT_20260220-112644.jpg
2026-04-02 17:36:15,951 [INFO] SUCCESS: IMG_0617.HEIC moved to /photos/2025年/02月/HIZ_SAT_20250214-204025.jpg
2026-04-02 17:36:16,879 [INFO] SUCCESS: IMG_1009.HEIC moved to /photos/2025年/08月/HIZ_SAT_20250817-003546.jpg
2026-04-02 17:36:17,601 [INFO] SUCCESS: IMG_0772.HEIC moved to /photos/2025年/04月/HIZ_SAT_20250414-210653.jpg
2026-04-02 17:36:18,854 [INFO] SUCCESS: IMG_2231.HEIC moved to /photos/2026年/03月/HIZ_SAT_20260301-150707.jpg
2026-04-02 17:36:18,855 [INFO] SKIP: File already converted. IMG_0339.HEIC
2026-04-02 17:36:19,678 [INFO] SUCCESS: IMG_1630.HEIC moved to /photos/2025年/11月/HIZ_SAT_20251109-205715.jpg
2026-04-02 17:36:20,651 [INFO] SUCCESS: IMG_1952.HEIC moved to /photos/2026年/01月/HIZ_SAT_20260117-164128.jpg
2026-04-02 17:36:21,457 [INFO] SUCCESS: IMG_1949.HEIC moved to /photos/2026年/01月/HIZ_SAT_20260116-194804.jpg
2026-04-02 17:36:21,459 [INFO] SKIP: File already converted. IMG_0242.HEIC
2026-04-02 17:36:22,286 [INFO] SUCCESS: IMG_2157.HEIC moved to /photos/2026年/02月/HIZ_SAT_20260216-113719.jpg
2026-04-02 17:36:23,105 [INFO] SUCCESS: IMG_0860.HEIC moved to /photos/2025年/07月/HIZ_SAT_20250710-185912.jpg
2026-04-02 17:36:23,758 [INFO] SUCCESS: IMG_0925.HEIC moved to /photos/2025年/08月/HIZ_SAT_20250802-214938.jpg
2026-04-02 17:36:23,758 [INFO] SKIP: File already converted. IMG_0340.HEIC
2026-04-02 17:36:24,435 [INFO] SUCCESS: IMG_0629.HEIC moved to /photos/2025年/02月/HIZ_SAT_20250219-201053.jpg
2026-04-02 17:36:25,202 [INFO] SUCCESS: IMG_1506.HEIC moved to /photos/2025年/09月/HIZ_SAT_20250928-213356.jpg
2026-04-02 17:36:26,081 [INFO] SUCCESS: IMG_1661.HEIC moved to /photos/2025年/11月/HIZ_SAT_20251115-155149.jpg
2026-04-02 17:36:26,971 [INFO] SUCCESS: IMG_2116.HEIC moved to /photos/2026年/02月/HIZ_SAT_20260210-122345.jpg
2026-04-02 17:36:27,741 [INFO] SUCCESS: IMG_1842.HEIC moved to /photos/2025年/12月/HIZ_SAT_20251227-163928.jpg
2026-04-02 17:36:28,589 [INFO] SUCCESS: IMG_1738.HEIC moved to /photos/2025年/12月/HIZ_SAT_20251206-214223.jpg
2026-04-02 17:36:29,235 [INFO] SUCCESS: IMG_0175.HEIC moved to /photos/2025年/08月/HIZ_SAT_20250826-191224.jpg
2026-04-02 17:36:29,911 [INFO] SUCCESS: IMG_0614.HEIC moved to /photos/2025年/02月/HIZ_SAT_20250212-203910.jpg
2026-04-02 17:36:30,484 [INFO] SUCCESS: IMG_0907.HEIC moved to /photos/2025年/07月/HIZ_SAT_20250727-200320.jpg
2026-04-02 17:36:30,484 [INFO] SKIP: File already converted. IMG_0274.HEIC
2026-04-02 17:36:31,191 [INFO] SUCCESS: IMG_1981.HEIC moved to /photos/2026年/01月/HIZ_SAT_20260124-110659.jpg
2026-04-02 17:36:32,104 [INFO] SUCCESS: IMG_2360.HEIC moved to /photos/2026年/03月/HIZ_SAT_20260323-143515.jpg
2026-04-02 17:36:32,886 [INFO] SUCCESS: IMG_2057.HEIC moved to /photos/2026年/02月/HIZ_SAT_20260204-134650.jpg
2026-04-02 17:36:33,634 [INFO] SUCCESS: IMG_1538.HEIC moved to /photos/2025年/10月/HIZ_SAT_20251018-123240.jpg
2026-04-02 17:36:34,239 [INFO] SUCCESS: IMG_2031.HEIC moved to /photos/2026年/02月/HIZ_SAT_20260201-202148.jpg
2026-04-02 17:36:34,944 [INFO] SUCCESS: IMG_2156.HEIC moved to /photos/2026年/02月/HIZ_SAT_20260216-113713.jpg
2026-04-02 17:36:35,844 [INFO] SUCCESS: IMG_0222.HEIC moved to /photos/2025年/08月/HIZ_SAT_20250826-201616.jpg
2026-04-02 17:36:36,453 [INFO] SUCCESS: IMG_1061.HEIC moved to /photos/2025年/08月/HIZ_SAT_20250823-210557.jpg
2026-04-02 17:36:37,076 [INFO] SUCCESS: IMG_2063.HEIC moved to /photos/2026年/02月/HIZ_SAT_20260204-140057.jpg
2026-04-02 17:36:38,509 [INFO] SUCCESS: IMG_0325.HEIC moved to /photos/2025年/09月/HIZ_SAT_20250927-144322.jpg
2026-04-02 17:36:39,519 [INFO] SUCCESS: IMG_0792.HEIC moved to /photos/2025年/04月/HIZ_SAT_20250428-210919.jpg
2026-04-02 17:44:42,177 [INFO] SUCCESS: IMG_2228.MOV moved to /photos/2026年/02月/HIZ_SAT_20260228-130704.mp4
2026-04-02 17:44:44,008 [INFO] SUCCESS: IMG_1003.HEIC moved to /photos/2025年/08月/HIZ_SAT_20250815-213827.jpg
2026-04-02 17:44:44,870 [INFO] SUCCESS: IMG_0649.HEIC moved to /photos/2025年/02月/HIZ_SAT_20250224-202625.jpg
2026-04-02 17:44:46,851 [INFO] SUCCESS: IMG_0290.HEIC moved to /photos/2025年/09月/HIZ_SAT_20250927-101756.jpg
2026-04-02 17:44:47,694 [INFO] SUCCESS: IMG_2151.HEIC moved to /photos/2026年/02月/HIZ_SAT_20260215-120918.jpg
2026-04-02 17:44:48,680 [INFO] SUCCESS: IMG_0091.HEIC moved to /photos/2025年/08月/HIZ_SAT_20250811-164440.jpg
2026-04-02 17:44:49,372 [INFO] SUCCESS: IMG_0653.HEIC moved to /photos/2025年/02月/HIZ_SAT_20250225-201433.jpg
2026-04-02 17:44:50,580 [INFO] SUCCESS: IMG_1801.HEIC moved to /photos/2025年/12月/HIZ_SAT_20251220-160830.jpg
2026-04-02 17:46:15,503 [INFO] SUCCESS: IMG_2338.MOV moved to /photos/2026年/03月/HIZ_SAT_20260316-193222.mp4
2026-04-02 17:46:17,045 [INFO] SUCCESS: IMG_0101.HEIC moved to /photos/2025年/08月/HIZ_SAT_20250811-165348.jpg
2026-04-02 17:46:17,749 [INFO] SUCCESS: IMG_2186.HEIC moved to /photos/2026年/02月/HIZ_SAT_20260220-112654.jpg
2026-04-02 17:46:18,380 [INFO] SUCCESS: IMG_0898.HEIC moved to /photos/2025年/07月/HIZ_SAT_20250726-142638.jpg
2026-04-02 17:46:19,025 [INFO] SUCCESS: IMG_0895.HEIC moved to /photos/2025年/07月/HIZ_SAT_20250726-141519.jpg
2026-04-02 17:46:19,751 [INFO] SUCCESS: IMG_1863.HEIC moved to /photos/2025年/12月/HIZ_SAT_20251231-181854.jpg
2026-04-02 17:46:20,442 [INFO] SUCCESS: IMG_2328.HEIC moved to /photos/2026年/03月/HIZ_SAT_20260316-181146.jpg
2026-04-02 17:46:21,202 [INFO] SUCCESS: IMG_0791.HEIC moved to /photos/2025年/04月/HIZ_SAT_20250426-200505.jpg
2026-04-02 17:46:22,403 [INFO] SUCCESS: IMG_2233.HEIC moved to /photos/2026年/03月/HIZ_SAT_20260301-150754.jpg
2026-04-02 17:46:23,253 [INFO] SUCCESS: IMG_2175.HEIC moved to /photos/2026年/02月/HIZ_SAT_20260219-141926.jpg
2026-04-02 17:46:23,954 [INFO] SUCCESS: IMG_0650.HEIC moved to /photos/2025年/02月/HIZ_SAT_20250224-202631.jpg
2026-04-02 17:46:24,663 [INFO] SUCCESS: IMG_1660.HEIC moved to /photos/2025年/11月/HIZ_SAT_20251114-233612.jpg
2026-04-02 17:46:25,329 [INFO] SUCCESS: IMG_0940.HEIC moved to /photos/2025年/08月/HIZ_SAT_20250811-195110.jpg
2026-04-02 17:46:26,282 [INFO] SUCCESS: IMG_0753.HEIC moved to /photos/2025年/04月/HIZ_SAT_20250412-154103.jpg
2026-04-02 17:46:27,126 [INFO] SUCCESS: IMG_0699.HEIC moved to /photos/2025年/03月/HIZ_SAT_20250322-192641.jpg
2026-04-02 17:46:27,643 [INFO] SUCCESS: IMG_0211.HEIC moved to /photos/2025年/08月/HIZ_SAT_20250826-201206.jpg
2026-04-02 17:46:28,415 [INFO] SUCCESS: IMG_2015.HEIC moved to /photos/2026年/01月/HIZ_SAT_20260128-163838.jpg
2026-04-02 17:46:29,130 [INFO] SUCCESS: IMG_1845.HEIC moved to /photos/2025年/12月/HIZ_SAT_20251227-231158.jpg
2026-04-02 17:46:29,244 [ERROR] Failed to process /raw/IMG_1891.JPG: Exif not found in <bound method Controller.get_file_name of <image.Controller object at 0x7fcdd9233ed0>>.
2026-04-02 17:46:29,268 [ERROR] Failed to process /raw/B47CB188-C4C1-4BBE-9EE0-6E5DA3312B64.JPEG: Exif not found in <bound method Controller.get_file_name of <image.Controller object at 0x7fcdd9233ed0>>.
2026-04-02 17:46:30,358 [INFO] SUCCESS: IMG_0338.HEIC moved to /photos/2025年/09月/HIZ_SAT_20250927-161430.jpg
2026-04-02 17:46:30,358 [INFO] SKIP: File already converted. IMG_0163.HEIC
2026-04-02 17:46:31,225 [INFO] SUCCESS: IMG_1572.HEIC moved to /photos/2025年/10月/HIZ_SAT_20251026-210439.jpg
2026-04-02 17:46:32,030 [INFO] SUCCESS: IMG_1857.HEIC moved to /photos/2025年/12月/HIZ_SAT_20251231-131210.jpg
2026-04-02 17:46:32,857 [INFO] SUCCESS: IMG_2044.HEIC moved to /photos/2026年/02月/HIZ_SAT_20260202-165021.jpg
2026-04-02 17:46:32,982 [INFO] SUCCESS: PXL_20260301_060812781.jpg moved to /photos/2026年/03月/HIZ_RYO_20260301-150812.jpg
2026-04-02 17:46:33,736 [INFO] SUCCESS: IMG_1156.HEIC moved to /photos/2025年/09月/HIZ_SAT_20250915-153438.jpg
2026-04-02 17:46:33,736 [INFO] SKIP: File already converted. IMG_0237.HEIC
2026-04-02 17:46:34,491 [INFO] SUCCESS: IMG_1524.HEIC moved to /photos/2025年/10月/HIZ_SAT_20251011-155810.jpg
2026-04-02 17:46:35,155 [INFO] SUCCESS: IMG_0690.HEIC moved to /photos/2025年/03月/HIZ_SAT_20250319-194531.jpg
2026-04-02 17:46:35,982 [INFO] SUCCESS: IMG_0929.HEIC moved to /photos/2025年/08月/HIZ_SAT_20250802-215708.jpg
2026-04-02 17:46:36,749 [INFO] SUCCESS: IMG_1807.HEIC moved to /photos/2025年/12月/HIZ_SAT_20251220-172021.jpg
2026-04-02 17:46:36,750 [INFO] SKIP: File already converted. IMG_0259.HEIC
2026-04-02 17:46:37,841 [INFO] SUCCESS: IMG_0121.HEIC moved to /photos/2025年/08月/HIZ_SAT_20250811-170117.jpg
2026-04-02 17:46:38,624 [INFO] SUCCESS: IMG_1529.HEIC moved to /photos/2025年/10月/HIZ_SAT_20251013-170355.jpg
2026-04-02 17:46:45,949 [INFO] SUCCESS: IMG_0028.MOV moved to /photos/2025年/08月/HIZ__20250820-123032.mp4
2026-04-02 17:46:46,886 [INFO] SUCCESS: IMG_1014.HEIC moved to /photos/2025年/08月/HIZ_SAT_20250817-150929.jpg
2026-04-02 17:46:48,154 [INFO] SUCCESS: IMG_0282.HEIC moved to /photos/2025年/09月/HIZ_SAT_20250927-095556.jpg
2026-04-02 17:46:50,110 [INFO] SUCCESS: IMG_0145.HEIC moved to /photos/2025年/08月/HIZ_SAT_20250826-172208.jpg
2026-04-02 17:46:50,111 [INFO] SKIP: File already converted. IMG_0144.HEIC
2026-04-02 17:46:51,171 [INFO] SUCCESS: IMG_0100.HEIC moved to /photos/2025年/08月/HIZ_SAT_20250811-165214.jpg
2026-04-02 17:46:52,351 [INFO] SUCCESS: IMG_0173.HEIC moved to /photos/2025年/08月/HIZ_SAT_20250826-191005.jpg
2026-04-02 17:46:53,463 [INFO] SUCCESS: IMG_0104.HEIC moved to /photos/2025年/08月/HIZ_SAT_20250811-165400.jpg
2026-04-02 17:46:54,309 [INFO] SUCCESS: IMG_2332.HEIC moved to /photos/2026年/03月/HIZ_SAT_20260316-191407.jpg
2026-04-02 17:46:54,310 [INFO] SKIP: File already converted. IMG_0166.HEIC
2026-04-02 17:46:55,411 [INFO] SUCCESS: IMG_1282.HEIC moved to /photos/2025年/09月/HIZ_SAT_20250926-140253.jpg
2026-04-02 17:46:55,435 [ERROR] Failed to process /raw/IMG_1053.JPG: Exif not found in <bound method Controller.get_file_name of <image.Controller object at 0x7fcdd9233ed0>>.
2026-04-02 17:46:56,060 [INFO] SUCCESS: IMG_2139.HEIC moved to /photos/2026年/02月/HIZ_SAT_20260212-183959.jpg
2026-04-02 17:46:57,060 [INFO] SUCCESS: IMG_1802.HEIC moved to /photos/2025年/12月/HIZ_SAT_20251220-160834.jpg
2026-04-02 17:46:57,847 [INFO] SUCCESS: IMG_0760.HEIC moved to /photos/2025年/04月/HIZ_SAT_20250412-164619.jpg
2026-04-02 17:46:57,848 [INFO] SKIP: File already converted. IMG_0315.HEIC
2026-04-02 17:46:58,729 [INFO] SUCCESS: IMG_0719.HEIC moved to /photos/2025年/04月/HIZ_SAT_20250405-165720.jpg
2026-04-02 17:46:59,845 [INFO] SUCCESS: IMG_0150.HEIC moved to /photos/2025年/08月/HIZ_SAT_20250826-175044.jpg
2026-04-02 17:47:00,560 [INFO] SUCCESS: IMG_2159.HEIC moved to /photos/2026年/02月/HIZ_SAT_20260217-163715.jpg
2026-04-02 17:47:01,703 [INFO] SUCCESS: IMG_0790.HEIC moved to /photos/2025年/04月/HIZ_SAT_20250425-200601.jpg
2026-04-02 17:47:02,364 [INFO] SUCCESS: IMG_0816.HEIC moved to /photos/2025年/06月/HIZ_SAT_20250601-131309.jpg
2026-04-02 17:47:03,208 [INFO] SUCCESS: IMG_0336.HEIC moved to /photos/2025年/09月/HIZ_SAT_20250927-151737.jpg
2026-04-02 17:47:03,922 [INFO] SUCCESS: IMG_0623.HEIC moved to /photos/2025年/02月/HIZ_SAT_20250215-202446.jpg
2026-04-02 17:47:03,923 [INFO] SKIP: File already converted. IMG_0167.HEIC
2026-04-02 17:47:04,770 [INFO] SUCCESS: IMG_1251.HEIC moved to /photos/2025年/09月/HIZ_SAT_20250926-080816.jpg
2026-04-02 17:47:05,415 [INFO] SUCCESS: IMG_0664.HEIC moved to /photos/2025年/03月/HIZ_SAT_20250301-201554.jpg
2026-04-02 17:47:05,495 [WARNING] SKIP: Destination already exist. /photos/2025年/09月/HIZ_RYO_20250926-143105.jpg
2026-04-02 17:47:06,083 [INFO] SUCCESS: IMG_1855.HEIC moved to /photos/2025年/12月/HIZ_SAT_20251231-000630.jpg
2026-04-02 17:47:06,083 [INFO] SKIP: File already converted. IMG_0341.HEIC
2026-04-02 17:47:06,938 [INFO] SUCCESS: IMG_1617.HEIC moved to /photos/2025年/11月/HIZ_SAT_20251105-215750.jpg
2026-04-02 17:47:19,912 [INFO] SUCCESS: IMG_0191.MOV moved to /photos/2025年/08月/HIZ_SAT_20250826-193937.mp4
2026-04-02 17:47:21,101 [INFO] SUCCESS: IMG_0205.HEIC moved to /photos/2025年/08月/HIZ_SAT_20250826-200632.jpg
2026-04-02 17:47:21,162 [WARNING] SKIP: Destination already exist. /photos/2025年/09月/HIZ_RYO_20250927-161545.jpg
2026-04-02 17:47:21,858 [INFO] SUCCESS: IMG_2012.HEIC moved to /photos/2026年/01月/HIZ_SAT_20260128-125702.jpg
2026-04-02 17:47:22,751 [INFO] SUCCESS: IMG_2146.HEIC moved to /photos/2026年/02月/HIZ_SAT_20260214-162825.jpg
2026-04-02 17:47:23,544 [INFO] SUCCESS: IMG_1856.HEIC moved to /photos/2025年/12月/HIZ_SAT_20251231-101401.jpg
2026-04-02 17:47:23,584 [ERROR] Failed to process /raw/IMG_1897.JPG: Exif not found in <bound method Controller.get_file_name of <image.Controller object at 0x7fcdd5b5d810>>.
2026-04-02 17:47:24,305 [INFO] SUCCESS: IMG_0646.HEIC moved to /photos/2025年/02月/HIZ_SAT_20250223-205417.jpg
2026-04-02 17:47:25,099 [INFO] SUCCESS: IMG_2076.HEIC moved to /photos/2026年/02月/HIZ_SAT_20260205-212332.jpg
2026-04-02 17:47:26,183 [INFO] SUCCESS: IMG_0288.HEIC moved to /photos/2025年/09月/HIZ_SAT_20250927-100029.jpg
2026-04-02 17:47:27,461 [INFO] SUCCESS: IMG_0146.HEIC moved to /photos/2025年/08月/HIZ_SAT_20250826-172716.jpg
2026-04-02 17:47:28,579 [INFO] SUCCESS: IMG_1288.HEIC moved to /photos/2025年/09月/HIZ_SAT_20250927-084106.jpg
2026-04-02 17:47:30,018 [INFO] SUCCESS: IMG_0126.HEIC moved to /photos/2025年/08月/HIZ_SAT_20250811-170503.jpg
2026-04-02 17:47:30,662 [INFO] SUCCESS: IMG_0776.HEIC moved to /photos/2025年/04月/HIZ_SAT_20250417-204547.jpg
2026-04-02 17:47:31,469 [INFO] SUCCESS: IMG_0135.HEIC moved to /photos/2025年/08月/HIZ_SAT_20250820-154102.jpg
2026-04-02 17:47:32,741 [INFO] SUCCESS: IMG_0084.HEIC moved to /photos/2025年/08月/HIZ_SAT_20250811-130602.jpg
2026-04-02 17:47:33,365 [INFO] SUCCESS: IMG_0713.HEIC moved to /photos/2025年/04月/HIZ_SAT_20250401-200906.jpg
2026-04-02 17:47:33,992 [INFO] SUCCESS: IMG_1235.HEIC moved to /photos/2025年/09月/HIZ_SAT_20250923-130756.jpg
2026-04-02 17:47:34,781 [INFO] SUCCESS: IMG_0631.HEIC moved to /photos/2025年/02月/HIZ_SAT_20250219-205713.jpg
2026-04-02 17:47:35,495 [INFO] SUCCESS: IMG_2247.HEIC moved to /photos/2026年/03月/HIZ_SAT_20260303-230224.jpg
2026-04-02 17:48:08,470 [INFO] SUCCESS: IMG_2208.MOV moved to /photos/2026年/02月/HIZ_SAT_20260223-121912.mp4
2026-04-02 17:48:09,228 [INFO] SUCCESS: IMG_1283.HEIC moved to /photos/2025年/09月/HIZ_SAT_20250926-140631.jpg
2026-04-02 17:48:09,951 [INFO] SUCCESS: IMG_1869.HEIC moved to /photos/2025年/12月/HIZ_SAT_20251231-224924.jpg
2026-04-02 17:48:09,951 [INFO] SKIP: File already converted. IMG_0216.HEIC
2026-04-02 17:48:10,069 [INFO] SUCCESS: PXL_20260227_080809591.jpg moved to /photos/2026年/02月/HIZ_RYO_20260227-170809.jpg
2026-04-02 17:48:10,783 [INFO] SUCCESS: IMG_2199.HEIC moved to /photos/2026年/02月/HIZ_SAT_20260222-184200.jpg
2026-04-02 17:48:11,458 [INFO] SUCCESS: IMG_1997.HEIC moved to /photos/2026年/01月/HIZ_SAT_20260126-224534.jpg
2026-04-02 17:48:12,070 [INFO] SUCCESS: IMG_0212.HEIC moved to /photos/2025年/08月/HIZ_SAT_20250826-201316.jpg
2026-04-02 17:48:12,768 [INFO] SUCCESS: IMG_1517.HEIC moved to /photos/2025年/10月/HIZ_SAT_20251007-210313.jpg
2026-04-02 17:48:13,410 [INFO] SUCCESS: IMG_1268.HEIC moved to /photos/2025年/09月/HIZ_SAT_20250926-113449.jpg
2026-04-02 17:48:14,010 [INFO] SUCCESS: IMG_1587.HEIC moved to /photos/2025年/10月/HIZ_SAT_20251030-155958.jpg
2026-04-02 17:48:14,779 [INFO] SUCCESS: IMG_2361.HEIC moved to /photos/2026年/03月/HIZ_SAT_20260323-163544.jpg
2026-04-02 17:48:15,497 [INFO] SUCCESS: IMG_0280.HEIC moved to /photos/2025年/09月/HIZ_SAT_20250927-095538.jpg
2026-04-02 17:48:16,336 [INFO] SUCCESS: IMG_2226.HEIC moved to /photos/2026年/02月/HIZ_SAT_20260227-125616.jpg
2026-04-02 17:48:17,021 [INFO] SUCCESS: IMG_1103.HEIC moved to /photos/2025年/08月/HIZ_SAT_20250831-122646.jpg
2026-04-02 17:48:18,251 [INFO] SUCCESS: IMG_0118.HEIC moved to /photos/2025年/08月/HIZ_SAT_20250811-165950.jpg
2026-04-02 17:48:18,853 [INFO] SUCCESS: IMG_1258.HEIC moved to /photos/2025年/09月/HIZ_SAT_20250926-092141.jpg
2026-04-02 17:48:19,534 [INFO] SUCCESS: IMG_1147.HEIC moved to /photos/2025年/09月/HIZ_SAT_20250913-153512.jpg
2026-04-02 17:48:20,333 [INFO] SUCCESS: IMG_1262.HEIC moved to /photos/2025年/09月/HIZ_SAT_20250926-105427.jpg
2026-04-02 17:48:21,518 [INFO] SUCCESS: IMG_0182.HEIC moved to /photos/2025年/08月/HIZ_SAT_20250826-192903.jpg
2026-04-02 17:48:22,172 [INFO] SUCCESS: IMG_2058.HEIC moved to /photos/2026年/02月/HIZ_SAT_20260204-134655.jpg
2026-04-02 17:48:23,103 [INFO] SUCCESS: IMG_1858.HEIC moved to /photos/2025年/12月/HIZ_SAT_20251231-131224.jpg
2026-04-02 17:48:23,880 [INFO] SUCCESS: IMG_2174.HEIC moved to /photos/2026年/02月/HIZ_SAT_20260219-134828.jpg
2026-04-02 17:48:24,896 [INFO] SUCCESS: IMG_0318.HEIC moved to /photos/2025年/09月/HIZ_SAT_20250927-140103.jpg
2026-04-02 17:48:25,654 [INFO] SUCCESS: IMG_2119.HEIC moved to /photos/2026年/02月/HIZ_SAT_20260210-142033.jpg
2026-04-02 17:48:26,417 [INFO] SUCCESS: IMG_0901.HEIC moved to /photos/2025年/07月/HIZ_SAT_20250726-154628.jpg
2026-04-02 17:48:27,573 [INFO] SUCCESS: IMG_0196.HEIC moved to /photos/2025年/08月/HIZ_SAT_20250826-194516.jpg
2026-04-02 17:48:28,248 [INFO] SUCCESS: IMG_1537.HEIC moved to /photos/2025年/10月/HIZ_SAT_20251017-214024.jpg
2026-04-02 17:48:28,969 [INFO] SUCCESS: IMG_0904.HEIC moved to /photos/2025年/07月/HIZ_SAT_20250726-161620.jpg
2026-04-02 17:48:29,619 [INFO] SUCCESS: IMG_2229.HEIC moved to /photos/2026年/02月/HIZ_SAT_20260228-145510.jpg
2026-04-02 17:48:30,333 [INFO] SUCCESS: IMG_1123.HEIC moved to /photos/2025年/09月/HIZ_SAT_20250905-202643.jpg
2026-04-02 17:48:30,457 [INFO] SUCCESS: PXL_20260228_054658601.jpg moved to /photos/2026年/02月/HIZ_RYO_20260228-144658.jpg
2026-04-02 17:48:31,301 [INFO] SUCCESS: IMG_2110.HEIC moved to /photos/2026年/02月/HIZ_SAT_20260209-144955.jpg
2026-04-02 17:48:49,451 [INFO] SUCCESS: IMG_0170.MOV moved to /photos/2025年/08月/HIZ_SAT_20250826-190526.mp4
2026-04-02 17:48:50,601 [INFO] SUCCESS: IMG_0746.HEIC moved to /photos/2025年/04月/HIZ_SAT_20250412-152324.jpg
2026-04-02 17:48:51,480 [INFO] SUCCESS: IMG_0759.HEIC moved to /photos/2025年/04月/HIZ_SAT_20250412-164059.jpg
2026-04-02 17:48:52,717 [INFO] SUCCESS: IMG_0269.HEIC moved to /photos/2025年/09月/HIZ_SAT_20250926-190029.jpg
2026-04-02 17:48:53,472 [INFO] SUCCESS: IMG_0905.HEIC moved to /photos/2025年/07月/HIZ_SAT_20250726-161641.jpg
2026-04-02 17:48:54,215 [INFO] SUCCESS: IMG_1888.HEIC moved to /photos/2026年/01月/HIZ_SAT_20260102-095850.jpg
2026-04-02 17:48:54,986 [INFO] SUCCESS: IMG_2266.HEIC moved to /photos/2026年/03月/HIZ_SAT_20260307-180150.jpg
2026-04-02 17:48:55,656 [INFO] SUCCESS: IMG_0218.HEIC moved to /photos/2025年/08月/HIZ_SAT_20250826-201420.jpg
2026-04-02 17:48:56,320 [INFO] SUCCESS: IMG_0737.HEIC moved to /photos/2025年/04月/HIZ_SAT_20250407-202244.jpg
2026-04-02 17:48:57,039 [INFO] SUCCESS: IMG_2065.HEIC moved to /photos/2026年/02月/HIZ_SAT_20260204-140133.jpg
2026-04-02 17:48:57,912 [INFO] SUCCESS: IMG_0683.HEIC moved to /photos/2025年/03月/HIZ_SAT_20250313-200816.jpg
2026-04-02 17:48:58,648 [INFO] SUCCESS: IMG_1996.HEIC moved to /photos/2026年/01月/HIZ_SAT_20260126-224525.jpg
2026-04-02 17:49:00,345 [INFO] SUCCESS: IMG_0725.HEIC moved to /photos/2025年/04月/HIZ_SAT_20250405-190037.jpg
2026-04-02 17:49:01,035 [INFO] SUCCESS: IMG_0758.HEIC moved to /photos/2025年/04月/HIZ_SAT_20250412-164056.jpg
2026-04-02 17:56:54,509 [INFO] SUCCESS: IMG_2061.MOV moved to /photos/2026年/02月/HIZ_SAT_20260204-135918.mp4
2026-04-02 17:56:55,712 [INFO] SUCCESS: IMG_2192.HEIC moved to /photos/2026年/02月/HIZ_SAT_20260222-113855.jpg
2026-04-02 17:56:56,838 [INFO] SUCCESS: IMG_1277.HEIC moved to /photos/2025年/09月/HIZ_SAT_20250926-131356.jpg
2026-04-02 17:56:56,861 [INFO] SKIP: File already converted. IMG_0221.HEIC
2026-04-02 17:56:57,722 [INFO] SUCCESS: IMG_1912.HEIC moved to /photos/2026年/01月/HIZ_SAT_20260108-084501.jpg
2026-04-02 17:56:58,601 [INFO] SUCCESS: IMG_2068.HEIC moved to /photos/2026年/02月/HIZ_SAT_20260204-150201.jpg
2026-04-02 17:56:59,351 [INFO] SUCCESS: IMG_2126.HEIC moved to /photos/2026年/02月/HIZ_SAT_20260211-163947.jpg
2026-04-02 17:56:59,935 [INFO] SUCCESS: IMG_1265.HEIC moved to /photos/2025年/09月/HIZ_SAT_20250926-111658.jpg
2026-04-02 17:57:00,709 [INFO] SUCCESS: IMG_1146.HEIC moved to /photos/2025年/09月/HIZ_SAT_20250913-152612.jpg
2026-04-02 17:57:00,709 [INFO] SKIP: File already converted. IMG_0275.HEIC
2026-04-02 17:58:33,295 [INFO] SUCCESS: IMG_1772.MOV moved to /photos/2025年/12月/HIZ_SAT_20251214-173916.mp4
2026-04-02 17:58:34,063 [INFO] SUCCESS: IMG_2219.HEIC moved to /photos/2026年/02月/HIZ_SAT_20260225-221531.jpg
2026-04-02 17:58:34,862 [INFO] SUCCESS: IMG_1956.HEIC moved to /photos/2026年/01月/HIZ_SAT_20260117-172426.jpg
2026-04-02 17:58:35,548 [INFO] SUCCESS: IMG_0900.HEIC moved to /photos/2025年/07月/HIZ_SAT_20250726-143854.jpg
2026-04-02 17:58:36,230 [INFO] SUCCESS: IMG_1267.HEIC moved to /photos/2025年/09月/HIZ_SAT_20250926-112123.jpg
2026-04-02 17:58:36,958 [INFO] SUCCESS: IMG_1230.HEIC moved to /photos/2025年/09月/HIZ_SAT_20250923-125436.jpg
2026-04-02 17:58:38,173 [INFO] SUCCESS: IMG_0267.HEIC moved to /photos/2025年/09月/HIZ_SAT_20250926-183058.jpg
2026-04-02 17:58:38,893 [INFO] SUCCESS: IMG_0633.HEIC moved to /photos/2025年/02月/HIZ_SAT_20250220-201845.jpg
2026-04-02 17:58:39,605 [INFO] SUCCESS: IMG_1526.HEIC moved to /photos/2025年/10月/HIZ_SAT_20251012-112239.jpg
2026-04-02 17:58:40,200 [INFO] SUCCESS: IMG_0902.HEIC moved to /photos/2025年/07月/HIZ_SAT_20250726-161040.jpg
2026-04-02 17:58:41,456 [INFO] SUCCESS: IMG_0739.HEIC moved to /photos/2025年/04月/HIZ_SAT_20250412-142347.jpg
2026-04-02 17:58:45,785 [INFO] SUCCESS: IMG_0031.MOV moved to /photos/2025年/08月/HIZ__20250820-124346.mp4
2026-04-02 17:58:46,526 [INFO] SUCCESS: IMG_0738.HEIC moved to /photos/2025年/04月/HIZ_SAT_20250412-120531.jpg
2026-04-02 17:58:59,272 [INFO] SUCCESS: IMG_1838.MOV moved to /photos/2025年/12月/HIZ_SAT_20251226-062501.mp4
2026-04-02 17:59:00,234 [INFO] SUCCESS: IMG_1831.HEIC moved to /photos/2025年/12月/HIZ_SAT_20251224-191417.jpg
2026-04-02 17:59:00,294 [WARNING] SKIP: Destination already exist. /photos/2026年/02月/HIZ_RYO_20260227-170809.jpg
2026-04-02 17:59:01,547 [INFO] SUCCESS: IMG_0308.HEIC moved to /photos/2025年/09月/HIZ_SAT_20250927-113335.jpg
2026-04-02 17:59:02,257 [INFO] SUCCESS: IMG_1833.HEIC moved to /photos/2025年/12月/HIZ_SAT_20251224-221021.jpg
2026-04-02 17:59:03,221 [INFO] SUCCESS: IMG_2344.HEIC moved to /photos/2026年/03月/HIZ_SAT_20260318-114017.jpg
2026-04-02 17:59:03,988 [INFO] SUCCESS: IMG_0641.HEIC moved to /photos/2025年/02月/HIZ_SAT_20250222-184637.jpg
2026-04-02 17:59:04,872 [INFO] SUCCESS: IMG_2330.HEIC moved to /photos/2026年/03月/HIZ_SAT_20260316-191359.jpg
2026-04-02 17:59:46,179 [INFO] SUCCESS: IMG_2302.MOV moved to /photos/2026年/03月/HIZ_SAT_20260311-202936.mp4
2026-04-02 17:59:46,179 [INFO] SKIP: File already converted. IMG_0262.HEIC
2026-04-02 17:59:48,030 [INFO] SUCCESS: IMG_2257.HEIC moved to /photos/2026年/03月/HIZ_SAT_20260307-144249.jpg
2026-04-02 17:59:49,691 [INFO] SUCCESS: IMG_0176.HEIC moved to /photos/2025年/08月/HIZ_SAT_20250826-191343.jpg
2026-04-02 17:59:49,783 [ERROR] Failed to process /raw/IMG_1895.JPG: Exif not found in <bound method Controller.get_file_name of <image.Controller object at 0x7fcdd5b5d810>>.
2026-04-02 17:59:51,593 [INFO] SUCCESS: IMG_0192.HEIC moved to /photos/2025年/08月/HIZ_SAT_20250826-194027.jpg
2026-04-02 17:59:52,453 [INFO] SUCCESS: IMG_1931.HEIC moved to /photos/2026年/01月/HIZ_SAT_20260111-093657.jpg
2026-04-02 17:59:53,426 [INFO] SUCCESS: IMG_1536.HEIC moved to /photos/2025年/10月/HIZ_SAT_20251017-214023.jpg
2026-04-02 17:59:54,380 [INFO] SUCCESS: IMG_1848.HEIC moved to /photos/2025年/12月/HIZ_SAT_20251230-122237.jpg
2026-04-02 17:59:55,545 [INFO] SUCCESS: IMG_1233.HEIC moved to /photos/2025年/09月/HIZ_SAT_20250923-130432.jpg
2026-04-02 17:59:55,660 [ERROR] Failed to process /raw/IMG_1892.JPG: Exif not found in <bound method Controller.get_file_name of <image.Controller object at 0x7fcdd5b5dc90>>.
2026-04-02 17:59:56,740 [INFO] SUCCESS: IMG_0747.HEIC moved to /photos/2025年/04月/HIZ_SAT_20250412-152738.jpg
2026-04-02 17:59:57,754 [INFO] SUCCESS: IMG_1920.HEIC moved to /photos/2026年/01月/HIZ_SAT_20260108-204133.jpg
2026-04-02 17:59:59,245 [INFO] SUCCESS: IMG_2333.HEIC moved to /photos/2026年/03月/HIZ_SAT_20260316-191417.jpg
2026-04-02 18:00:00,460 [INFO] SUCCESS: IMG_1149.HEIC moved to /photos/2025年/09月/HIZ_SAT_20250913-155655.jpg
2026-04-02 18:00:01,774 [INFO] SUCCESS: IMG_1879.HEIC moved to /photos/2026年/01月/HIZ_SAT_20260101-162918.jpg
2026-04-02 18:00:01,807 [INFO] SKIP: File already converted. IMG_0320.HEIC
2026-04-02 18:00:03,179 [INFO] SUCCESS: IMG_0761.HEIC moved to /photos/2025年/04月/HIZ_SAT_20250412-164622.jpg
2026-04-02 18:00:04,325 [INFO] SUCCESS: IMG_1269.HEIC moved to /photos/2025年/09月/HIZ_SAT_20250926-113557.jpg
2026-04-02 18:00:04,408 [INFO] SUCCESS: PXL_20260227_034416683.MP.jpg moved to /photos/2026年/02月/HIZ_RYO_20260227-124416.jpg
2026-04-02 18:00:05,681 [INFO] SUCCESS: IMG_1905.HEIC moved to /photos/2026年/01月/HIZ_SAT_20260104-191219.jpg
2026-04-02 18:00:06,601 [INFO] SUCCESS: IMG_1866.HEIC moved to /photos/2025年/12月/HIZ_SAT_20251231-205702.jpg
2026-04-02 18:00:07,539 [INFO] SUCCESS: IMG_2354.HEIC moved to /photos/2026年/03月/HIZ_SAT_20260320-200150.jpg
2026-04-02 18:00:08,487 [INFO] SUCCESS: IMG_1994.HEIC moved to /photos/2026年/01月/HIZ_SAT_20260126-160631.jpg
2026-04-02 18:00:09,335 [INFO] SUCCESS: IMG_2036.HEIC moved to /photos/2026年/02月/HIZ_SAT_20260201-230023.jpg
2026-04-02 18:00:10,302 [INFO] SUCCESS: IMG_2331.HEIC moved to /photos/2026年/03月/HIZ_SAT_20260316-191401.jpg
2026-04-02 18:00:10,407 [ERROR] Failed to process /raw/IMG_1894.JPG: Exif not found in <bound method Controller.get_file_name of <image.Controller object at 0x7fcdd5b5dc90>>.
2026-04-02 18:00:11,915 [INFO] SUCCESS: IMG_0115.HEIC moved to /photos/2025年/08月/HIZ_SAT_20250811-165623.jpg
2026-04-02 18:00:12,753 [INFO] SUCCESS: IMG_1124.HEIC moved to /photos/2025年/09月/HIZ_SAT_20250907-130539.jpg
2026-04-02 18:00:13,602 [INFO] SUCCESS: IMG_0160.HEIC moved to /photos/2025年/08月/HIZ_SAT_20250826-181147.jpg
2026-04-02 18:00:14,391 [INFO] SUCCESS: IMG_2317.HEIC moved to /photos/2026年/03月/HIZ_SAT_20260314-123810.jpg
2026-04-02 18:00:15,291 [INFO] SUCCESS: IMG_0082.HEIC moved to /photos/2025年/08月/HIZ_SAT_20250811-130547.jpg
2026-04-02 18:00:15,980 [INFO] SUCCESS: IMG_1915.HEIC moved to /photos/2026年/01月/HIZ_SAT_20260108-120833.jpg
2026-04-02 18:00:16,678 [INFO] SUCCESS: IMG_2367.HEIC moved to /photos/2026年/03月/HIZ_SAT_20260324-210413.jpg
2026-04-02 18:00:17,495 [INFO] SUCCESS: IMG_0152.HEIC moved to /photos/2025年/08月/HIZ_SAT_20250826-175708.jpg
2026-04-02 18:04:18,887 [INFO] SUCCESS: IMG_2251.MOV moved to /photos/2026年/03月/HIZ_SAT_20260304-201728.mp4
2026-04-02 18:04:18,887 [INFO] SKIP: File already converted. IMG_1290.HEIC
2026-04-02 18:04:19,832 [INFO] SUCCESS: IMG_1846.HEIC moved to /photos/2025年/12月/HIZ_SAT_20251228-144711.jpg
2026-04-02 18:04:21,326 [INFO] SUCCESS: IMG_0304.HEIC moved to /photos/2025年/09月/HIZ_SAT_20250927-113315.jpg
2026-04-02 18:04:21,977 [INFO] SUCCESS: IMG_1849.HEIC moved to /photos/2025年/12月/HIZ_SAT_20251230-122322.jpg
2026-04-02 18:04:21,977 [INFO] SKIP: File already converted. IMG_0168.HEIC
2026-04-02 18:04:22,790 [INFO] SUCCESS: IMG_0662.HEIC moved to /photos/2025年/02月/HIZ_SAT_20250228-202455.jpg
2026-04-02 18:04:23,592 [INFO] SUCCESS: IMG_0685.HEIC moved to /photos/2025年/03月/HIZ_SAT_20250315-114929.jpg
2026-04-02 18:04:24,423 [INFO] SUCCESS: IMG_0686.HEIC moved to /photos/2025年/03月/HIZ_SAT_20250315-201238.jpg
2026-04-02 18:04:24,587 [INFO] SUCCESS: PXL_20260226_061545441.MP.jpg moved to /photos/2026年/02月/HIZ_RYO_20260226-151545.jpg
2026-04-02 18:04:25,565 [INFO] SUCCESS: IMG_2368.HEIC moved to /photos/2026年/03月/HIZ_SAT_20260324-210418.jpg
2026-04-02 18:04:26,812 [INFO] SUCCESS: IMG_0330.HEIC moved to /photos/2025年/09月/HIZ_SAT_20250927-150219.jpg
2026-04-02 18:04:27,508 [INFO] SUCCESS: IMG_1851.HEIC moved to /photos/2025年/12月/HIZ_SAT_20251230-201242.jpg
2026-04-02 18:04:27,533 [ERROR] Failed to process /raw/IMG_1968.JPG: Exif not found in <bound method Controller.get_file_name of <image.Controller object at 0x7fcdd6d04c50>>.
2026-04-02 18:04:28,505 [INFO] SUCCESS: IMG_2230.HEIC moved to /photos/2026年/03月/HIZ_SAT_20260301-124255.jpg
2026-04-02 18:04:29,269 [INFO] SUCCESS: IMG_1043.HEIC moved to /photos/2025年/08月/HIZ_SAT_20250820-131847.jpg
2026-04-02 18:04:29,981 [INFO] SUCCESS: IMG_0624.HEIC moved to /photos/2025年/02月/HIZ_SAT_20250216-193421.jpg
2026-04-02 18:04:30,615 [INFO] SUCCESS: IMG_1850.HEIC moved to /photos/2025年/12月/HIZ_SAT_20251230-173948.jpg
2026-04-02 18:04:31,398 [INFO] SUCCESS: IMG_0769.HEIC moved to /photos/2025年/04月/HIZ_SAT_20250413-200906.jpg
2026-04-02 18:04:32,046 [INFO] SUCCESS: IMG_0657.HEIC moved to /photos/2025年/02月/HIZ_SAT_20250226-194837.jpg
2026-04-02 18:04:32,047 [INFO] SKIP: File already converted. IMG_0337.HEIC
2026-04-02 18:04:33,043 [INFO] SUCCESS: IMG_0276.HEIC moved to /photos/2025年/09月/HIZ_SAT_20250926-200225.jpg
2026-04-02 18:04:33,726 [INFO] SUCCESS: IMG_1872.HEIC moved to /photos/2025年/12月/HIZ_SAT_20251231-235615.jpg
2026-04-02 18:04:34,363 [INFO] SUCCESS: IMG_0795.HEIC moved to /photos/2025年/05月/HIZ_SAT_20250501-203152.jpg
2026-04-02 18:04:35,065 [INFO] SUCCESS: IMG_2047.HEIC moved to /photos/2026年/02月/HIZ_SAT_20260202-233224.jpg
2026-04-02 18:04:35,867 [INFO] SUCCESS: IMG_1259.HEIC moved to /photos/2025年/09月/HIZ_SAT_20250926-092146.jpg
2026-04-02 18:04:37,257 [INFO] SUCCESS: IMG_0085.HEIC moved to /photos/2025年/08月/HIZ_SAT_20250811-130603.jpg
2026-04-02 18:04:37,347 [WARNING] SKIP: Destination already exist. /photos/2025年/09月/HIZ_RYO_20250926-143133.jpg
2026-04-02 18:04:37,925 [INFO] SUCCESS: IMG_1275.HEIC moved to /photos/2025年/09月/HIZ_SAT_20250926-130527.jpg
2026-04-02 18:04:38,738 [INFO] SUCCESS: IMG_2054.HEIC moved to /photos/2026年/02月/HIZ_SAT_20260203-200035.jpg
2026-04-02 18:04:39,567 [INFO] SUCCESS: IMG_0642.HEIC moved to /photos/2025年/02月/HIZ_SAT_20250222-192054.jpg
2026-04-02 18:04:40,796 [INFO] SUCCESS: IMG_0244.HEIC moved to /photos/2025年/09月/HIZ_SAT_20250926-141129.jpg
2026-04-02 18:04:40,897 [INFO] SUCCESS: PXL_20260301_060634071.jpg moved to /photos/2026年/03月/HIZ_RYO_20260301-150634.jpg
2026-04-02 18:04:41,616 [INFO] SUCCESS: IMG_1790.HEIC moved to /photos/2025年/12月/HIZ_SAT_20251218-171959.jpg
2026-04-02 18:04:42,187 [INFO] SUCCESS: IMG_2117.HEIC moved to /photos/2026年/02月/HIZ_SAT_20260210-122348.jpg
2026-04-02 18:04:42,871 [INFO] SUCCESS: IMG_0707.HEIC moved to /photos/2025年/03月/HIZ_SAT_20250330-205050.jpg
2026-04-02 18:04:43,621 [INFO] SUCCESS: IMG_1832.HEIC moved to /photos/2025年/12月/HIZ_SAT_20251224-191432.jpg
2026-04-02 18:04:44,404 [INFO] SUCCESS: IMG_0757.HEIC moved to /photos/2025年/04月/HIZ_SAT_20250412-160535.jpg
2026-04-02 18:04:44,603 [WARNING] SKIP: Destination already exist. /photos/2025年/09月/HIZ_RYO_20250926-145845.jpg
2026-04-02 18:04:45,299 [INFO] SUCCESS: IMG_1287.HEIC moved to /photos/2025年/09月/HIZ_SAT_20250927-080157.jpg
2026-04-02 18:04:53,840 [INFO] SUCCESS: IMG_0027.MOV moved to /photos/2025年/08月/HIZ__20250820-122724.mp4
2026-04-02 18:04:57,056 [INFO] SUCCESS: IMG_1528.HEIC moved to /photos/2025年/10月/HIZ_SAT_20251013-170347.jpg
2026-04-02 18:05:31,723 [INFO] SUCCESS: IMG_1839.MOV moved to /photos/2025年/12月/HIZ_SAT_20251226-090435.mp4
2026-04-02 18:05:32,464 [INFO] SUCCESS: IMG_2238.HEIC moved to /photos/2026年/03月/HIZ_SAT_20260302-082309.jpg
2026-04-02 18:05:33,344 [INFO] SUCCESS: IMG_0252.HEIC moved to /photos/2025年/09月/HIZ_SAT_20250926-142434.jpg
2026-04-02 18:05:34,182 [INFO] SUCCESS: IMG_2118.HEIC moved to /photos/2026年/02月/HIZ_SAT_20260210-142003.jpg
2026-04-02 18:05:35,431 [INFO] SUCCESS: IMG_0185.HEIC moved to /photos/2025年/08月/HIZ_SAT_20250826-193606.jpg
2026-04-02 18:05:35,431 [INFO] SKIP: File already converted. IMG_0203.HEIC
2026-04-02 18:05:36,078 [INFO] SUCCESS: IMG_2300.HEIC moved to /photos/2026年/03月/HIZ_SAT_20260311-192030.jpg
2026-04-02 18:05:36,708 [INFO] SUCCESS: IMG_1593.HEIC moved to /photos/2025年/11月/HIZ_SAT_20251101-225702.jpg
2026-04-02 18:05:37,369 [INFO] SUCCESS: IMG_0616.HEIC moved to /photos/2025年/02月/HIZ_SAT_20250213-201215.jpg
2026-04-02 18:05:38,182 [INFO] SUCCESS: IMG_1542.HEIC moved to /photos/2025年/10月/HIZ_SAT_20251018-141008.jpg
2026-04-02 18:05:38,942 [INFO] SUCCESS: IMG_2019.HEIC moved to /photos/2026年/01月/HIZ_SAT_20260129-191902.jpg
2026-04-02 18:05:39,522 [INFO] SUCCESS: IMG_2201.HEIC moved to /photos/2026年/02月/HIZ_SAT_20260222-201952.jpg
2026-04-02 18:05:40,254 [INFO] SUCCESS: IMG_0640.HEIC moved to /photos/2025年/02月/HIZ_SAT_20250222-182343.jpg
2026-04-02 18:05:41,297 [INFO] SUCCESS: IMG_0750.HEIC moved to /photos/2025年/04月/HIZ_SAT_20250412-152936.jpg
2026-04-02 18:05:42,178 [INFO] SUCCESS: IMG_1238.HEIC moved to /photos/2025年/09月/HIZ_SAT_20250923-135703.jpg
2026-04-02 18:05:42,801 [INFO] SUCCESS: IMG_1928.HEIC moved to /photos/2026年/01月/HIZ_SAT_20260111-092719.jpg
2026-04-02 18:05:43,530 [INFO] SUCCESS: IMG_2294.HEIC moved to /photos/2026年/03月/HIZ_SAT_20260311-135643.jpg
2026-04-02 18:05:44,694 [INFO] SUCCESS: IMG_0193.HEIC moved to /photos/2025年/08月/HIZ_SAT_20250826-194050.jpg
2026-04-02 18:05:44,802 [WARNING] SKIP: Destination already exist. /photos/2025年/09月/HIZ_RYO_20250927-112936.jpg
2026-04-02 18:05:45,794 [INFO] SUCCESS: IMG_0116.HEIC moved to /photos/2025年/08月/HIZ_SAT_20250811-165647.jpg
2026-04-02 18:05:46,839 [INFO] SUCCESS: IMG_0096.HEIC moved to /photos/2025年/08月/HIZ_SAT_20250811-164941.jpg
2026-04-02 18:05:47,586 [INFO] SUCCESS: IMG_0656.HEIC moved to /photos/2025年/02月/HIZ_SAT_20250226-194827.jpg
2026-04-02 18:05:48,269 [INFO] SUCCESS: IMG_0924.HEIC moved to /photos/2025年/08月/HIZ_SAT_20250802-203230.jpg
2026-04-02 18:05:49,262 [INFO] SUCCESS: IMG_0332.HEIC moved to /photos/2025年/09月/HIZ_SAT_20250927-150408.jpg
2026-04-02 18:05:50,135 [INFO] SUCCESS: IMG_0721.HEIC moved to /photos/2025年/04月/HIZ_SAT_20250405-174106.jpg
2026-04-02 18:05:50,932 [INFO] SUCCESS: IMG_2227.HEIC moved to /photos/2026年/02月/HIZ_SAT_20260227-125627.jpg
2026-04-02 18:05:51,630 [INFO] SUCCESS: IMG_2334.HEIC moved to /photos/2026年/03月/HIZ_SAT_20260316-191418.jpg
2026-04-02 18:05:52,127 [INFO] SUCCESS: PXL_20260227_061628645.jpg moved to /photos/2026年/02月/HIZ_RYO_20260227-151628.jpg
2026-04-02 18:07:36,715 [INFO] SUCCESS: IMG_2133.MOV moved to /photos/2026年/02月/HIZ_SAT_20260211-164529.mp4
2026-04-02 18:07:38,016 [INFO] SUCCESS: IMG_0123.HEIC moved to /photos/2025年/08月/HIZ_SAT_20250811-170215.jpg
2026-04-02 18:07:38,642 [INFO] SUCCESS: IMG_2030.HEIC moved to /photos/2026年/02月/HIZ_SAT_20260201-104648.jpg
2026-04-02 18:07:39,525 [INFO] SUCCESS: IMG_2195.HEIC moved to /photos/2026年/02月/HIZ_SAT_20260222-125015.jpg
2026-04-02 18:07:40,138 [INFO] SUCCESS: IMG_1817.HEIC moved to /photos/2025年/12月/HIZ_SAT_20251221-173448.jpg
2026-04-02 18:07:41,423 [INFO] SUCCESS: IMG_0762.HEIC moved to /photos/2025年/04月/HIZ_SAT_20250412-165506.jpg
2026-04-02 18:07:42,365 [INFO] SUCCESS: IMG_2040.HEIC moved to /photos/2026年/02月/HIZ_SAT_20260202-144414.jpg
2026-04-02 18:07:43,366 [INFO] SUCCESS: IMG_0190.HEIC moved to /photos/2025年/08月/HIZ_SAT_20250826-193830.jpg
2026-04-02 18:07:44,102 [INFO] SUCCESS: IMG_2029.HEIC moved to /photos/2026年/02月/HIZ_SAT_20260201-104643.jpg
2026-04-02 18:07:45,514 [INFO] SUCCESS: IMG_0300.HEIC moved to /photos/2025年/09月/HIZ_SAT_20250927-113203.jpg
2026-04-02 18:07:46,199 [INFO] SUCCESS: IMG_0726.HEIC moved to /photos/2025年/04月/HIZ_SAT_20250405-190959.jpg
2026-04-02 18:07:47,079 [INFO] SUCCESS: IMG_0178.HEIC moved to /photos/2025年/08月/HIZ_SAT_20250826-191836.jpg
2026-04-02 18:07:47,752 [INFO] SUCCESS: IMG_1870.HEIC moved to /photos/2025年/12月/HIZ_SAT_20251231-224933.jpg
2026-04-02 18:07:48,622 [INFO] SUCCESS: IMG_0730.HEIC moved to /photos/2025年/04月/HIZ_SAT_20250405-200826.jpg
2026-04-02 18:07:48,835 [INFO] SUCCESS: PXL_20260226_061508323.jpg moved to /photos/2026年/02月/HIZ_RYO_20260226-151508.jpg
2026-04-02 18:07:49,443 [INFO] SUCCESS: IMG_2129.HEIC moved to /photos/2026年/02月/HIZ_SAT_20260211-164439.jpg
2026-04-02 18:07:50,318 [INFO] SUCCESS: IMG_2259.HEIC moved to /photos/2026年/03月/HIZ_SAT_20260307-150124.jpg
2026-04-02 18:07:51,070 [INFO] SUCCESS: IMG_2046.HEIC moved to /photos/2026年/02月/HIZ_SAT_20260202-210202.jpg
2026-04-02 18:07:51,798 [INFO] SUCCESS: IMG_1012.HEIC moved to /photos/2025年/08月/HIZ_SAT_20250817-150409.jpg
2026-04-02 18:07:52,554 [INFO] SUCCESS: IMG_2021.HEIC moved to /photos/2026年/01月/HIZ_SAT_20260129-204301.jpg
2026-04-02 18:07:53,272 [INFO] SUCCESS: IMG_2269.HEIC moved to /photos/2026年/03月/HIZ_SAT_20260308-130018.jpg
2026-04-02 18:07:54,269 [INFO] SUCCESS: IMG_2249.HEIC moved to /photos/2026年/03月/HIZ_SAT_20260304-085047.jpg
2026-04-02 18:07:54,289 [INFO] SKIP: File already converted. IMG_0263.HEIC
2026-04-02 18:07:54,906 [INFO] SUCCESS: IMG_2010.HEIC moved to /photos/2026年/01月/HIZ_SAT_20260128-125002.jpg
2026-04-02 18:07:55,537 [INFO] SUCCESS: IMG_1280.HEIC moved to /photos/2025年/09月/HIZ_SAT_20250926-140040.jpg
2026-04-02 18:07:56,568 [INFO] SUCCESS: IMG_0342.HEIC moved to /photos/2025年/09月/HIZ_SAT_20250927-175815.jpg
2026-04-02 18:07:57,399 [INFO] SUCCESS: IMG_2198.HEIC moved to /photos/2026年/02月/HIZ_SAT_20260222-183932.jpg
2026-04-02 18:07:57,417 [ERROR] Failed to process /raw/IMG_1050.JPG: Exif not found in <bound method Controller.get_file_name of <image.Controller object at 0x7fcdd5612a90>>.
2026-04-02 18:07:58,192 [INFO] SUCCESS: IMG_1789.HEIC moved to /photos/2025年/12月/HIZ_SAT_20251218-170804.jpg
2026-04-02 18:07:59,260 [INFO] SUCCESS: IMG_0294.HEIC moved to /photos/2025年/09月/HIZ_SAT_20250927-110004.jpg
2026-04-02 18:08:00,051 [INFO] SUCCESS: IMG_1999.HEIC moved to /photos/2026年/01月/HIZ_SAT_20260127-191006.jpg
2026-04-02 18:08:00,187 [ERROR] Failed to process /raw/IMG_1898.JPG: Exif not found in <bound method Controller.get_file_name of <image.Controller object at 0x7fcdd56f5810>>.
2026-04-02 18:08:00,905 [INFO] SUCCESS: IMG_1151.HEIC moved to /photos/2025年/09月/HIZ_SAT_20250913-164014.jpg
2026-04-02 18:08:01,624 [INFO] SUCCESS: IMG_1909.HEIC moved to /photos/2026年/01月/HIZ_SAT_20260107-205933.jpg
2026-04-02 18:08:03,649 [INFO] SUCCESS: IMG_0184.HEIC moved to /photos/2025年/08月/HIZ_SAT_20250826-193549.jpg
2026-04-02 18:08:04,272 [INFO] SUCCESS: IMG_2130.HEIC moved to /photos/2026年/02月/HIZ_SAT_20260211-164454.jpg
2026-04-02 18:08:04,298 [ERROR] Failed to process /raw/6C0EB57C-0D15-4134-A6DF-8A0269C0E61B.JPEG: Exif not found in <bound method Controller.get_file_name of <image.Controller object at 0x7fcdd56f5810>>.
2026-04-02 18:08:59,669 [INFO] SUCCESS: IMG_2348.MOV moved to /photos/2026年/03月/HIZ_SAT_20260319-124041.mp4
2026-04-02 18:09:01,523 [INFO] SUCCESS: IMG_2234.HEIC moved to /photos/2026年/03月/HIZ_SAT_20260301-150759.jpg
2026-04-02 18:10:33,979 [INFO] SUCCESS: IMG_2043.MOV moved to /photos/2026年/02月/HIZ_SAT_20260202-160433.mp4
2026-04-02 18:10:34,771 [INFO] SUCCESS: IMG_1749.HEIC moved to /photos/2025年/12月/HIZ_SAT_20251208-205007.jpg
2026-04-02 18:10:34,852 [INFO] SUCCESS: PXL_20260227_080725768.MP.jpg moved to /photos/2026年/02月/HIZ_RYO_20260227-170725.jpg
2026-04-02 18:10:35,843 [INFO] SUCCESS: IMG_0151.HEIC moved to /photos/2025年/08月/HIZ_SAT_20250826-175104.jpg
2026-04-02 18:10:36,479 [INFO] SUCCESS: IMG_2134.HEIC moved to /photos/2026年/02月/HIZ_SAT_20260211-201259.jpg
2026-04-02 18:10:37,172 [INFO] SUCCESS: IMG_1273.HEIC moved to /photos/2025年/09月/HIZ_SAT_20250926-130448.jpg
2026-04-02 18:10:37,265 [INFO] SUCCESS: PXL_20260308_011215385.jpg moved to /photos/2026年/03月/HIZ_RYO_20260308-101215.jpg
2026-04-02 18:10:38,000 [INFO] SUCCESS: IMG_1260.HEIC moved to /photos/2025年/09月/HIZ_SAT_20250926-094252.jpg
2026-04-02 18:10:38,662 [INFO] SUCCESS: IMG_2326.HEIC moved to /photos/2026年/03月/HIZ_SAT_20260316-181144.jpg
2026-04-02 18:10:39,755 [INFO] SUCCESS: IMG_0283.HEIC moved to /photos/2025年/09月/HIZ_SAT_20250927-100008.jpg
2026-04-02 18:10:40,323 [INFO] SUCCESS: IMG_1250.HEIC moved to /photos/2025年/09月/HIZ_SAT_20250926-073139.jpg
2026-04-02 18:10:41,194 [INFO] SUCCESS: IMG_0666.HEIC moved to /photos/2025年/03月/HIZ_SAT_20250302-154112.jpg
2026-04-02 18:10:42,083 [INFO] SUCCESS: IMG_0226.HEIC moved to /photos/2025年/08月/HIZ_SAT_20250826-202357.jpg
2026-04-02 18:10:43,186 [INFO] SUCCESS: IMG_0086.HEIC moved to /photos/2025年/08月/HIZ_SAT_20250811-164244.jpg
2026-04-02 18:10:43,261 [WARNING] SKIP: Destination already exist. /photos/2025年/09月/HIZ_RYO_20250926-145712.jpg
2026-04-02 18:10:44,520 [INFO] SUCCESS: IMG_0174.HEIC moved to /photos/2025年/08月/HIZ_SAT_20250826-191008.jpg
2026-04-02 18:10:45,670 [INFO] SUCCESS: IMG_0195.HEIC moved to /photos/2025年/08月/HIZ_SAT_20250826-194443.jpg
2026-04-02 18:10:46,735 [INFO] SUCCESS: IMG_0292.HEIC moved to /photos/2025年/09月/HIZ_SAT_20250927-104438.jpg
2026-04-02 18:10:47,502 [INFO] SUCCESS: IMG_1924.HEIC moved to /photos/2026年/01月/HIZ_SAT_20260109-204653.jpg
2026-04-02 18:10:48,142 [INFO] SUCCESS: IMG_1125.HEIC moved to /photos/2025年/09月/HIZ_SAT_20250907-130541.jpg
2026-04-02 18:10:48,730 [INFO] SUCCESS: IMG_2293.HEIC moved to /photos/2026年/03月/HIZ_SAT_20260311-133537.jpg
2026-04-02 18:10:49,470 [INFO] SUCCESS: IMG_0824.HEIC moved to /photos/2025年/06月/HIZ_SAT_20250614-191544.jpg
2026-04-02 18:10:50,200 [INFO] SUCCESS: IMG_1933.HEIC moved to /photos/2026年/01月/HIZ_SAT_20260111-225600.jpg
2026-04-02 18:10:51,102 [INFO] SUCCESS: IMG_0706.HEIC moved to /photos/2025年/03月/HIZ_SAT_20250330-134932.jpg
2026-04-02 18:10:52,148 [INFO] SUCCESS: IMG_0156.HEIC moved to /photos/2025年/08月/HIZ_SAT_20250826-180744.jpg
2026-04-02 18:10:52,833 [INFO] SUCCESS: IMG_2148.HEIC moved to /photos/2026年/02月/HIZ_SAT_20260214-211853.jpg
2026-04-02 18:10:53,707 [INFO] SUCCESS: IMG_1970.HEIC moved to /photos/2026年/01月/HIZ_SAT_20260121-161648.jpg
2026-04-02 18:10:54,441 [INFO] SUCCESS: IMG_1989.HEIC moved to /photos/2026年/01月/HIZ_SAT_20260125-213937.jpg
2026-04-02 18:10:55,194 [INFO] SUCCESS: IMG_1852.HEIC moved to /photos/2025年/12月/HIZ_SAT_20251230-201301.jpg
2026-04-02 18:10:55,979 [INFO] SUCCESS: IMG_0768.HEIC moved to /photos/2025年/04月/HIZ_SAT_20250413-155026.jpg
2026-04-02 18:10:56,770 [INFO] SUCCESS: IMG_1689.HEIC moved to /photos/2025年/11月/HIZ_SAT_20251123-134037.jpg
2026-04-02 18:10:57,576 [INFO] SUCCESS: IMG_0796.HEIC moved to /photos/2025年/05月/HIZ_SAT_20250503-172632.jpg
2026-04-02 18:10:58,592 [INFO] SUCCESS: IMG_0113.HEIC moved to /photos/2025年/08月/HIZ_SAT_20250811-165607.jpg
2026-04-02 18:10:59,365 [INFO] SUCCESS: IMG_2005.HEIC moved to /photos/2026年/01月/HIZ_SAT_20260128-113108.jpg
2026-04-02 18:11:00,012 [INFO] SUCCESS: IMG_1874.HEIC moved to /photos/2026年/01月/HIZ_SAT_20260101-000347.jpg
2026-04-02 18:11:45,447 [INFO] SUCCESS: IMG_1995.MOV moved to /photos/2026年/01月/HIZ_SAT_20260126-160758.mp4
2026-04-02 18:11:47,470 [INFO] SUCCESS: IMG_0281.HEIC moved to /photos/2025年/09月/HIZ_SAT_20250927-095548.jpg
2026-04-02 18:11:48,483 [INFO] SUCCESS: IMG_2128.HEIC moved to /photos/2026年/02月/HIZ_SAT_20260211-163952.jpg
2026-04-02 18:11:49,538 [INFO] SUCCESS: IMG_2132.HEIC moved to /photos/2026年/02月/HIZ_SAT_20260211-164524.jpg
2026-04-02 18:11:49,538 [INFO] SKIP: File already converted. IMG_0234.HEIC
2026-04-02 18:11:50,750 [INFO] SUCCESS: IMG_2131.HEIC moved to /photos/2026年/02月/HIZ_SAT_20260211-164513.jpg
2026-04-02 18:11:50,980 [INFO] SUCCESS: PXL_20260227_034350047.MP.jpg moved to /photos/2026年/02月/HIZ_RYO_20260227-124350.jpg
2026-04-02 18:18:36,022 [INFO] SUCCESS: IMG_2252.MOV moved to /photos/2026年/03月/HIZ_SAT_20260304-201755.mp4
2026-04-02 18:18:36,895 [INFO] SUCCESS: IMG_1864.HEIC moved to /photos/2025年/12月/HIZ_SAT_20251231-181906.jpg
2026-04-02 18:18:36,896 [INFO] SKIP: File already converted. IMG_0143.HEIC
2026-04-02 18:18:37,740 [INFO] SUCCESS: IMG_2258.HEIC moved to /photos/2026年/03月/HIZ_SAT_20260307-150121.jpg
2026-04-02 18:18:38,654 [INFO] SUCCESS: IMG_2220.HEIC moved to /photos/2026年/02月/HIZ_SAT_20260225-221534.jpg
2026-04-02 18:18:39,490 [INFO] SUCCESS: IMG_1927.HEIC moved to /photos/2026年/01月/HIZ_SAT_20260110-230404.jpg
2026-04-02 18:18:40,303 [INFO] SUCCESS: IMG_1834.HEIC moved to /photos/2025年/12月/HIZ_SAT_20251224-221034.jpg
2026-04-02 18:18:40,380 [ERROR] Failed to process /raw/1DDB074D-9A12-4381-999A-EE50AD6B98C6.JPEG: Exif not found in <bound method Controller.get_file_name of <image.Controller object at 0x7fcdd56f58d0>>.
2026-04-02 18:18:41,560 [INFO] SUCCESS: IMG_2056.HEIC moved to /photos/2026年/02月/HIZ_SAT_20260204-120526.jpg
2026-04-02 18:18:41,604 [WARNING] SKIP: Destination already exist. /photos/2025年/09月/HIZ_RYO_20250927-114059.jpg
2026-04-02 18:18:42,369 [INFO] SUCCESS: IMG_1865.HEIC moved to /photos/2025年/12月/HIZ_SAT_20251231-181921.jpg
2026-04-02 18:18:43,430 [INFO] SUCCESS: IMG_0286.HEIC moved to /photos/2025年/09月/HIZ_SAT_20250927-100022.jpg
2026-04-02 18:18:43,451 [ERROR] Failed to process /raw/07363B24-FE56-4231-9F61-94359B3EF6DD.JPEG: Exif not found in <bound method Controller.get_file_name of <image.Controller object at 0x7fcdd56f58d0>>.
2026-04-02 18:18:44,200 [INFO] SUCCESS: IMG_0727.HEIC moved to /photos/2025年/04月/HIZ_SAT_20250405-193015.jpg
2026-04-02 18:18:45,236 [INFO] SUCCESS: IMG_0285.HEIC moved to /photos/2025年/09月/HIZ_SAT_20250927-100015.jpg
2026-04-02 18:18:58,520 [INFO] SUCCESS: IMG_2337.MOV moved to /photos/2026年/03月/HIZ_SAT_20260316-193200.mp4
2026-04-02 18:19:26,924 [INFO] SUCCESS: IMG_2081.MOV moved to /photos/2026年/02月/HIZ_SAT_20260206-090145.mp4
2026-04-02 18:19:28,391 [INFO] SUCCESS: IMG_1812.HEIC moved to /photos/2025年/12月/HIZ_SAT_20251220-201734.jpg
2026-04-02 18:19:29,335 [INFO] SUCCESS: IMG_1662.HEIC moved to /photos/2025年/11月/HIZ_SAT_20251115-155151.jpg
2026-04-02 18:19:30,522 [INFO] SUCCESS: IMG_0271.HEIC moved to /photos/2025年/09月/HIZ_SAT_20250926-190111.jpg
2026-04-02 18:19:31,181 [INFO] SUCCESS: IMG_1513.HEIC moved to /photos/2025年/10月/HIZ_SAT_20251004-184940.jpg
2026-04-02 18:19:32,059 [INFO] SUCCESS: IMG_1237.HEIC moved to /photos/2025年/09月/HIZ_SAT_20250923-135352.jpg
2026-04-02 18:19:32,899 [INFO] SUCCESS: IMG_2350.HEIC moved to /photos/2026年/03月/HIZ_SAT_20260320-133414.jpg
2026-04-02 18:19:33,631 [INFO] SUCCESS: IMG_0700.HEIC moved to /photos/2025年/03月/HIZ_SAT_20250322-192659.jpg
2026-04-02 18:19:34,642 [INFO] SUCCESS: PXL_20260307_043148925.LS.mp4 moved to /photos/2026年/03月/HIZ_RYO_20260307-133148.mp4
2026-04-02 18:19:35,599 [INFO] SUCCESS: IMG_1553.HEIC moved to /photos/2025年/10月/HIZ_SAT_20251021-211426.jpg
2026-04-02 18:19:49,713 [INFO] SUCCESS: IMG_1918.MOV moved to /photos/2026年/01月/HIZ_SAT_20260108-142254.mp4
2026-04-02 18:19:50,545 [INFO] SUCCESS: IMG_1768.HEIC moved to /photos/2025年/12月/HIZ_SAT_20251212-232121.jpg
2026-04-02 18:21:16,310 [INFO] SUCCESS: IMG_1932.MOV moved to /photos/2026年/01月/HIZ_SAT_20260111-133842.mp4
2026-04-02 18:21:17,425 [INFO] SUCCESS: IMG_0729.HEIC moved to /photos/2025年/04月/HIZ_SAT_20250405-200819.jpg
2026-04-02 18:21:18,130 [INFO] SUCCESS: IMG_2041.HEIC moved to /photos/2026年/02月/HIZ_SAT_20260202-144415.jpg
2026-04-02 18:21:19,480 [INFO] SUCCESS: IMG_0254.HEIC moved to /photos/2025年/09月/HIZ_SAT_20250926-142707.jpg
2026-04-02 18:21:20,399 [WARNING] SKIP: Destination already exist. /photos/2025年/09月/HIZ_SAT_20250927-113315.jpg
2026-04-02 18:21:20,453 [ERROR] Failed to process /raw/IMG_1893.JPG: Exif not found in <bound method Controller.get_file_name of <image.Controller object at 0x7fcdd56f58d0>>.
2026-04-02 18:21:21,117 [INFO] SUCCESS: PXL_20260301_063506413.LS.mp4 moved to /photos/2026年/03月/HIZ_RYO_20260301-153506.mp4
2026-04-02 18:21:22,048 [INFO] SUCCESS: IMG_0765.HEIC moved to /photos/2025年/04月/HIZ_SAT_20250412-171706.jpg
2026-04-02 18:21:22,776 [INFO] SUCCESS: IMG_2306.HEIC moved to /photos/2026年/03月/HIZ_SAT_20260312-220423.jpg
2026-04-02 18:21:23,334 [INFO] SUCCESS: IMG_2025.HEIC moved to /photos/2026年/01月/HIZ_SAT_20260131-195628.jpg
2026-04-02 18:21:24,429 [INFO] SUCCESS: IMG_2161.HEIC moved to /photos/2026年/02月/HIZ_SAT_20260217-170007.jpg
2026-04-02 18:21:25,048 [INFO] SUCCESS: IMG_1811.HEIC moved to /photos/2025年/12月/HIZ_SAT_20251220-201722.jpg
2026-04-02 18:21:25,630 [INFO] SUCCESS: IMG_2027.HEIC moved to /photos/2026年/02月/HIZ_SAT_20260201-091813.jpg
2026-04-02 18:21:26,743 [INFO] SUCCESS: IMG_0740.HEIC moved to /photos/2025年/04月/HIZ_SAT_20250412-143319.jpg
2026-04-02 18:21:27,434 [INFO] SUCCESS: IMG_1862.HEIC moved to /photos/2025年/12月/HIZ_SAT_20251231-181851.jpg
